#
# A fatal error has been detected by the Java Runtime Environment:
#
#  SIGSEGV (0xb) at pc=0x000000011e72c3fd, pid=1649, tid=1811
#
# JRE version: Java(TM) SE Runtime Environment (8.0_25-b17) (build 1.8.0_25-b17)
# Java VM: Java HotSpot(TM) 64-Bit Server VM (25.25-b02 mixed mode bsd-amd64 compressed oops)
# Problematic frame:
# C  [libglass.dylib+0x163fd]  GlassScreenDidChangeScreenParameters+0x9d
#
# Failed to write core dump. Core dumps have been disabled. To enable core dumping, try "ulimit -c unlimited" before starting Java again
#
# If you would like to submit a bug report, please visit:
#   http://bugreport.sun.com/bugreport/crash.jsp
#

---------------  T H R E A D  ---------------

Current thread is native thread

siginfo: si_signo: 11 (SIGSEGV), si_code: 1 (SEGV_MAPERR), si_addr: 0x0000000000000000

Registers:
RAX=0x000000011e75ee40, RBX=0x0000000000000000, RCX=0x2200a440ab09e990, RDX=0x00007f9579d446b0
RSP=0x00007fff5b756530, RBP=0x00007fff5b756540, RSI=0x00007f9579e03f90, RDI=0x0000000000000000
R8 =0x00007fff5b7563e0, R9 =0x00007fff7ee5b300, R10=0x0000000000000000, R11=0x0000000000000246
R12=0x00007f9579d226f0, R13=0x00000000000f4268, R14=0x00007f9579e60db0, R15=0x00007fff5b756680
RIP=0x000000011e72c3fd, EFLAGS=0x0000000000010202, ERR=0x0000000000000004
  TRAPNO=0x000000000000000e

Top of Stack: (sp=0x00007fff5b756530)
0x00007fff5b756530:   00007fff5b756710 00007f9579e60db0
0x00007fff5b756540:   00007fff5b756550 00007fff96f24cdc
0x00007fff5b756550:   00007fff5b7568b0 00007fff96e16244
0x00007fff5b756560:   00007fff5b7565b0 0000000000000a00
0x00007fff5b756570:   00007fff7e88bcf0 00007f957f39e610
0x00007fff5b756580:   0000000000001001 0000000000000900
0x00007fff5b756590:   00007f957f39e610 00007f9579e60db0
0x00007fff5b7565a0:   0000000000000000 00007fff5b756680
0x00007fff5b7565b0:   0000000000000000 00007f9579e60d70
0x00007fff5b7565c0:   00007fff5b756700 0000000000000060
0x00007fff5b7565d0:   00000000000f4324 00007f957c369770
0x00007fff5b7565e0:   00007f9579e406c0 00007f9579d226f0
0x00007fff5b7565f0:   0000000000000001 00000000000f4268
0x00007fff5b756600:   00007f9579d226e0 00007fff98d0dacb
0x00007fff5b756610:   0000000000000001 0000000000000001
0x00007fff5b756620:   0000000000000030 0000000000000001
0x00007fff5b756630:   00007fff5b756650 00007fff98d13231
0x00007fff5b756640:   00007fff7e889dd0 0000000000000000
0x00007fff5b756650:   00007fff5b756670 000000000000001c
0x00007fff5b756660:   00026e037a09ec00 00007f9579d22714
0x00007fff5b756670:   0000000000000000 00007fff96e0bd1f
0x00007fff5b756680:   00007f9579e60db0 00007fff7e889dd0
0x00007fff5b756690:   00007fff5b756710 00007fff96e1484f
0x00007fff5b7566a0:   ffffffffffffffff 00007f9579c46c10
0x00007fff5b7566b0:   00000001044c3a00 0000000000000002
0x00007fff5b7566c0:   00000001044c0000 00007f957c378332
0x00007fff5b7566d0:   0000000000000003 00000001044c4400
0x00007fff5b7566e0:   00007fff5b7567d0 00007fff98d0c2a2
0x00007fff5b7566f0:   00007f9579e40340 00007fff5b7568b8
0x00007fff5b756700:   0000000000000017 0000000000000000
0x00007fff5b756710:   00000000000f4268 00007fff96e0c013
0x00007fff5b756720:   00007fff00000000 00007f9579c50b60 

Instructions: (pc=0x000000011e72c3fd)
0x000000011e72c3dd:   89 df 4c 89 f1 41 ff 90 68 04 00 00 48 8d 05 58
0x000000011e72c3ed:   29 03 00 48 8b 30 48 8d 05 46 2a 03 00 48 8b 10
0x000000011e72c3fd:   48 8b 0b 30 c0 48 89 df ff 91 68 04 00 00 48 8b
0x000000011e72c40d:   03 48 89 df ff 50 78 48 85 c0 74 36 49 89 c6 48 

Register to memory mapping:

RAX=0x000000011e75ee40: jScreenNotifySettingsChanged+0 in /Library/Java/JavaVirtualMachines/jdk1.8.0_25.jdk/Contents/Home/jre/lib/libglass.dylib at 0x000000011e716000
RBX=0x0000000000000000 is an unknown value
RCX=0x2200a440ab09e990 is an unknown value
RDX=0x00007f9579d446b0 is an unknown value
RSP=0x00007fff5b756530 is an unknown value
RBP=0x00007fff5b756540 is an unknown value
RSI=0x00007f9579e03f90 is a global jni handle
RDI=0x0000000000000000 is an unknown value
R8 =0x00007fff5b7563e0 is an unknown value
R9 =0x00007fff7ee5b300: _thread+0 in /usr/lib/system/libsystem_pthread.dylib at 0x00007fff99173000
R10=0x0000000000000000 is an unknown value
R11=0x0000000000000246 is an unknown value
R12=0x00007f9579d226f0 is an unknown value
R13=0x00000000000f4268 is an unknown value
R14=0x00007f9579e60db0 is an unknown value
R15=0x00007fff5b756680 is an unknown value


Stack: [0x00007fff5af5a000,0x00007fff5b75a000],  sp=0x00007fff5b756530,  free space=8177k
Native frames: (J=compiled Java code, j=interpreted, Vv=VM code, C=native code)
C  [libglass.dylib+0x163fd]  GlassScreenDidChangeScreenParameters+0x9d
C  [CoreFoundation+0x11ecdc]  __CFNOTIFICATIONCENTER_IS_CALLING_OUT_TO_AN_OBSERVER__+0xc
C  [CoreFoundation+0x10244]  _CFXNotificationPost+0xc44
C  [Foundation+0x2c31]  -[NSNotificationCenter postNotificationName:object:userInfo:]+0x42
C  [AppKit+0x36305e]  -[NSApplication _reactToScreenInvalidationImmediately:]+0x17b
C  [AppKit+0x362e9d]  __44-[NSApplication _reactToScreenInvalidation:]_block_invoke+0x4b
C  [CoreFoundation+0x8056c]  __CFRUNLOOP_IS_CALLING_OUT_TO_A_BLOCK__+0xc
C  [CoreFoundation+0x72675]  __CFRunLoopDoBlocks+0x155
C  [CoreFoundation+0x721b6]  __CFRunLoopRun+0x716
C  [CoreFoundation+0x71858]  CFRunLoopRunSpecific+0x128
C  [java+0x56cc]  CreateExecutionEnvironment+0x367
C  [java+0x165c]  JLI_Launch+0x7a0
C  [java+0x768a]  main+0x65
C  [java+0xeb4]  start+0x34


---------------  P R O C E S S  ---------------

VM state:at safepoint (normal execution)

VM Mutex/Monitor currently owned by a thread:  ([mutex/lock_event])
[0x00007f9579e01ba0] Threads_lock - owner thread: 0x00007f957a01f800
[0x00007f9579e020a0] Heap_lock - owner thread: 0x00007f957b002000

Heap:
 PSYoungGen      total 38400K, used 18531K [0x0000000795580000, 0x0000000798000000, 0x00000007c0000000)
  eden space 33280K, 55% used [0x0000000795580000,0x0000000796798d50,0x0000000797600000)
  from space 5120K, 0% used [0x0000000797b00000,0x0000000797b00000,0x0000000798000000)
  to   space 5120K, 0% used [0x0000000797600000,0x0000000797600000,0x0000000797b00000)
 ParOldGen       total 66048K, used 8006K [0x0000000740000000, 0x0000000744080000, 0x0000000795580000)
  object space 66048K, 12% used [0x0000000740000000,0x00000007407d1918,0x0000000744080000)
 Metaspace       used 23733K, capacity 24838K, committed 25088K, reserved 1071104K
  class space    used 3295K, capacity 3528K, committed 3584K, reserved 1048576K

Card table byte_map: [0x00000001151f4000,0x00000001155f5000] byte_map_base: 0x00000001117f4000

Marking Bits: (ParMarkBitMap*) 0x0000000104e41390
 Begin Bits: [0x0000000115cac000, 0x0000000117cac000)
 End Bits:   [0x0000000117cac000, 0x0000000119cac000)

Polling page: 0x00000001055e8000

CodeCache: size=245760Kb used=7865Kb max_used=7876Kb free=237894Kb
 bounds [0x0000000105e34000, 0x00000001065f4000, 0x0000000114e34000]
 total_blobs=3316 nmethods=2546 adapters=683
 compilation: enabled

Compilation events (10 events):
Event: 205.898 Thread 0x00007f957b839800 2543       3       java.util.concurrent.locks.AbstractQueuedSynchronizer$Node::<init> (15 bytes)
Event: 205.898 Thread 0x00007f957b839800 nmethod 2543 0x00000001065e2c50 code [0x00000001065e2dc0, 0x00000001065e2f90]
Event: 205.903 Thread 0x00007f957b839800 2544       3       java.util.concurrent.locks.AbstractQueuedSynchronizer$ConditionObject::checkInterruptWhileWaiting (27 bytes)
Event: 205.903 Thread 0x00007f957b839800 nmethod 2544 0x00000001065df190 code [0x00000001065df360, 0x00000001065df9b8]
Event: 205.903 Thread 0x00007f957b839800 2545       3       java.lang.Class::newReflectionData (74 bytes)
Event: 205.904 Thread 0x00007f957b839800 nmethod 2545 0x00000001065e4f50 code [0x00000001065e5140, 0x00000001065e5b10]
Event: 205.904 Thread 0x00007f957b839800 2546       3       java.lang.Class$ReflectionData::<init> (10 bytes)
Event: 205.904 Thread 0x00007f957b839800 nmethod 2546 0x00000001065dedd0 code [0x00000001065def40, 0x00000001065df0f0]
Event: 205.991 Thread 0x00007f957b837000 2547       4       java.util.Arrays::copyOf (13 bytes)
Event: 205.993 Thread 0x00007f957b837000 nmethod 2547 0x00000001065dea10 code [0x00000001065deb60, 0x00000001065decf8]

GC Heap History (6 events):
Event: 1.725 GC heap before
{Heap before GC invocations=1 (full 0):
 PSYoungGen      total 38400K, used 33280K [0x0000000795580000, 0x0000000798000000, 0x00000007c0000000)
  eden space 33280K, 100% used [0x0000000795580000,0x0000000797600000,0x0000000797600000)
  from space 5120K, 0% used [0x0000000797b00000,0x0000000797b00000,0x0000000798000000)
  to   space 5120K, 0% used [0x0000000797600000,0x0000000797600000,0x0000000797b00000)
 ParOldGen       total 87552K, used 0K [0x0000000740000000, 0x0000000745580000, 0x0000000795580000)
  object space 87552K, 0% used [0x0000000740000000,0x0000000740000000,0x0000000745580000)
 Metaspace       used 13086K, capacity 13512K, committed 13696K, reserved 1060864K
  class space    used 1704K, capacity 1803K, committed 1920K, reserved 1048576K
Event: 1.736 GC heap after
Heap after GC invocations=1 (full 0):
 PSYoungGen      total 38400K, used 5103K [0x0000000795580000, 0x0000000798000000, 0x00000007c0000000)
  eden space 33280K, 0% used [0x0000000795580000,0x0000000795580000,0x0000000797600000)
  from space 5120K, 99% used [0x0000000797600000,0x0000000797afbd30,0x0000000797b00000)
  to   space 5120K, 0% used [0x0000000797b00000,0x0000000797b00000,0x0000000798000000)
 ParOldGen       total 87552K, used 2631K [0x0000000740000000, 0x0000000745580000, 0x0000000795580000)
  object space 87552K, 3% used [0x0000000740000000,0x0000000740291e10,0x0000000745580000)
 Metaspace       used 13086K, capacity 13512K, committed 13696K, reserved 1060864K
  class space    used 1704K, capacity 1803K, committed 1920K, reserved 1048576K
}
Event: 2.501 GC heap before
{Heap before GC invocations=2 (full 0):
 PSYoungGen      total 38400K, used 29113K [0x0000000795580000, 0x0000000798000000, 0x00000007c0000000)
  eden space 33280K, 72% used [0x0000000795580000,0x0000000796cf28e0,0x0000000797600000)
  from space 5120K, 99% used [0x0000000797600000,0x0000000797afbd30,0x0000000797b00000)
  to   space 5120K, 0% used [0x0000000797b00000,0x0000000797b00000,0x0000000798000000)
 ParOldGen       total 87552K, used 2631K [0x0000000740000000, 0x0000000745580000, 0x0000000795580000)
  object space 87552K, 3% used [0x0000000740000000,0x0000000740291e10,0x0000000745580000)
 Metaspace       used 20592K, capacity 21154K, committed 21248K, reserved 1067008K
  class space    used 2853K, capacity 2984K, committed 3072K, reserved 1048576K
Event: 2.511 GC heap after
Heap after GC invocations=2 (full 0):
 PSYoungGen      total 38400K, used 5104K [0x0000000795580000, 0x0000000798000000, 0x00000007c0000000)
  eden space 33280K, 0% used [0x0000000795580000,0x0000000795580000,0x0000000797600000)
  from space 5120K, 99% used [0x0000000797b00000,0x0000000797ffc100,0x0000000798000000)
  to   space 5120K, 0% used [0x0000000797600000,0x0000000797600000,0x0000000797b00000)
 ParOldGen       total 87552K, used 4662K [0x0000000740000000, 0x0000000745580000, 0x0000000795580000)
  object space 87552K, 5% used [0x0000000740000000,0x000000074048d938,0x0000000745580000)
 Metaspace       used 20592K, capacity 21154K, committed 21248K, reserved 1067008K
  class space    used 2853K, capacity 2984K, committed 3072K, reserved 1048576K
}
Event: 2.511 GC heap before
{Heap before GC invocations=3 (full 1):
 PSYoungGen      total 38400K, used 5104K [0x0000000795580000, 0x0000000798000000, 0x00000007c0000000)
  eden space 33280K, 0% used [0x0000000795580000,0x0000000795580000,0x0000000797600000)
  from space 5120K, 99% used [0x0000000797b00000,0x0000000797ffc100,0x0000000798000000)
  to   space 5120K, 0% used [0x0000000797600000,0x0000000797600000,0x0000000797b00000)
 ParOldGen       total 87552K, used 4662K [0x0000000740000000, 0x0000000745580000, 0x0000000795580000)
  object space 87552K, 5% used [0x0000000740000000,0x000000074048d938,0x0000000745580000)
 Metaspace       used 20592K, capacity 21154K, committed 21248K, reserved 1067008K
  class space    used 2853K, capacity 2984K, committed 3072K, reserved 1048576K
Event: 2.557 GC heap after
Heap after GC invocations=3 (full 1):
 PSYoungGen      total 38400K, used 0K [0x0000000795580000, 0x0000000798000000, 0x00000007c0000000)
  eden space 33280K, 0% used [0x0000000795580000,0x0000000795580000,0x0000000797600000)
  from space 5120K, 0% used [0x0000000797b00000,0x0000000797b00000,0x0000000798000000)
  to   space 5120K, 0% used [0x0000000797600000,0x0000000797600000,0x0000000797b00000)
 ParOldGen       total 66048K, used 8006K [0x0000000740000000, 0x0000000744080000, 0x0000000795580000)
  object space 66048K, 12% used [0x0000000740000000,0x00000007407d1918,0x0000000744080000)
 Metaspace       used 20591K, capacity 21152K, committed 21248K, reserved 1067008K
  class space    used 2852K, capacity 2983K, committed 3072K, reserved 1048576K
}

Deoptimization events (10 events):
Event: 2.558 Thread 0x00007f957a0dd000 Uncommon trap: reason=class_check action=maybe_recompile pc=0x0000000106290bd0 method=java.util.concurrent.ConcurrentHashMap.putVal(Ljava/lang/Object;Ljava/lang/Object;Z)Ljava/lang/Object; @ 192
Event: 2.693 Thread 0x00007f957a0dd000 Uncommon trap: reason=array_check action=maybe_recompile pc=0x0000000106327848 method=com.sun.javafx.css.SimpleSelector.applies(Ljavafx/css/Styleable;[Ljava/util/Set;I)Z @ 37
Event: 2.693 Thread 0x00007f957a0dd000 Uncommon trap: reason=array_check action=maybe_recompile pc=0x0000000106327848 method=com.sun.javafx.css.SimpleSelector.applies(Ljavafx/css/Styleable;[Ljava/util/Set;I)Z @ 37
Event: 2.693 Thread 0x00007f957a0dd000 Uncommon trap: reason=array_check action=maybe_recompile pc=0x0000000106327848 method=com.sun.javafx.css.SimpleSelector.applies(Ljavafx/css/Styleable;[Ljava/util/Set;I)Z @ 37
Event: 2.693 Thread 0x00007f957a0dd000 Uncommon trap: reason=array_check action=maybe_recompile pc=0x0000000106327848 method=com.sun.javafx.css.SimpleSelector.applies(Ljavafx/css/Styleable;[Ljava/util/Set;I)Z @ 37
Event: 2.693 Thread 0x00007f957a0dd000 Uncommon trap: reason=array_check action=maybe_recompile pc=0x000000010631c364 method=com.sun.javafx.css.SimpleSelector.applies(Ljavafx/css/Styleable;[Ljava/util/Set;I)Z @ 37
Event: 3.269 Thread 0x00007f957b0cc000 Uncommon trap: reason=bimorphic action=maybe_recompile pc=0x00000001063ec2cc method=java.util.WeakHashMap.eq(Ljava/lang/Object;Ljava/lang/Object;)Z @ 7
Event: 3.303 Thread 0x00007f957b0cc000 Uncommon trap: reason=bimorphic action=maybe_recompile pc=0x00000001063ec2cc method=java.util.WeakHashMap.eq(Ljava/lang/Object;Ljava/lang/Object;)Z @ 7
Event: 3.306 Thread 0x00007f957b0cc000 Uncommon trap: reason=bimorphic action=maybe_recompile pc=0x00000001063ec2cc method=java.util.WeakHashMap.eq(Ljava/lang/Object;Ljava/lang/Object;)Z @ 7
Event: 3.336 Thread 0x00007f957b0cc000 Uncommon trap: reason=bimorphic action=maybe_recompile pc=0x00000001063ec2cc method=java.util.WeakHashMap.eq(Ljava/lang/Object;Ljava/lang/Object;)Z @ 7

Internal exceptions (10 events):
Event: 2.732 Thread 0x00007f957a0dd000 Exception <a 'java/security/PrivilegedActionException'> (0x00000007959eca50) thrown at [/HUDSON3/workspace/8-2-build-macosx-x86_64/jdk8u25/1514/hotspot/src/share/vm/prims/jvm.cpp, line 1312]
Event: 2.881 Thread 0x00007f957a0dd000 Exception <a 'java/security/PrivilegedActionException'> (0x0000000795b64248) thrown at [/HUDSON3/workspace/8-2-build-macosx-x86_64/jdk8u25/1514/hotspot/src/share/vm/prims/jvm.cpp, line 1312]
Event: 2.883 Thread 0x00007f957a0dd000 Exception <a 'java/security/PrivilegedActionException'> (0x0000000795b6a160) thrown at [/HUDSON3/workspace/8-2-build-macosx-x86_64/jdk8u25/1514/hotspot/src/share/vm/prims/jvm.cpp, line 1312]
Event: 2.888 Thread 0x00007f957a0dd000 Exception <a 'java/security/PrivilegedActionException'> (0x0000000795b72ec0) thrown at [/HUDSON3/workspace/8-2-build-macosx-x86_64/jdk8u25/1514/hotspot/src/share/vm/prims/jvm.cpp, line 1312]
Event: 2.985 Thread 0x00007f957a0dd000 Exception <a 'java/security/PrivilegedActionException'> (0x0000000795ba8db8) thrown at [/HUDSON3/workspace/8-2-build-macosx-x86_64/jdk8u25/1514/hotspot/src/share/vm/prims/jvm.cpp, line 1312]
Event: 3.181 Thread 0x00007f957a0dd000 Exception <a 'java/security/PrivilegedActionException'> (0x0000000795bf1c90) thrown at [/HUDSON3/workspace/8-2-build-macosx-x86_64/jdk8u25/1514/hotspot/src/share/vm/prims/jvm.cpp, line 1312]
Event: 4.790 Thread 0x00007f957a0dd000 Exception <a 'java/security/PrivilegedActionException'> (0x000000079612cdb0) thrown at [/HUDSON3/workspace/8-2-build-macosx-x86_64/jdk8u25/1514/hotspot/src/share/vm/prims/jvm.cpp, line 1312]
Event: 4.790 Thread 0x00007f957a0dd000 Exception <a 'java/security/PrivilegedActionException'> (0x00000007961311a0) thrown at [/HUDSON3/workspace/8-2-build-macosx-x86_64/jdk8u25/1514/hotspot/src/share/vm/prims/jvm.cpp, line 1312]
Event: 4.791 Thread 0x00007f957a0dd000 Exception <a 'java/security/PrivilegedActionException'> (0x0000000796136f68) thrown at [/HUDSON3/workspace/8-2-build-macosx-x86_64/jdk8u25/1514/hotspot/src/share/vm/prims/jvm.cpp, line 1312]
Event: 4.791 Thread 0x00007f957a0dd000 Exception <a 'java/security/PrivilegedActionException'> (0x000000079613b810) thrown at [/HUDSON3/workspace/8-2-build-macosx-x86_64/jdk8u25/1514/hotspot/src/share/vm/prims/jvm.cpp, line 1312]

Events (10 events):
Event: 205.990 loading class java/util/IdentityHashMap$KeySet
Event: 205.990 loading class java/util/IdentityHashMap$KeySet done
Event: 205.990 loading class java/util/IdentityHashMap$KeyIterator
Event: 205.990 loading class java/util/IdentityHashMap$IdentityHashMapIterator
Event: 205.990 loading class java/util/IdentityHashMap$IdentityHashMapIterator done
Event: 205.990 loading class java/util/IdentityHashMap$KeyIterator done
Event: 205.990 Thread 0x00007f957aa2a800 Thread added: 0x00007f957aa2a800
Event: 205.991 Thread 0x00007f957a133000 Thread exited: 0x00007f957a133000
Event: 205.993 Thread 0x00007f957aa2a800 Thread exited: 0x00007f957aa2a800
Event: 205.993 Thread 0x00007f957b002000 Thread exited: 0x00007f957b002000


Dynamic libraries:
0x000000000d160000 	/System/Library/Frameworks/Cocoa.framework/Versions/A/Cocoa
0x000000000d160000 	/System/Library/Frameworks/Security.framework/Versions/A/Security
0x000000000d160000 	/System/Library/Frameworks/ApplicationServices.framework/Versions/A/ApplicationServices
0x000000000d160000 	/usr/lib/libz.1.dylib
0x000000000d160000 	/usr/lib/libSystem.B.dylib
0x000000000d160000 	/usr/lib/libobjc.A.dylib
0x000000000d160000 	/System/Library/Frameworks/CoreFoundation.framework/Versions/A/CoreFoundation
0x000000000d160000 	/System/Library/Frameworks/Foundation.framework/Versions/C/Foundation
0x000000000d160000 	/System/Library/Frameworks/AppKit.framework/Versions/C/AppKit
0x000000000d160000 	/System/Library/Frameworks/CoreData.framework/Versions/A/CoreData
0x000000000d160000 	/System/Library/PrivateFrameworks/RemoteViewServices.framework/Versions/A/RemoteViewServices
0x000000000d160000 	/System/Library/PrivateFrameworks/UIFoundation.framework/Versions/A/UIFoundation
0x000000000d160000 	/System/Library/Frameworks/IOSurface.framework/Versions/A/IOSurface
0x000000000d160000 	/System/Library/Frameworks/AudioToolbox.framework/Versions/A/AudioToolbox
0x000000000d160000 	/System/Library/Frameworks/AudioUnit.framework/Versions/A/AudioUnit
0x000000000d160000 	/System/Library/PrivateFrameworks/DataDetectorsCore.framework/Versions/A/DataDetectorsCore
0x000000000d160000 	/System/Library/PrivateFrameworks/DesktopServicesPriv.framework/Versions/A/DesktopServicesPriv
0x000000000d160000 	/System/Library/Frameworks/Carbon.framework/Versions/A/Frameworks/HIToolbox.framework/Versions/A/HIToolbox
0x000000000d160000 	/System/Library/Frameworks/QuartzCore.framework/Versions/A/QuartzCore
0x000000000d160000 	/System/Library/Frameworks/Carbon.framework/Versions/A/Frameworks/SpeechRecognition.framework/Versions/A/SpeechRecognition
0x000000000d160000 	/usr/lib/libauto.dylib
0x000000000d160000 	/usr/lib/libicucore.A.dylib
0x000000000d160000 	/usr/lib/libxml2.2.dylib
0x000000000d160000 	/System/Library/PrivateFrameworks/CoreUI.framework/Versions/A/CoreUI
0x000000000d160000 	/System/Library/Frameworks/CoreAudio.framework/Versions/A/CoreAudio
0x000000000d160000 	/System/Library/Frameworks/DiskArbitration.framework/Versions/A/DiskArbitration
0x000000000d160000 	/usr/lib/liblangid.dylib
0x000000000d160000 	/System/Library/PrivateFrameworks/MultitouchSupport.framework/Versions/A/MultitouchSupport
0x000000000d160000 	/System/Library/Frameworks/IOKit.framework/Versions/A/IOKit
0x000000000d160000 	/usr/lib/libDiagnosticMessagesClient.dylib
0x000000000d160000 	/System/Library/Frameworks/CoreServices.framework/Versions/A/CoreServices
0x000000000d160000 	/System/Library/PrivateFrameworks/PerformanceAnalysis.framework/Versions/A/PerformanceAnalysis
0x000000000d160000 	/System/Library/PrivateFrameworks/GenerationalStorage.framework/Versions/A/GenerationalStorage
0x000000000d160000 	/System/Library/Frameworks/OpenGL.framework/Versions/A/OpenGL
0x000000000d160000 	/System/Library/PrivateFrameworks/Sharing.framework/Versions/A/Sharing
0x000000000d160000 	/System/Library/Frameworks/CoreGraphics.framework/Versions/A/CoreGraphics
0x000000000d160000 	/System/Library/Frameworks/CoreText.framework/Versions/A/CoreText
0x000000000d160000 	/System/Library/Frameworks/ImageIO.framework/Versions/A/ImageIO
0x000000000d160000 	/usr/lib/libextension.dylib
0x000000000d160000 	/System/Library/PrivateFrameworks/Backup.framework/Versions/A/Backup
0x000000000d160000 	/usr/lib/libarchive.2.dylib
0x000000000d160000 	/System/Library/Frameworks/CFNetwork.framework/Versions/A/CFNetwork
0x000000000d160000 	/System/Library/Frameworks/SystemConfiguration.framework/Versions/A/SystemConfiguration
0x000000000d160000 	/usr/lib/libCRFSuite.dylib
0x000000000d160000 	/usr/lib/libc++.1.dylib
0x000000000d160000 	/usr/lib/libc++abi.dylib
0x000000000d160000 	/usr/lib/system/libcache.dylib
0x000000000d160000 	/usr/lib/system/libcommonCrypto.dylib
0x000000000d160000 	/usr/lib/system/libcompiler_rt.dylib
0x000000000d160000 	/usr/lib/system/libcopyfile.dylib
0x000000000d160000 	/usr/lib/system/libcorecrypto.dylib
0x000000000d160000 	/usr/lib/system/libdispatch.dylib
0x000000000d160000 	/usr/lib/system/libdyld.dylib
0x000000000d160000 	/usr/lib/system/libkeymgr.dylib
0x000000000d160000 	/usr/lib/system/liblaunch.dylib
0x000000000d160000 	/usr/lib/system/libmacho.dylib
0x000000000d160000 	/usr/lib/system/libquarantine.dylib
0x000000000d160000 	/usr/lib/system/libremovefile.dylib
0x000000000d160000 	/usr/lib/system/libsystem_asl.dylib
0x000000000d160000 	/usr/lib/system/libsystem_blocks.dylib
0x000000000d160000 	/usr/lib/system/libsystem_c.dylib
0x000000000d160000 	/usr/lib/system/libsystem_configuration.dylib
0x000000000d160000 	/usr/lib/system/libsystem_coreservices.dylib
0x000000000d160000 	/usr/lib/system/libsystem_coretls.dylib
0x000000000d160000 	/usr/lib/system/libsystem_dnssd.dylib
0x000000000d160000 	/usr/lib/system/libsystem_info.dylib
0x000000000d160000 	/usr/lib/system/libsystem_kernel.dylib
0x000000000d160000 	/usr/lib/system/libsystem_m.dylib
0x000000000d160000 	/usr/lib/system/libsystem_malloc.dylib
0x000000000d160000 	/usr/lib/system/libsystem_network.dylib
0x000000000d160000 	/usr/lib/system/libsystem_networkextension.dylib
0x000000000d160000 	/usr/lib/system/libsystem_notify.dylib
0x000000000d160000 	/usr/lib/system/libsystem_platform.dylib
0x000000000d160000 	/usr/lib/system/libsystem_pthread.dylib
0x000000000d160000 	/usr/lib/system/libsystem_sandbox.dylib
0x000000000d160000 	/usr/lib/system/libsystem_secinit.dylib
0x000000000d160000 	/usr/lib/system/libsystem_stats.dylib
0x000000000d160000 	/usr/lib/system/libsystem_trace.dylib
0x000000000d160000 	/usr/lib/system/libunc.dylib
0x000000000d160000 	/usr/lib/system/libunwind.dylib
0x000000000d160000 	/usr/lib/system/libxpc.dylib
0x000000000d160000 	/usr/lib/libbz2.1.0.dylib
0x000000000d160000 	/usr/lib/liblzma.5.dylib
0x000000000d160000 	/usr/lib/libbsm.0.dylib
0x000000000d160000 	/usr/lib/libsqlite3.dylib
0x000000000d160000 	/usr/lib/system/libkxld.dylib
0x000000000d160000 	/usr/lib/libxar.1.dylib
0x000000000d160000 	/usr/lib/libpam.2.dylib
0x000000000d160000 	/usr/lib/libOpenScriptingUtil.dylib
0x000000000d160000 	/System/Library/Frameworks/CoreServices.framework/Versions/A/Frameworks/FSEvents.framework/Versions/A/FSEvents
0x000000000d160000 	/System/Library/Frameworks/CoreServices.framework/Versions/A/Frameworks/CarbonCore.framework/Versions/A/CarbonCore
0x000000000d160000 	/System/Library/Frameworks/CoreServices.framework/Versions/A/Frameworks/Metadata.framework/Versions/A/Metadata
0x000000000d160000 	/System/Library/Frameworks/CoreServices.framework/Versions/A/Frameworks/OSServices.framework/Versions/A/OSServices
0x000000000d160000 	/System/Library/Frameworks/CoreServices.framework/Versions/A/Frameworks/SearchKit.framework/Versions/A/SearchKit
0x000000000d160000 	/System/Library/Frameworks/CoreServices.framework/Versions/A/Frameworks/AE.framework/Versions/A/AE
0x000000000d160000 	/System/Library/Frameworks/CoreServices.framework/Versions/A/Frameworks/LaunchServices.framework/Versions/A/LaunchServices
0x000000000d160000 	/System/Library/Frameworks/CoreServices.framework/Versions/A/Frameworks/DictionaryServices.framework/Versions/A/DictionaryServices
0x000000000d160000 	/System/Library/Frameworks/NetFS.framework/Versions/A/NetFS
0x000000000d160000 	/System/Library/PrivateFrameworks/NetAuth.framework/Versions/A/NetAuth
0x000000000d160000 	/System/Library/PrivateFrameworks/login.framework/Versions/A/Frameworks/loginsupport.framework/Versions/A/loginsupport
0x000000000d160000 	/System/Library/PrivateFrameworks/TCC.framework/Versions/A/TCC
0x000000000d160000 	/usr/lib/libmecabra.dylib
0x000000000d160000 	/System/Library/Frameworks/ApplicationServices.framework/Versions/A/Frameworks/ATS.framework/Versions/A/ATS
0x000000000d160000 	/System/Library/Frameworks/ApplicationServices.framework/Versions/A/Frameworks/ColorSync.framework/Versions/A/ColorSync
0x000000000d160000 	/System/Library/Frameworks/ApplicationServices.framework/Versions/A/Frameworks/HIServices.framework/Versions/A/HIServices
0x000000000d160000 	/System/Library/Frameworks/ApplicationServices.framework/Versions/A/Frameworks/LangAnalysis.framework/Versions/A/LangAnalysis
0x000000000d160000 	/System/Library/Frameworks/ApplicationServices.framework/Versions/A/Frameworks/PrintCore.framework/Versions/A/PrintCore
0x000000000d160000 	/System/Library/Frameworks/ApplicationServices.framework/Versions/A/Frameworks/QD.framework/Versions/A/QD
0x000000000d160000 	/System/Library/Frameworks/ApplicationServices.framework/Versions/A/Frameworks/SpeechSynthesis.framework/Versions/A/SpeechSynthesis
0x000000000d160000 	/System/Library/Frameworks/Accelerate.framework/Versions/A/Accelerate
0x000000000d160000 	/System/Library/Frameworks/Accelerate.framework/Versions/A/Frameworks/vImage.framework/Versions/A/vImage
0x000000000d160000 	/System/Library/Frameworks/Accelerate.framework/Versions/A/Frameworks/vecLib.framework/Versions/A/vecLib
0x000000000d160000 	/System/Library/Frameworks/Accelerate.framework/Versions/A/Frameworks/vecLib.framework/Versions/A/libvDSP.dylib
0x000000000d160000 	/System/Library/Frameworks/Accelerate.framework/Versions/A/Frameworks/vecLib.framework/Versions/A/libvMisc.dylib
0x000000000d160000 	/System/Library/Frameworks/Accelerate.framework/Versions/A/Frameworks/vecLib.framework/Versions/A/libLAPACK.dylib
0x000000000d160000 	/System/Library/Frameworks/Accelerate.framework/Versions/A/Frameworks/vecLib.framework/Versions/A/libBLAS.dylib
0x000000000d160000 	/System/Library/Frameworks/Accelerate.framework/Versions/A/Frameworks/vecLib.framework/Versions/A/libLinearAlgebra.dylib
0x000000000d160000 	/System/Library/Frameworks/ApplicationServices.framework/Versions/A/Frameworks/ATS.framework/Versions/A/Resources/libFontParser.dylib
0x000000000d160000 	/System/Library/Frameworks/ApplicationServices.framework/Versions/A/Frameworks/ATS.framework/Versions/A/Resources/libFontRegistry.dylib
0x000000000d160000 	/System/Library/PrivateFrameworks/AppleVPA.framework/Versions/A/AppleVPA
0x000000000d160000 	/System/Library/PrivateFrameworks/AppleJPEG.framework/Versions/A/AppleJPEG
0x000000000d160000 	/System/Library/Frameworks/ImageIO.framework/Versions/A/Resources/libJPEG.dylib
0x000000000d160000 	/System/Library/Frameworks/ImageIO.framework/Versions/A/Resources/libTIFF.dylib
0x000000000d160000 	/System/Library/Frameworks/ImageIO.framework/Versions/A/Resources/libPng.dylib
0x000000000d160000 	/System/Library/Frameworks/ImageIO.framework/Versions/A/Resources/libGIF.dylib
0x000000000d160000 	/System/Library/Frameworks/ImageIO.framework/Versions/A/Resources/libJP2.dylib
0x000000000d160000 	/System/Library/Frameworks/ImageIO.framework/Versions/A/Resources/libRadiance.dylib
0x000000000d160000 	/System/Library/Frameworks/CoreVideo.framework/Versions/A/CoreVideo
0x000000000d160000 	/System/Library/Frameworks/OpenGL.framework/Versions/A/Libraries/libGLU.dylib
0x000000000d160000 	/System/Library/Frameworks/OpenGL.framework/Versions/A/Libraries/libGFXShared.dylib
0x000000000d160000 	/System/Library/Frameworks/OpenGL.framework/Versions/A/Libraries/libGL.dylib
0x000000000d160000 	/System/Library/Frameworks/OpenGL.framework/Versions/A/Libraries/libGLImage.dylib
0x000000000d160000 	/System/Library/Frameworks/OpenGL.framework/Versions/A/Libraries/libCVMSPluginSupport.dylib
0x000000000d160000 	/System/Library/Frameworks/OpenGL.framework/Versions/A/Libraries/libCoreVMClient.dylib
0x000000000d160000 	/usr/lib/libcups.2.dylib
0x000000000d160000 	/System/Library/Frameworks/Kerberos.framework/Versions/A/Kerberos
0x000000000d160000 	/System/Library/Frameworks/GSS.framework/Versions/A/GSS
0x000000000d160000 	/usr/lib/libresolv.9.dylib
0x000000000d160000 	/usr/lib/libiconv.2.dylib
0x000000000d160000 	/System/Library/PrivateFrameworks/Heimdal.framework/Versions/A/Heimdal
0x000000000d160000 	/usr/lib/libheimdal-asn1.dylib
0x000000000d160000 	/System/Library/Frameworks/OpenDirectory.framework/Versions/A/OpenDirectory
0x000000000d160000 	/System/Library/PrivateFrameworks/CommonAuth.framework/Versions/A/CommonAuth
0x000000000d160000 	/System/Library/Frameworks/OpenDirectory.framework/Versions/A/Frameworks/CFOpenDirectory.framework/Versions/A/CFOpenDirectory
0x000000000d160000 	/System/Library/Frameworks/SecurityFoundation.framework/Versions/A/SecurityFoundation
0x000000000d160000 	/System/Library/PrivateFrameworks/LanguageModeling.framework/Versions/A/LanguageModeling
0x000000000d160000 	/usr/lib/libcmph.dylib
0x000000000d160000 	/System/Library/Frameworks/ServiceManagement.framework/Versions/A/ServiceManagement
0x000000000d160000 	/usr/lib/libxslt.1.dylib
0x000000000d160000 	/System/Library/Frameworks/Carbon.framework/Versions/A/Frameworks/Ink.framework/Versions/A/Ink
0x000000000d160000 	/System/Library/Frameworks/QuartzCore.framework/Versions/A/Frameworks/CoreImage.framework/Versions/A/CoreImage
0x000000000d160000 	/System/Library/PrivateFrameworks/CrashReporterSupport.framework/Versions/A/CrashReporterSupport
0x000000000d160000 	/System/Library/Frameworks/OpenCL.framework/Versions/A/OpenCL
0x000000000d160000 	/System/Library/PrivateFrameworks/FaceCore.framework/Versions/A/FaceCore
0x000000000d160000 	/System/Library/PrivateFrameworks/Ubiquity.framework/Versions/A/Ubiquity
0x000000000d160000 	/System/Library/PrivateFrameworks/IconServices.framework/Versions/A/IconServices
0x000000000d160000 	/System/Library/PrivateFrameworks/ChunkingLibrary.framework/Versions/A/ChunkingLibrary
0x000000000d160000 	/System/Library/PrivateFrameworks/Apple80211.framework/Versions/A/Apple80211
0x000000000d160000 	/System/Library/Frameworks/CoreWLAN.framework/Versions/A/CoreWLAN
0x000000000d160000 	/System/Library/Frameworks/IOBluetooth.framework/Versions/A/IOBluetooth
0x000000000d160000 	/System/Library/PrivateFrameworks/CoreWiFi.framework/Versions/A/CoreWiFi
0x000000000d160000 	/System/Library/Frameworks/CoreBluetooth.framework/Versions/A/CoreBluetooth
0x000000000d160000 	/System/Library/PrivateFrameworks/DebugSymbols.framework/Versions/A/DebugSymbols
0x000000000d160000 	/System/Library/PrivateFrameworks/CoreSymbolication.framework/Versions/A/CoreSymbolication
0x000000000d160000 	/System/Library/PrivateFrameworks/Symbolication.framework/Versions/A/Symbolication
0x000000000d160000 	/System/Library/PrivateFrameworks/SpeechRecognitionCore.framework/Versions/A/SpeechRecognitionCore
0x00000001045a4000 	/Library/Java/JavaVirtualMachines/jdk1.8.0_25.jdk/Contents/Home/jre/lib/server/libjvm.dylib
0x000000000d160000 	/usr/lib/libstdc++.6.dylib
0x00000001055da000 	/Library/Java/JavaVirtualMachines/jdk1.8.0_25.jdk/Contents/Home/jre/lib/libverify.dylib
0x0000000105e00000 	/Library/Java/JavaVirtualMachines/jdk1.8.0_25.jdk/Contents/Home/jre/lib/libjava.dylib
0x00000001055f2000 	/Library/Java/JavaVirtualMachines/jdk1.8.0_25.jdk/Contents/Home/jre/lib/libzip.dylib
0x000000011bea8000 	/System/Library/Frameworks/JavaVM.framework/Frameworks/JavaRuntimeSupport.framework/JavaRuntimeSupport
0x000000011bebe000 	/System/Library/Frameworks/JavaVM.framework/Versions/A/Frameworks/JavaNativeFoundation.framework/Versions/A/JavaNativeFoundation
0x000000011bed2000 	/System/Library/Frameworks/JavaVM.framework/Versions/A/JavaVM
0x000000000d160000 	/System/Library/Frameworks/Carbon.framework/Versions/A/Carbon
0x000000011bede000 	/System/Library/PrivateFrameworks/JavaLaunching.framework/Versions/A/JavaLaunching
0x000000000d160000 	/System/Library/Frameworks/Carbon.framework/Versions/A/Frameworks/CommonPanels.framework/Versions/A/CommonPanels
0x000000000d160000 	/System/Library/Frameworks/Carbon.framework/Versions/A/Frameworks/Help.framework/Versions/A/Help
0x000000000d160000 	/System/Library/Frameworks/Carbon.framework/Versions/A/Frameworks/ImageCapture.framework/Versions/A/ImageCapture
0x000000000d160000 	/System/Library/Frameworks/Carbon.framework/Versions/A/Frameworks/OpenScripting.framework/Versions/A/OpenScripting
0x000000000d160000 	/System/Library/Frameworks/Carbon.framework/Versions/A/Frameworks/Print.framework/Versions/A/Print
0x000000000d160000 	/System/Library/Frameworks/Carbon.framework/Versions/A/Frameworks/SecurityHI.framework/Versions/A/SecurityHI
0x000000011de72000 	/Applications/IntelliJ IDEA 14.app/Contents/bin/libbreakgen64.jnilib
0x000000011df78000 	/Library/Java/JavaVirtualMachines/jdk1.8.0_25.jdk/Contents/Home/jre/lib/libnet.dylib
0x000000011e269000 	/Library/Java/JavaVirtualMachines/jdk1.8.0_25.jdk/Contents/Home/jre/lib/libprism_es2.dylib
0x000000000d160000 	/System/Library/Frameworks/OpenGL.framework/Versions/A/Resources/GLEngine.bundle/GLEngine
0x000000000d160000 	/System/Library/Frameworks/OpenGL.framework/Versions/A/Libraries/libGLProgrammability.dylib
0x0000000000000000 	/System/Library/Extensions/AppleIntelHD5000GraphicsGLDriver.bundle/Contents/MacOS/AppleIntelHD5000GraphicsGLDriver
0x000000000d160000 	/System/Library/PrivateFrameworks/IOAccelerator.framework/Versions/A/IOAccelerator
0x000000000d160000 	/System/Library/PrivateFrameworks/GPUSupport.framework/Versions/A/Libraries/libGPUSupportMercury.dylib
0x000000000d160000 	/System/Library/Frameworks/OpenGL.framework/Versions/A/Resources/GLRendererFloat.bundle/GLRendererFloat
0x000000000d160000 	/System/Library/Frameworks/OpenCL.framework/Versions/A/Libraries/libcldcpuengine.dylib
0x000000000d160000 	/System/Library/PrivateFrameworks/DiskImages.framework/Versions/A/DiskImages
0x000000000d160000 	/System/Library/Frameworks/DiscRecording.framework/Versions/A/DiscRecording
0x000000000d160000 	/usr/lib/libcsfde.dylib
0x000000000d160000 	/usr/lib/libcurl.4.dylib
0x000000000d160000 	/System/Library/PrivateFrameworks/MediaKit.framework/Versions/A/MediaKit
0x000000000d160000 	/System/Library/PrivateFrameworks/ProtectedCloudStorage.framework/Versions/A/ProtectedCloudStorage
0x000000000d160000 	/usr/lib/libCoreStorage.dylib
0x000000000d160000 	/System/Library/PrivateFrameworks/EFILogin.framework/Versions/A/EFILogin
0x000000000d160000 	/usr/lib/libutil.dylib
0x000000000d160000 	/System/Library/PrivateFrameworks/FindMyDevice.framework/Versions/A/FindMyDevice
0x000000000d160000 	/System/Library/Frameworks/LDAP.framework/Versions/A/LDAP
0x000000000d160000 	/usr/lib/libsasl2.2.dylib
0x000000000d160000 	/System/Library/PrivateFrameworks/CoreDaemon.framework/Versions/B/CoreDaemon
0x000000000d160000 	/usr/lib/libcrypto.0.9.8.dylib
0x000000000d160000 	/System/Library/PrivateFrameworks/AppleSRP.framework/Versions/A/AppleSRP
0x000000000d160000 	/System/Library/PrivateFrameworks/TrustEvaluationAgent.framework/Versions/A/TrustEvaluationAgent
0x000000011e716000 	/Library/Java/JavaVirtualMachines/jdk1.8.0_25.jdk/Contents/Home/jre/lib/libglass.dylib
0x000000000d160000 	/System/Library/PrivateFrameworks/CoreServicesInternal.framework/Versions/A/CoreServicesInternal
0x000000000d160000 	/System/Library/PrivateFrameworks/CloudDocs.framework/Versions/A/CloudDocs
0x000000000d160000 	/System/Library/PrivateFrameworks/CoreDuet.framework/Versions/A/CoreDuet
0x000000000d160000 	/System/Library/Frameworks/CloudKit.framework/Versions/A/CloudKit
0x000000000d160000 	/System/Library/PrivateFrameworks/ProtocolBuffer.framework/Versions/A/ProtocolBuffer
0x000000000d160000 	/System/Library/PrivateFrameworks/CoreDuetDaemonProtocol.framework/Versions/A/CoreDuetDaemonProtocol
0x000000000d160000 	/System/Library/PrivateFrameworks/CoreDuetDebugLogging.framework/Versions/A/CoreDuetDebugLogging
0x000000000d160000 	/System/Library/Frameworks/CoreLocation.framework/Versions/A/CoreLocation
0x000000000d160000 	/System/Library/Frameworks/Accounts.framework/Versions/A/Accounts
0x000000000d160000 	/System/Library/PrivateFrameworks/ApplePushService.framework/Versions/A/ApplePushService
0x000000000d160000 	/System/Library/PrivateFrameworks/GeoServices.framework/Versions/A/GeoServices
0x000000000d160000 	/System/Library/PrivateFrameworks/OAuth.framework/Versions/A/OAuth
0x000000000d160000 	/System/Library/Frameworks/CoreGraphics.framework/Versions/A/Resources/libCGCMS.A.dylib
0x000000000d160000 	/System/Library/CoreServices/RawCamera.bundle/Contents/MacOS/RawCamera
0x000000000d160000 	/System/Library/Frameworks/CoreGraphics.framework/Versions/A/Resources/libRIP.A.dylib
0x000000000d160000 	/System/Library/PrivateFrameworks/FamilyControls.framework/Versions/A/FamilyControls
0x000000000d160000 	/System/Library/PrivateFrameworks/CommerceKit.framework/Versions/A/Frameworks/CommerceCore.framework/Versions/A/CommerceCore
0x000000000d160000 	/System/Library/PrivateFrameworks/SystemAdministration.framework/Versions/A/SystemAdministration
0x000000000d160000 	/System/Library/PrivateFrameworks/AppContainer.framework/Versions/A/AppContainer
0x000000000d160000 	/System/Library/PrivateFrameworks/SecCodeWrapper.framework/Versions/A/SecCodeWrapper
0x000000000d160000 	/System/Library/Frameworks/DirectoryService.framework/Versions/A/DirectoryService
0x000000000d160000 	/System/Library/PrivateFrameworks/LoginUIKit.framework/Versions/A/Frameworks/LoginUICore.framework/Versions/A/LoginUICore
0x000000000d160000 	/usr/lib/libodfde.dylib
0x0000000121d99000 	/Library/Java/JavaVirtualMachines/jdk1.8.0_25.jdk/Contents/Home/jre/lib/libjavafx_font.dylib
0x000000000d160000 	/System/Library/Frameworks/CoreGraphics.framework/Versions/A/Resources/libCGXType.A.dylib
0x000000011ff52000 	/Library/Java/JavaVirtualMachines/jdk1.8.0_25.jdk/Contents/Home/jre/lib/libnio.dylib
0x000000011ff62000 	/Library/Java/JavaVirtualMachines/jdk1.8.0_25.jdk/Contents/Home/jre/lib/libawt.dylib
0x0000000122c00000 	/Library/Java/JavaVirtualMachines/jdk1.8.0_25.jdk/Contents/Home/jre/lib/./libmlib_image.dylib
0x0000000122ccc000 	/Library/Java/JavaVirtualMachines/jdk1.8.0_25.jdk/Contents/Home/jre/lib/libawt_lwawt.dylib
0x0000000120011000 	/Library/Java/JavaVirtualMachines/jdk1.8.0_25.jdk/Contents/Home/jre/lib/./libosxapp.dylib
0x000000000d160000 	/System/Library/Frameworks/ExceptionHandling.framework/Versions/A/ExceptionHandling
0x000000012017e000 	/Library/Java/JavaVirtualMachines/jdk1.8.0_25.jdk/Contents/Home/jre/lib/libjpeg.dylib
0x00000001201ab000 	/Library/Java/JavaVirtualMachines/jdk1.8.0_25.jdk/Contents/Home/jre/lib/liblcms.dylib
0x0000000121e7a000 	cl_kernels
0x000000012598b000 	/System/Library/Frameworks/OpenCL.framework/Versions/A/Libraries/ImageFormats/unorm8_bgra.dylib
0x0000000121e6c000 	cl_kernels
0x0000000122bed000 	/Library/Java/JavaVirtualMachines/jdk1.8.0_25.jdk/Contents/Home/jre/lib/libprism_common.dylib

VM Arguments:
jvm_args: -Djava.awt.headless=true -Didea.launcher.port=7547 -Didea.launcher.bin.path=/Applications/IntelliJ IDEA 14.app/Contents/bin -Dfile.encoding=UTF-8 
java_command: com.intellij.rt.execution.application.AppMain synergy.newViews.Main
java_class_path (initial): /Library/Java/JavaVirtualMachines/jdk1.8.0_25.jdk/Contents/Home/lib/ant-javafx.jar:/Library/Java/JavaVirtualMachines/jdk1.8.0_25.jdk/Contents/Home/lib/dt.jar:/Library/Java/JavaVirtualMachines/jdk1.8.0_25.jdk/Contents/Home/lib/javafx-mx.jar:/Library/Java/JavaVirtualMachines/jdk1.8.0_25.jdk/Contents/Home/lib/jconsole.jar:/Library/Java/JavaVirtualMachines/jdk1.8.0_25.jdk/Contents/Home/lib/sa-jdi.jar:/Library/Java/JavaVirtualMachines/jdk1.8.0_25.jdk/Contents/Home/lib/tools.jar:/Library/Java/JavaVirtualMachines/jdk1.8.0_25.jdk/Contents/Home/jre/lib/charsets.jar:/Library/Java/JavaVirtualMachines/jdk1.8.0_25.jdk/Contents/Home/jre/lib/deploy.jar:/Library/Java/JavaVirtualMachines/jdk1.8.0_25.jdk/Contents/Home/jre/lib/javaws.jar:/Library/Java/JavaVirtualMachines/jdk1.8.0_25.jdk/Contents/Home/jre/lib/jce.jar:/Library/Java/JavaVirtualMachines/jdk1.8.0_25.jdk/Contents/Home/jre/lib/jfr.jar:/Library/Java/JavaVirtualMachines/jdk1.8.0_25.jdk/Contents/Home/jre/lib/jfxswt.jar:/Library/Java/JavaVirtualMachines/jdk1.8.0_25.jdk/Contents/Home/jre/lib/jsse.jar:/Library/Java/JavaVirtualMachines/jdk1.8.0_25.jdk/Contents/Home/jre/lib/management-agent.jar:/Library/Java/JavaVirtualMachines/jdk1.8.0_25.jdk/Contents/Home/jre/lib/plugin.jar:/Library/Java/JavaVirtualMachines/jdk1.8.0_25.jdk/Contents/Home/jre/lib/resources.jar:/Library/Java/JavaVirtualMachines/jdk1.8.0_25.jdk/Contents/Home/jre/lib/rt.jar:/Library/Java/JavaVirtualMachines/jdk1.8.0_25.jdk/Contents/Home/jre/lib/ext/cldrdata.jar:/Library/Java/JavaVirtualMachines/jdk1.8.0_25.jdk/Contents/Home/jre/lib/ext/dnsns.jar:/Library/Java/JavaVirtualMachines/jdk1.8.0_25.jdk/Contents/Home/jre/lib/ext/jfxrt.jar:/Library/Java/JavaVirtualMachines/jdk1.8.0_25.jdk/Contents/Home/jre/lib/ext/localedata.jar:/Library/Java/JavaVirtualMachines/jdk1.8.0_25.jdk/Contents/Home/jre/lib/ext/nashorn.jar:/Library/Java/JavaVirtualMachines/jdk1.8.0_25.jdk/Contents/Home/jre/lib/ext/sunec.jar:/Library/Java/JavaVirtualMachines/jdk1.8.0_25.jdk/C
Launcher Type: SUN_STANDARD

Environment Variables:
JAVA_HOME=/Library/Java/JavaVirtualMachines/jdk1.8.0_25.jdk/Contents/Home
PATH=/Applications/SWI-Prolog.app/Contents/MacOS:/usr/local/bin:/usr/bin:/bin:/usr/sbin:/sbin:/opt/X11/bin
SHELL=/bin/bash
DISPLAY=/private/tmp/com.apple.launchd.BqkVI1jQwK/org.macosforge.xquartz:0

Signal Handlers:
SIGSEGV: [libjvm.dylib+0x579dc7], sa_mask[0]=11111111011111110111111111111111, sa_flags=SA_ONSTACK|SA_RESTART|SA_SIGINFO
SIGBUS: [libjvm.dylib+0x579dc7], sa_mask[0]=11111111011111110111111111111111, sa_flags=SA_RESTART|SA_SIGINFO
SIGFPE: [libjvm.dylib+0x45b030], sa_mask[0]=11111111011111110111111111111111, sa_flags=SA_RESTART|SA_SIGINFO
SIGPIPE: [libjvm.dylib+0x45b030], sa_mask[0]=11111111011111110111111111111111, sa_flags=SA_RESTART|SA_SIGINFO
SIGXFSZ: [libjvm.dylib+0x45b030], sa_mask[0]=11111111011111110111111111111111, sa_flags=SA_RESTART|SA_SIGINFO
SIGILL: [libjvm.dylib+0x45b030], sa_mask[0]=11111111011111110111111111111111, sa_flags=SA_RESTART|SA_SIGINFO
SIGUSR1: SIG_DFL, sa_mask[0]=00000000000000000000000000000000, sa_flags=none
SIGUSR2: [libjvm.dylib+0x45ab4e], sa_mask[0]=00100000000000000000000000000000, sa_flags=SA_RESTART|SA_SIGINFO
SIGHUP: [libjvm.dylib+0x459121], sa_mask[0]=11111111011111110111111111111111, sa_flags=SA_RESTART|SA_SIGINFO
SIGINT: [libjvm.dylib+0x459121], sa_mask[0]=11111111011111110111111111111111, sa_flags=SA_RESTART|SA_SIGINFO
SIGTERM: [libjvm.dylib+0x459121], sa_mask[0]=11111111011111110111111111111111, sa_flags=SA_RESTART|SA_SIGINFO
SIGQUIT: [libjvm.dylib+0x459121], sa_mask[0]=11111111011111110111111111111111, sa_flags=SA_RESTART|SA_SIGINFO


---------------  S Y S T E M  ---------------

OS:Bsduname:Darwin 14.1.0 Darwin Kernel Version 14.1.0: Mon Dec 22 23:10:38 PST 2014; root:xnu-2782.10.72~2/RELEASE_X86_64 x86_64
rlimit: STACK 8192k, CORE 0k, NPROC 709, NOFILE 10240, AS infinity
load average:9.18 6.02 4.64

CPU:total 4 (2 cores per cpu, 2 threads per core) family 6 model 69 stepping 1, cmov, cx8, fxsr, mmx, sse, sse2, sse3, ssse3, sse4.1, sse4.2, popcnt, avx, avx2, aes, clmul, erms, lzcnt, ht, tsc, tscinvbit, bmi1, bmi2

Memory: 4k page, physical 8388608k(770692k free)

/proc/meminfo:


vm_info: Java HotSpot(TM) 64-Bit Server VM (25.25-b02) for bsd-amd64 JRE (1.8.0_25-b17), built on Sep 17 2014 16:56:50 by "java_re" with gcc 4.2.1 (Based on Apple Inc. build 5658) (LLVM build 2336.11.00)

time: Mon Mar  9 00:34:45 2015
elapsed time: 206 seconds (0d 0h 3m 26s)

