#
# A fatal error has been detected by the Java Runtime Environment:
#
#  SIGSEGV (0xb) at pc=0x000000011eaad3fd, pid=1581, tid=1811
#
# JRE version: Java(TM) SE Runtime Environment (8.0_25-b17) (build 1.8.0_25-b17)
# Java VM: Java HotSpot(TM) 64-Bit Server VM (25.25-b02 mixed mode bsd-amd64 compressed oops)
# Problematic frame:
# C  [libglass.dylib+0x163fd]  GlassScreenDidChangeScreenParameters+0x9d
#
# Failed to write core dump. Core dumps have been disabled. To enable core dumping, try "ulimit -c unlimited" before starting Java again
#
# If you would like to submit a bug report, please visit:
#   http://bugreport.sun.com/bugreport/crash.jsp
#

---------------  T H R E A D  ---------------

Current thread is native thread

siginfo: si_signo: 11 (SIGSEGV), si_code: 1 (SEGV_MAPERR), si_addr: 0x0000000000000000

Registers:
RAX=0x000000011eadfe40, RBX=0x0000000000000000, RCX=0x49001f74d8074734, RDX=0x00007fba7bd86b30
RSP=0x00007fff5b3d5550, RBP=0x00007fff5b3d5560, RSI=0x00007fba7bd1ec20, RDI=0x0000000000000000
R8 =0x00007fff5b3d5400, R9 =0x00007fff7d8da300, R10=0x0000000000000000, R11=0x0000000000000246
R12=0x00007fba7bd2b670, R13=0x00000000000f4268, R14=0x00007fba7bd80190, R15=0x00007fff5b3d56a0
RIP=0x000000011eaad3fd, EFLAGS=0x0000000000010206, ERR=0x0000000000000004
  TRAPNO=0x000000000000000e

Top of Stack: (sp=0x00007fff5b3d5550)
0x00007fff5b3d5550:   00007fff5b3d5730 00007fba7bd80190
0x00007fff5b3d5560:   00007fff5b3d5570 00007fff959a3cdc
0x00007fff5b3d5570:   00007fff5b3d58d0 00007fff95895244
0x00007fff5b3d5580:   00007fff5b3d55d0 0000000000001400
0x00007fff5b3d5590:   00007fff7d30acf0 00007fba7be51260
0x00007fff5b3d55a0:   0000000000001002 0000000000000900
0x00007fff5b3d55b0:   00007fba7be51260 00007fba7bd80190
0x00007fff5b3d55c0:   0000000000000000 00007fff5b3d56a0
0x00007fff5b3d55d0:   0000000000000000 00007fba7bd80150
0x00007fff5b3d55e0:   00007fff5b3d5720 0000000000000060
0x00007fff5b3d55f0:   00000000000f4384 00007fba7e551e00
0x00007fff5b3d5600:   00007fba7be50e80 00007fba7bd2b670
0x00007fff5b3d5610:   0000000000000001 00000000000f4268
0x00007fff5b3d5620:   00007fba7bd2b660 00007fff9778cacb
0x00007fff5b3d5630:   0000000000000001 0000000000000001
0x00007fff5b3d5640:   0000000000000030 0000000000000001
0x00007fff5b3d5650:   00007fff5b3d5670 00007fff97792231
0x00007fff5b3d5660:   00007fff7d308dd0 0000000000000000
0x00007fff5b3d5670:   00007fff5b3d5690 0000000000000028
0x00007fff5b3d5680:   00043f037c0d8800 00007fba7bd2b694
0x00007fff5b3d5690:   0000000000000000 00007fff9588ad1f
0x00007fff5b3d56a0:   00007fba7bd80190 00007fff7d308dd0
0x00007fff5b3d56b0:   00007fff5b3d5730 00007fff9589384f
0x00007fff5b3d56c0:   0000000000000001 00007fba7e607ea0
0x00007fff5b3d56d0:   0000000104844a00 0000000000000002
0x00007fff5b3d56e0:   0000000104841000 00007fba7be05872
0x00007fff5b3d56f0:   0000000000000003 0000000104845e00
0x00007fff5b3d5700:   00007fff5b3d57f0 00007fff9778b2a2
0x00007fff5b3d5710:   00007fba7bc47070 00007fff5b3d58d8
0x00007fff5b3d5720:   0000000000000017 0000000000000000
0x00007fff5b3d5730:   00000000000f4268 00007fff9588b013
0x00007fff5b3d5740:   00007fff00000000 00007fba7bd59120 

Instructions: (pc=0x000000011eaad3fd)
0x000000011eaad3dd:   89 df 4c 89 f1 41 ff 90 68 04 00 00 48 8d 05 58
0x000000011eaad3ed:   29 03 00 48 8b 30 48 8d 05 46 2a 03 00 48 8b 10
0x000000011eaad3fd:   48 8b 0b 30 c0 48 89 df ff 91 68 04 00 00 48 8b
0x000000011eaad40d:   03 48 89 df ff 50 78 48 85 c0 74 36 49 89 c6 48 

Register to memory mapping:

RAX=0x000000011eadfe40: jScreenNotifySettingsChanged+0 in /Library/Java/JavaVirtualMachines/jdk1.8.0_25.jdk/Contents/Home/jre/lib/libglass.dylib at 0x000000011ea97000
RBX=0x0000000000000000 is an unknown value
RCX=0x49001f74d8074734 is an unknown value
RDX=0x00007fba7bd86b30 is an unknown value
RSP=0x00007fff5b3d5550 is an unknown value
RBP=0x00007fff5b3d5560 is an unknown value
RSI=0x00007fba7bd1ec20 is a global jni handle
RDI=0x0000000000000000 is an unknown value
R8 =0x00007fff5b3d5400 is an unknown value
R9 =0x00007fff7d8da300: _thread+0 in /usr/lib/system/libsystem_pthread.dylib at 0x00007fff97bf2000
R10=0x0000000000000000 is an unknown value
R11=0x0000000000000246 is an unknown value
R12=0x00007fba7bd2b670 is an unknown value
R13=0x00000000000f4268 is an unknown value
R14=0x00007fba7bd80190 is an unknown value
R15=0x00007fff5b3d56a0 is an unknown value


Stack: [0x00007fff5abd9000,0x00007fff5b3d9000],  sp=0x00007fff5b3d5550,  free space=8177k
Native frames: (J=compiled Java code, j=interpreted, Vv=VM code, C=native code)
C  [libglass.dylib+0x163fd]  GlassScreenDidChangeScreenParameters+0x9d
C  [CoreFoundation+0x11ecdc]  __CFNOTIFICATIONCENTER_IS_CALLING_OUT_TO_AN_OBSERVER__+0xc
C  [CoreFoundation+0x10244]  _CFXNotificationPost+0xc44
C  [Foundation+0x2c31]  -[NSNotificationCenter postNotificationName:object:userInfo:]+0x42
C  [AppKit+0x36305e]  -[NSApplication _reactToScreenInvalidationImmediately:]+0x17b
C  [AppKit+0x362e9d]  __44-[NSApplication _reactToScreenInvalidation:]_block_invoke+0x4b
C  [CoreFoundation+0x8056c]  __CFRUNLOOP_IS_CALLING_OUT_TO_A_BLOCK__+0xc
C  [CoreFoundation+0x72675]  __CFRunLoopDoBlocks+0x155
C  [CoreFoundation+0x721b6]  __CFRunLoopRun+0x716
C  [CoreFoundation+0x71858]  CFRunLoopRunSpecific+0x128
C  [java+0x56cc]  CreateExecutionEnvironment+0x367
C  [java+0x165c]  JLI_Launch+0x7a0
C  [java+0x768a]  main+0x65
C  [java+0xeb4]  start+0x34


---------------  P R O C E S S  ---------------

VM state:at safepoint (normal execution)

VM Mutex/Monitor currently owned by a thread:  ([mutex/lock_event])
[0x00007fba7be03650] Threads_lock - owner thread: 0x00007fba7c82c800
[0x00007fba7be03b50] Heap_lock - owner thread: 0x00007fba7d050800

Heap:
 PSYoungGen      total 38400K, used 29176K [0x0000000795580000, 0x0000000798000000, 0x00000007c0000000)
  eden space 33280K, 72% used [0x0000000795580000,0x0000000796d02090,0x0000000797600000)
  from space 5120K, 99% used [0x0000000797600000,0x0000000797afc110,0x0000000797b00000)
  to   space 5120K, 0% used [0x0000000797b00000,0x0000000797b00000,0x0000000798000000)
 ParOldGen       total 87552K, used 1725K [0x0000000740000000, 0x0000000745580000, 0x0000000795580000)
  object space 87552K, 1% used [0x0000000740000000,0x00000007401af5c0,0x0000000745580000)
 Metaspace       used 18910K, capacity 19856K, committed 19968K, reserved 1067008K
  class space    used 2771K, capacity 2983K, committed 3072K, reserved 1048576K

Card table byte_map: [0x00000001155c0000,0x00000001159c1000] byte_map_base: 0x0000000111bc0000

Marking Bits: (ParMarkBitMap*) 0x00000001051c2390
 Begin Bits: [0x0000000116078000, 0x0000000118078000)
 End Bits:   [0x0000000118078000, 0x000000011a078000)

Polling page: 0x000000010599d000

CodeCache: size=245760Kb used=5481Kb max_used=5481Kb free=240278Kb
 bounds [0x0000000106200000, 0x0000000106760000, 0x0000000115200000]
 total_blobs=2310 nmethods=1673 adapters=551
 compilation: enabled

Compilation events (10 events):
Event: 14520.161 Thread 0x00007fba7c022800 1674       3       java.util.AbstractList$Itr::<init> (6 bytes)
Event: 14520.182 Thread 0x00007fba7c022800 nmethod 1674 0x000000010675b0d0 code [0x000000010675b240, 0x000000010675b490]
Event: 14520.182 Thread 0x00007fba7c022800 