#
# A fatal error has been detected by the Java Runtime Environment:
#
#  SIGSEGV (0xb) at pc=0x0000000127eb83fd, pid=1388, tid=1811
#
# JRE version: Java(TM) SE Runtime Environment (8.0_25-b17) (build 1.8.0_25-b17)
# Java VM: Java HotSpot(TM) 64-Bit Server VM (25.25-b02 mixed mode bsd-amd64 compressed oops)
# Problematic frame:
# C  [libglass.dylib+0x163fd]  GlassScreenDidChangeScreenParameters+0x9d
#
# Failed to write core dump. Core dumps have been disabled. To enable core dumping, try "ulimit -c unlimited" before starting Java again
#
# If you would like to submit a bug report, please visit:
#   http://bugreport.sun.com/bugreport/crash.jsp
#

---------------  T H R E A D  ---------------

Current thread is native thread

siginfo: si_signo: 11 (SIGSEGV), si_code: 1 (SEGV_MAPERR), si_addr: 0x0000000000000000

Registers:
RAX=0x0000000127eeae40, RBX=0x0000000000000000, RCX=0x9a0004d61ab97897, RDX=0x00007fab93f66f80
RSP=0x00007fff51fca530, RBP=0x00007fff51fca540, RSI=0x00007fab93d1e840, RDI=0x0000000000000000
R8 =0x00007fff51fca3e0, R9 =0x00007fff7ee5b300, R10=0x0000000000000000, R11=0x0000000000000246
R12=0x00007fab93e06f10, R13=0x00000000000f4268, R14=0x00007fab93d68ae0, R15=0x00007fff51fca680
RIP=0x0000000127eb83fd, EFLAGS=0x0000000000010202, ERR=0x0000000000000004
  TRAPNO=0x000000000000000e

Top of Stack: (sp=0x00007fff51fca530)
0x00007fff51fca530:   00007fff51fca710 00007fab93d68ae0
0x00007fff51fca540:   00007fff51fca550 00007fff96f24cdc
0x00007fff51fca550:   00007fff51fca8b0 00007fff96e16244
0x00007fff51fca560:   00007fff51fca5b0 0000000000001400
0x00007fff51fca570:   00007fff7e88bcf0 00007fab9d6cc240
0x00007fff51fca580:   0000000000001002 0000000000000900
0x00007fff51fca590:   00007fab9d6cc240 00007fab93d68ae0
0x00007fff51fca5a0:   0000000000000000 00007fff51fca680
0x00007fff51fca5b0:   0000000000000000 00007fab93d68aa0
0x00007fff51fca5c0:   00007fff51fca700 0000000000000060
0x00007fff51fca5d0:   00000000000f432c 00007fab93c4e8a0
0x00007fff51fca5e0:   00007fab93c3d1f0 00007fab93e06f10
0x00007fff51fca5f0:   0000000000000001 00000000000f4268
0x00007fff51fca600:   00007fab93e06f00 00007fff98d0dacb
0x00007fff51fca610:   0000000000000001 0000000000000001
0x00007fff51fca620:   0000000000000030 0000000000000001
0x00007fff51fca630:   00007fff51fca650 00007fff98d13231
0x00007fff51fca640:   00007fff7e889dd0 0000000000000000
0x00007fff51fca650:   00007fff51fca670 000000000000000c
0x00007fff51fca660:   0002630394147400 00007fab93e06f34
0x00007fff51fca670:   0000000000000000 00007fff96e0bd1f
0x00007fff51fca680:   00007fab93d68ae0 00007fff7e889dd0
0x00007fff51fca690:   00007fff51fca710 00007fff96e1484f
0x00007fff51fca6a0:   00007fff51fca71c 00007fff51fca720
0x00007fff51fca6b0:   000000010dc4fa00 0000000000000002
0x00007fff51fca6c0:   000000010dc4c000 00007fab93cf4e82
0x00007fff51fca6d0:   0000000000000003 000000010dc50e00
0x00007fff51fca6e0:   00007fff51fca7d0 00007fff98d0c2a2
0x00007fff51fca6f0:   00007fab93e3fcd0 00007fff51fca8b8
0x00007fff51fca700:   0000000000000017 0000000000000000
0x00007fff51fca710:   00000000000f4268 00007fff96e0c013
0x00007fff51fca720:   00007fff00000000 00007fab93c42710 

Instructions: (pc=0x0000000127eb83fd)
0x0000000127eb83dd:   89 df 4c 89 f1 41 ff 90 68 04 00 00 48 8d 05 58
0x0000000127eb83ed:   29 03 00 48 8b 30 48 8d 05 46 2a 03 00 48 8b 10
0x0000000127eb83fd:   48 8b 0b 30 c0 48 89 df ff 91 68 04 00 00 48 8b
0x0000000127eb840d:   03 48 89 df ff 50 78 48 85 c0 74 36 49 89 c6 48 

Register to memory mapping:

RAX=0x0000000127eeae40: jScreenNotifySettingsChanged+0 in /Library/Java/JavaVirtualMachines/jdk1.8.0_25.jdk/Contents/Home/jre/lib/libglass.dylib at 0x0000000127ea2000
RBX=0x0000000000000000 is an unknown value
RCX=0x9a0004d61ab97897 is an unknown value
RDX=0x00007fab93f66f80 is an unknown value
RSP=0x00007fff51fca530 is an unknown value
RBP=0x00007fff51fca540 is an unknown value
RSI=0x00007fab93d1e840 is a global jni handle
RDI=0x0000000000000000 is an unknown value
R8 =0x00007fff51fca3e0 is an unknown value
R9 =0x00007fff7ee5b300: _thread+0 in /usr/lib/system/libsystem_pthread.dylib at 0x00007fff99173000
R10=0x0000000000000000 is an unknown value
R11=0x0000000000000246 is an unknown value
R12=0x00007fab93e06f10 is an unknown value
R13=0x00000000000f4268 is an unknown value
R14=0x00007fab93d68ae0 is an unknown value
R15=0x00007fff51fca680 is an unknown value


Stack: [0x00007fff517ce000,0x00007fff51fce000],  sp=0x00007fff51fca530,  free space=8177k
Native frames: (J=compiled Java code, j=interpreted, Vv=VM code, C=native code)
C  [libglass.dylib+0x163fd]  GlassScreenDidChangeScreenParameters+0x9d
C  [CoreFoundation+0x11ecdc]  __CFNOTIFICATIONCENTER_IS_CALLING_OUT_TO_AN_OBSERVER__+0xc
C  [CoreFoundation+0x10244]  _CFXNotificationPost+0xc44
C  [Foundation+0x2c31]  -[NSNotificationCenter postNotificationName:object:userInfo:]+0x42
C  [AppKit+0x36305e]  -[NSApplication _reactToScreenInvalidationImmediately:]+0x17b
C  [AppKit+0x362e9d]  __44-[NSApplication _reactToScreenInvalidation:]_block_invoke+0x4b
C  [CoreFoundation+0x8056c]  __CFRUNLOOP_IS_CALLING_OUT_TO_A_BLOCK__+0xc
C  [CoreFoundation+0x72675]  __CFRunLoopDoBlocks+0x155
C  [CoreFoundation+0x721b6]  __CFRunLoopRun+0x716
C  [CoreFoundation+0x71858]  CFRunLoopRunSpecific+0x128
C  [java+0x56cc]  CreateExecutionEnvironment+0x367
C  [java+0x165c]  JLI_Launch+0x7a0
C  [java+0x768a]  main+0x65
C  [java+0xeb4]  start+0x34


---------------  P R O C E S S  ---------------

VM state:not at safepoint (normal execution)

VM Mutex/Monitor currently owned by a thread: None

Heap:
 PSYoungGen      total 38400K, used 15665K [0x0000000795580000, 0x0000000798000000, 0x00000007c0000000)
  eden space 33280K, 31% used [0x0000000795580000,0x0000000795fd25d0,0x0000000797600000)
  from space 5120K, 99% used [0x0000000797b00000,0x0000000797ffa030,0x0000000798000000)
  to   space 5120K, 0% used [0x0000000797600000,0x0000000797600000,0x0000000797b00000)
 ParOldGen       total 87552K, used 4881K [0x0000000740000000, 0x0000000745580000, 0x0000000795580000)
  object space 87552K, 5% used [0x0000000740000000,0x00000007404c4758,0x0000000745580000)
 Metaspace       used 19997K, capacity 21008K, committed 21248K, reserved 1067008K
  class space    used 2859K, capacity 3059K, committed 3072K, reserved 1048576K

Card table byte_map: [0x000000011e9c0000,0x000000011edc1000] byte_map_base: 0x000000011afc0000

Marking Bits: (ParMarkBitMap*) 0x000000010e5cd390
 Begin Bits: [0x000000011f478000, 0x0000000121478000)
 End Bits:   [0x0000000121478000, 0x0000000123478000)

Polling page: 0x000000010eda8000

CodeCache: size=245760Kb used=7801Kb max_used=7801Kb free=237958Kb
 bounds [0x000000010f600000, 0x000000010fdb0000, 0x000000011e600000]
 total_blobs=3153 nmethods=2492 adapters=575
 compilation: enabled

Compilation events (10 events):
Event: 840.253 Thread 0x00007fab95822000 2490       3       jdk.internal.org.objectweb.asm.ByteVector::<init> (12 bytes)
Event: 840.254 Thread 0x00007fab95822000 nmethod 2490 0x000000010fd99e50 code [0x000000010fd99fc0, 0x000000010fd9a210]
Event: 840.270 Thread 0x00007fab95822000 2492       3       java.util.concurrent.atomic.AtomicBoolean::getAndSet (16 bytes)
Event: 840.271 Thread 0x00007fab95822000 nmethod 2492 0x000000010fd996d0 code [0x000000010fd99860, 0x000000010fd99d10]
Event: 840.271 Thread 0x00007fab95822000 2493       3       java.lang.Object::wait (6 bytes)
Event: 840.271 Thread 0x00007fab95822000 nmethod 2493 0x000000010fd992d0 code [0x000000010fd99440, 0x000000010fd99648]
Event: 840.273 Thread 0x00007fab95822000 2495       3       java.util.concurrent.locks.AbstractQueuedSynchronizer$ConditionObject::await (98 bytes)
Event: 840.275 Thread 0x00007fab95822000 nmethod 2495 0x000000010fd976d0 code [0x000000010fd97980, 0x000000010fd98b28]
Event: 840.275 Thread 0x00007fab95822000 2494   !   3       java.util.concurrent.LinkedBlockingDeque::takeFirst (47 bytes)
Event: 840.275 Thread 0x00007fab95822000 nmethod 2494 0x000000010fda2050 code [0x000000010fda2220, 0x000000010fda2a28]

GC Heap History (4 events):
Event: 1.631 GC heap before
{Heap before GC invocations=1 (full 0):
 PSYoungGen      total 38400K, used 33268K [0x0000000795580000, 0x0000000798000000, 0x00000007c0000000)
  eden space 33280K, 99% used [0x0000000795580000,0x00000007975fd008,0x0000000797600000)
  from space 5120K, 0% used [0x0000000797b00000,0x0000000797b00000,0x0000000798000000)
  to   space 5120K, 0% used [0x0000000797600000,0x0000000797600000,0x0000000797b00000)
 ParOldGen       total 87552K, used 0K [0x0000000740000000, 0x0000000745580000, 0x0000000795580000)
  object space 87552K, 0% used [0x0000000740000000,0x0000000740000000,0x0000000745580000)
 Metaspace       used 12589K, capacity 13032K, committed 13312K, reserved 1060864K
  class space    used 1655K, capacity 1771K, committed 1792K, reserved 1048576K
Event: 1.639 GC heap after
Heap after GC invocations=1 (full 0):
 PSYoungGen      total 38400K, used 5088K [0x0000000795580000, 0x0000000798000000, 0x00000007c0000000)
  eden space 33280K, 0% used [0x0000000795580000,0x0000000795580000,0x0000000797600000)
  from space 5120K, 99% used [0x0000000797600000,0x0000000797af8100,0x0000000797b00000)
  to   space 5120K, 0% used [0x0000000797b00000,0x0000000797b00000,0x0000000798000000)
 ParOldGen       total 87552K, used 1769K [0x0000000740000000, 0x0000000745580000, 0x0000000795580000)
  object space 87552K, 2% used [0x0000000740000000,0x00000007401ba4b8,0x0000000745580000)
 Metaspace       used 12589K, capacity 13032K, committed 13312K, reserved 1060864K
  class space    used 1655K, capacity 1771K, committed 1792K, reserved 1048576K
}
Event: 351.129 GC heap before
{Heap before GC invocations=2 (full 0):
 PSYoungGen      total 38400K, used 38368K [0x0000000795580000, 0x0000000798000000, 0x00000007c0000000)
  eden space 33280K, 100% used [0x0000000795580000,0x0000000797600000,0x0000000797600000)
  from space 5120K, 99% used [0x0000000797600000,0x0000000797af8100,0x0000000797b00000)
  to   space 5120K, 0% used [0x0000000797b00000,0x0000000797b00000,0x0000000798000000)
 ParOldGen       total 87552K, used 1769K [0x0000000740000000, 0x0000000745580000, 0x0000000795580000)
  object space 87552K, 2% used [0x0000000740000000,0x00000007401ba4b8,0x0000000745580000)
 Metaspace       used 19957K, capacity 20972K, committed 21248K, reserved 1067008K
  class space    used 2852K, capacity 3051K, committed 3072K, reserved 1048576K
Event: 351.149 GC heap after
Heap after GC invocations=2 (full 0):
 PSYoungGen      total 38400K, used 5096K [0x0000000795580000, 0x0000000798000000, 0x00000007c0000000)
  eden space 33280K, 0% used [0x0000000795580000,0x0000000795580000,0x0000000797600000)
  from space 5120K, 99% used [0x0000000797b00000,0x0000000797ffa030,0x0000000798000000)
  to   space 5120K, 0% used [0x0000000797600000,0x0000000797600000,0x0000000797b00000)
 ParOldGen       total 87552K, used 4881K [0x0000000740000000, 0x0000000745580000, 0x0000000795580000)
  object space 87552K, 5% used [0x0000000740000000,0x00000007404c4758,0x0000000745580000)
 Metaspace       used 19957K, capacity 20972K, committed 21248K, reserved 1067008K
  class space    used 2852K, capacity 3051K, committed 3072K, reserved 1048576K
}

Deoptimization events (10 events):
Event: 1.963 Thread 0x00007fab94920000 Uncommon trap: reason=class_check action=maybe_recompile pc=0x000000010f738e38 method=java.lang.String.equals(Ljava/lang/Object;)Z @ 8
Event: 2.036 Thread 0x00007fab94920000 Uncommon trap: reason=unreached action=reinterpret pc=0x000000010f94c784 method=javafx.beans.property.ObjectPropertyBase.get()Ljava/lang/Object; @ 9
Event: 2.317 Thread 0x00007fab94920000 Uncommon trap: reason=array_check action=maybe_recompile pc=0x000000010fa95504 method=com.sun.javafx.css.SimpleSelector.applies(Ljavafx/css/Styleable;[Ljava/util/Set;I)Z @ 37
Event: 2.317 Thread 0x00007fab94920000 Uncommon trap: reason=array_check action=maybe_recompile pc=0x000000010fa95504 method=com.sun.javafx.css.SimpleSelector.applies(Ljavafx/css/Styleable;[Ljava/util/Set;I)Z @ 37
Event: 2.318 Thread 0x00007fab94920000 Uncommon trap: reason=array_check action=maybe_recompile pc=0x000000010fa95504 method=com.sun.javafx.css.SimpleSelector.applies(Ljavafx/css/Styleable;[Ljava/util/Set;I)Z @ 37
Event: 2.318 Thread 0x00007fab94920000 Uncommon trap: reason=array_check action=maybe_recompile pc=0x000000010fa95504 method=com.sun.javafx.css.SimpleSelector.applies(Ljavafx/css/Styleable;[Ljava/util/Set;I)Z @ 37
Event: 3.015 Thread 0x00007fab948f7800 Uncommon trap: reason=bimorphic action=maybe_recompile pc=0x000000010fb14ae4 method=java.util.WeakHashMap.eq(Ljava/lang/Object;Ljava/lang/Object;)Z @ 7
Event: 3.052 Thread 0x00007fab948f7800 Uncommon trap: reason=bimorphic action=maybe_recompile pc=0x000000010fb14ae4 method=java.util.WeakHashMap.eq(Ljava/lang/Object;Ljava/lang/Object;)Z @ 7
Event: 3.054 Thread 0x00007fab948f7800 Uncommon trap: reason=bimorphic action=maybe_recompile pc=0x000000010fb14ae4 method=java.util.WeakHashMap.eq(Ljava/lang/Object;Ljava/lang/Object;)Z @ 7
Event: 3.084 Thread 0x00007fab948f7800 Uncommon trap: reason=bimorphic action=maybe_recompile pc=0x000000010fb14ae4 method=java.util.WeakHashMap.eq(Ljava/lang/Object;Ljava/lang/Object;)Z @ 7

Internal exceptions (10 events):
Event: 2.303 Thread 0x00007fab94920000 Exception <a 'java/io/FileNotFoundException'> (0x000000079657ca30) thrown at [/HUDSON3/workspace/8-2-build-macosx-x86_64/jdk8u25/1514/hotspot/src/share/vm/prims/jni.cpp, line 716]
Event: 2.315 Thread 0x00007fab94920000 Exception <a 'java/security/PrivilegedActionException'> (0x00000007965cb688) thrown at [/HUDSON3/workspace/8-2-build-macosx-x86_64/jdk8u25/1514/hotspot/src/share/vm/prims/jvm.cpp, line 1312]
Event: 2.316 Thread 0x00007fab94920000 Exception <a 'java/security/PrivilegedActionException'> (0x00000007965d0038) thrown at [/HUDSON3/workspace/8-2-build-macosx-x86_64/jdk8u25/1514/hotspot/src/share/vm/prims/jvm.cpp, line 1312]
Event: 2.456 Thread 0x00007fab94920000 Exception <a 'java/security/PrivilegedActionException'> (0x00000007967edb08) thrown at [/HUDSON3/workspace/8-2-build-macosx-x86_64/jdk8u25/1514/hotspot/src/share/vm/prims/jvm.cpp, line 1312]
Event: 2.458 Thread 0x00007fab94920000 Exception <a 'java/security/PrivilegedActionException'> (0x00000007967f3a20) thrown at [/HUDSON3/workspace/8-2-build-macosx-x86_64/jdk8u25/1514/hotspot/src/share/vm/prims/jvm.cpp, line 1312]
Event: 2.460 Thread 0x00007fab94920000 Exception <a 'java/security/PrivilegedActionException'> (0x00000007967fc6d8) thrown at [/HUDSON3/workspace/8-2-build-macosx-x86_64/jdk8u25/1514/hotspot/src/share/vm/prims/jvm.cpp, line 1312]
Event: 6.056 Thread 0x00007fab94920000 Exception <a 'java/security/PrivilegedActionException'> (0x0000000796e0c220) thrown at [/HUDSON3/workspace/8-2-build-macosx-x86_64/jdk8u25/1514/hotspot/src/share/vm/prims/jvm.cpp, line 1312]
Event: 6.056 Thread 0x00007fab94920000 Exception <a 'java/security/PrivilegedActionException'> (0x0000000796e10610) thrown at [/HUDSON3/workspace/8-2-build-macosx-x86_64/jdk8u25/1514/hotspot/src/share/vm/prims/jvm.cpp, line 1312]
Event: 6.056 Thread 0x00007fab94920000 Exception <a 'java/security/PrivilegedActionException'> (0x0000000796e163d8) thrown at [/HUDSON3/workspace/8-2-build-macosx-x86_64/jdk8u25/1514/hotspot/src/share/vm/prims/jvm.cpp, line 1312]
Event: 6.057 Thread 0x00007fab94920000 Exception <a 'java/security/PrivilegedActionException'> (0x0000000796e1ac80) thrown at [/HUDSON3/workspace/8-2-build-macosx-x86_64/jdk8u25/1514/hotspot/src/share/vm/prims/jvm.cpp, line 1312]

Events (10 events):
Event: 840.272 loading class com/sun/javafx/tk/quantum/QuantumRenderer
Event: 840.272 loading class com/sun/javafx/tk/quantum/QuantumRenderer done
Event: 840.273 loading class com/sun/javafx/tk/quantum/QuantumToolkit
Event: 840.273 loading class com/sun/javafx/tk/quantum/QuantumToolkit done
Event: 840.273 Thread 0x00007fab948f7800 Thread exited: 0x00007fab948f7800
Event: 840.273 Thread 0x00007fab94081800 Thread exited: 0x00007fab94081800
Event: 840.274 Thread 0x00007fab95004800 Thread exited: 0x00007fab95004800
Event: 840.274 Thread 0x00007fab94a10800 Thread added: 0x00007fab94a10800
Event: 840.771 Thread 0x00007fab94920000 Thread exited: 0x00007fab94920000
Event: 840.771 loading class java/util/IdentityHashMap$KeyIterator


Dynamic libraries:
0x000000000d160000 	/System/Library/Frameworks/Cocoa.framework/Versions/A/Cocoa
0x000000000d160000 	/System/Library/Frameworks/Security.framework/Versions/A/Security
0x000000000d160000 	/System/Library/Frameworks/ApplicationServices.framework/Versions/A/ApplicationServices
0x000000000d160000 	/usr/lib/libz.1.dylib
0x000000000d160000 	/usr/lib/libSystem.B.dylib
0x000000000d160000 	/usr/lib/libobjc.A.dylib
0x000000000d160000 	/System/Library/Frameworks/CoreFoundation.framework/Versions/A/CoreFoundation
0x000000000d160000 	/System/Library/Frameworks/Foundation.framework/Versions/C/Foundation
0x000000000d160000 	/System/Library/Frameworks/AppKit.framework/Versions/C/AppKit
0x000000000d160000 	/System/Library/Frameworks/CoreData.framework/Versions/A/CoreData
0x000000000d160000 	/System/Library/PrivateFrameworks/RemoteViewServices.framework/Versions/A/RemoteViewServices
0x000000000d160000 	/System/Library/PrivateFrameworks/UIFoundation.framework/Versions/A/UIFoundation
0x000000000d160000 	/System/Library/Frameworks/IOSurface.framework/Versions/A/IOSurface
0x000000000d160000 	/System/Library/Frameworks/AudioToolbox.framework/Versions/A/AudioToolbox
0x000000000d160000 	/System/Library/Frameworks/AudioUnit.framework/Versions/A/AudioUnit
0x000000000d160000 	/System/Library/PrivateFrameworks/DataDetectorsCore.framework/Versions/A/DataDetectorsCore
0x000000000d160000 	/System/Library/PrivateFrameworks/DesktopServicesPriv.framework/Versions/A/DesktopServicesPriv
0x000000000d160000 	/System/Library/Frameworks/Carbon.framework/Versions/A/Frameworks/HIToolbox.framework/Versions/A/HIToolbox
0x000000000d160000 	/System/Library/Frameworks/QuartzCore.framework/Versions/A/QuartzCore
0x000000000d160000 	/System/Library/Frameworks/Carbon.framework/Versions/A/Frameworks/SpeechRecognition.framework/Versions/A/SpeechRecognition
0x000000000d160000 	/usr/lib/libauto.dylib
0x000000000d160000 	/usr/lib/libicucore.A.dylib
0x000000000d160000 	/usr/lib/libxml2.2.dylib
0x000000000d160000 	/System/Library/PrivateFrameworks/CoreUI.framework/Versions/A/CoreUI
0x000000000d160000 	/System/Library/Frameworks/CoreAudio.framework/Versions/A/CoreAudio
0x000000000d160000 	/System/Library/Frameworks/DiskArbitration.framework/Versions/A/DiskArbitration
0x000000000d160000 	/usr/lib/liblangid.dylib
0x000000000d160000 	/System/Library/PrivateFrameworks/MultitouchSupport.framework/Versions/A/MultitouchSupport
0x000000000d160000 	/System/Library/Frameworks/IOKit.framework/Versions/A/IOKit
0x000000000d160000 	/usr/lib/libDiagnosticMessagesClient.dylib
0x000000000d160000 	/System/Library/Frameworks/CoreServices.framework/Versions/A/CoreServices
0x000000000d160000 	/System/Library/PrivateFrameworks/PerformanceAnalysis.framework/Versions/A/PerformanceAnalysis
0x000000000d160000 	/System/Library/PrivateFrameworks/GenerationalStorage.framework/Versions/A/GenerationalStorage
0x000000000d160000 	/System/Library/Frameworks/OpenGL.framework/Versions/A/OpenGL
0x000000000d160000 	/System/Library/PrivateFrameworks/Sharing.framework/Versions/A/Sharing
0x000000000d160000 	/System/Library/Frameworks/CoreGraphics.framework/Versions/A/CoreGraphics
0x000000000d160000 	/System/Library/Frameworks/CoreText.framework/Versions/A/CoreText
0x000000000d160000 	/System/Library/Frameworks/ImageIO.framework/Versions/A/ImageIO
0x000000000d160000 	/usr/lib/libextension.dylib
0x000000000d160000 	/System/Library/PrivateFrameworks/Backup.framework/Versions/A/Backup
0x000000000d160000 	/usr/lib/libarchive.2.dylib
0x000000000d160000 	/System/Library/Frameworks/CFNetwork.framework/Versions/A/CFNetwork
0x000000000d160000 	/System/Library/Frameworks/SystemConfiguration.framework/Versions/A/SystemConfiguration
0x000000000d160000 	/usr/lib/libCRFSuite.dylib
0x000000000d160000 	/usr/lib/libc++.1.dylib
0x000000000d160000 	/usr/lib/libc++abi.dylib
0x000000000d160000 	/usr/lib/system/libcache.dylib
0x000000000d160000 	/usr/lib/system/libcommonCrypto.dylib
0x000000000d160000 	/usr/lib/system/libcompiler_rt.dylib
0x000000000d160000 	/usr/lib/system/libcopyfile.dylib
0x000000000d160000 	/usr/lib/system/libcorecrypto.dylib
0x000000000d160000 	/usr/lib/system/libdispatch.dylib
0x000000000d160000 	/usr/lib/system/libdyld.dylib
0x000000000d160000 	/usr/lib/system/libkeymgr.dylib
0x000000000d160000 	/usr/lib/system/liblaunch.dylib
0x000000000d160000 	/usr/lib/system/libmacho.dylib
0x000000000d160000 	/usr/lib/system/libquarantine.dylib
0x000000000d160000 	/usr/lib/system/libremovefile.dylib
0x000000000d160000 	/usr/lib/system/libsystem_asl.dylib
0x000000000d160000 	/usr/lib/system/libsystem_blocks.dylib
0x000000000d160000 	/usr/lib/system/libsystem_c.dylib
0x000000000d160000 	/usr/lib/system/libsystem_configuration.dylib
0x000000000d160000 	/usr/lib/system/libsystem_coreservices.dylib
0x000000000d160000 	/usr/lib/system/libsystem_coretls.dylib
0x000000000d160000 	/usr/lib/system/libsystem_dnssd.dylib
0x000000000d160000 	/usr/lib/system/libsystem_info.dylib
0x000000000d160000 	/usr/lib/system/libsystem_kernel.dylib
0x000000000d160000 	/usr/lib/system/libsystem_m.dylib
0x000000000d160000 	/usr/lib/system/libsystem_malloc.dylib
0x000000000d160000 	/usr/lib/system/libsystem_network.dylib
0x000000000d160000 	/usr/lib/system/libsystem_networkextension.dylib
0x000000000d160000 	/usr/lib/system/libsystem_notify.dylib
0x000000000d160000 	/usr/lib/system/libsystem_platform.dylib
0x000000000d160000 	/usr/lib/system/libsystem_pthread.dylib
0x000000000d160000 	/usr/lib/system/libsystem_sandbox.dylib
0x000000000d160000 	/usr/lib/system/libsystem_secinit.dylib
0x000000000d160000 	/usr/lib/system/libsystem_stats.dylib
0x000000000d160000 	/usr/lib/system/libsystem_trace.dylib
0x000000000d160000 	/usr/lib/system/libunc.dylib
0x000000000d160000 	/usr/lib/system/libunwind.dylib
0x000000000d160000 	/usr/lib/system/libxpc.dylib
0x000000000d160000 	/usr/lib/libbz2.1.0.dylib
0x000000000d160000 	/usr/lib/liblzma.5.dylib
0x000000000d160000 	/usr/lib/libbsm.0.dylib
0x000000000d160000 	/usr/lib/libsqlite3.dylib
0x000000000d160000 	/usr/lib/system/libkxld.dylib
0x000000000d160000 	/usr/lib/libxar.1.dylib
0x000000000d160000 	/usr/lib/libpam.2.dylib
0x000000000d160000 	/usr/lib/libOpenScriptingUtil.dylib
0x000000000d160000 	/System/Library/Frameworks/CoreServices.framework/Versions/A/Frameworks/FSEvents.framework/Versions/A/FSEvents
0x000000000d160000 	/System/Library/Frameworks/CoreServices.framework/Versions/A/Frameworks/CarbonCore.framework/Versions/A/CarbonCore
0x000000000d160000 	/System/Library/Frameworks/CoreServices.framework/Versions/A/Frameworks/Metadata.framework/Versions/A/Metadata
0x000000000d160000 	/System/Library/Frameworks/CoreServices.framework/Versions/A/Frameworks/OSServices.framework/Versions/A/OSServices
0x000000000d160000 	/System/Library/Frameworks/CoreServices.framework/Versions/A/Frameworks/SearchKit.framework/Versions/A/SearchKit
0x000000000d160000 	/System/Library/Frameworks/CoreServices.framework/Versions/A/Frameworks/AE.framework/Versions/A/AE
0x000000000d160000 	/System/Library/Frameworks/CoreServices.framework/Versions/A/Frameworks/LaunchServices.framework/Versions/A/LaunchServices
0x000000000d160000 	/System/Library/Frameworks/CoreServices.framework/Versions/A/Frameworks/DictionaryServices.framework/Versions/A/DictionaryServices
0x000000000d160000 	/System/Library/Frameworks/NetFS.framework/Versions/A/NetFS
0x000000000d160000 	/System/Library/PrivateFrameworks/NetAuth.framework/Versions/A/NetAuth
0x000000000d160000 	/System/Library/PrivateFrameworks/login.framework/Versions/A/Frameworks/loginsupport.framework/Versions/A/loginsupport
0x000000000d160000 	/System/Library/PrivateFrameworks/TCC.framework/Versions/A/TCC
0x000000000d160000 	/usr/lib/libmecabra.dylib
0x000000000d160000 	/System/Library/Frameworks/ApplicationServices.framework/Versions/A/Frameworks/ATS.framework/Versions/A/ATS
0x000000000d160000 	/System/Library/Frameworks/ApplicationServices.framework/Versions/A/Frameworks/ColorSync.framework/Versions/A/ColorSync
0x000000000d160000 	/System/Library/Frameworks/ApplicationServices.framework/Versions/A/Frameworks/HIServices.framework/Versions/A/HIServices
0x000000000d160000 	/System/Library/Frameworks/ApplicationServices.framework/Versions/A/Frameworks/LangAnalysis.framework/Versions/A/LangAnalysis
0x000000000d160000 	/System/Library/Frameworks/ApplicationServices.framework/Versions/A/Frameworks/PrintCore.framework/Versions/A/PrintCore
0x000000000d160000 	/System/Library/Frameworks/ApplicationServices.framework/Versions/A/Frameworks/QD.framework/Versions/A/QD
0x000000000d160000 	/System/Library/Frameworks/ApplicationServices.framework/Versions/A/Frameworks/SpeechSynthesis.framework/Versions/A/SpeechSynthesis
0x000000000d160000 	/System/Library/Frameworks/Accelerate.framework/Versions/A/Accelerate
0x000000000d160000 	/System/Library/Frameworks/Accelerate.framework/Versions/A/Frameworks/vImage.framework/Versions/A/vImage
0x000000000d160000 	/System/Library/Frameworks/Accelerate.framework/Versions/A/Frameworks/vecLib.framework/Versions/A/vecLib
0x000000000d160000 	/System/Library/Frameworks/Accelerate.framework/Versions/A/Frameworks/vecLib.framework/Versions/A/libvDSP.dylib
0x000000000d160000 	/System/Library/Frameworks/Accelerate.framework/Versions/A/Frameworks/vecLib.framework/Versions/A/libvMisc.dylib
0x000000000d160000 	/System/Library/Frameworks/Accelerate.framework/Versions/A/Frameworks/vecLib.framework/Versions/A/libLAPACK.dylib
0x000000000d160000 	/System/Library/Frameworks/Accelerate.framework/Versions/A/Frameworks/vecLib.framework/Versions/A/libBLAS.dylib
0x000000000d160000 	/System/Library/Frameworks/Accelerate.framework/Versions/A/Frameworks/vecLib.framework/Versions/A/libLinearAlgebra.dylib
0x000000000d160000 	/System/Library/Frameworks/ApplicationServices.framework/Versions/A/Frameworks/ATS.framework/Versions/A/Resources/libFontParser.dylib
0x000000000d160000 	/System/Library/Frameworks/ApplicationServices.framework/Versions/A/Frameworks/ATS.framework/Versions/A/Resources/libFontRegistry.dylib
0x000000000d160000 	/System/Library/PrivateFrameworks/AppleVPA.framework/Versions/A/AppleVPA
0x000000000d160000 	/System/Library/PrivateFrameworks/AppleJPEG.framework/Versions/A/AppleJPEG
0x000000000d160000 	/System/Library/Frameworks/ImageIO.framework/Versions/A/Resources/libJPEG.dylib
0x000000000d160000 	/System/Library/Frameworks/ImageIO.framework/Versions/A/Resources/libTIFF.dylib
0x000000000d160000 	/System/Library/Frameworks/ImageIO.framework/Versions/A/Resources/libPng.dylib
0x000000000d160000 	/System/Library/Frameworks/ImageIO.framework/Versions/A/Resources/libGIF.dylib
0x000000000d160000 	/System/Library/Frameworks/ImageIO.framework/Versions/A/Resources/libJP2.dylib
0x000000000d160000 	/System/Library/Frameworks/ImageIO.framework/Versions/A/Resources/libRadiance.dylib
0x000000000d160000 	/System/Library/Frameworks/CoreVideo.framework/Versions/A/CoreVideo
0x000000000d160000 	/System/Library/Frameworks/OpenGL.framework/Versions/A/Libraries/libGLU.dylib
0x000000000d160000 	/System/Library/Frameworks/OpenGL.framework/Versions/A/Libraries/libGFXShared.dylib
0x000000000d160000 	/System/Library/Frameworks/OpenGL.framework/Versions/A/Libraries/libGL.dylib
0x000000000d160000 	/System/Library/Frameworks/OpenGL.framework/Versions/A/Libraries/libGLImage.dylib
0x000000000d160000 	/System/Library/Frameworks/OpenGL.framework/Versions/A/Libraries/libCVMSPluginSupport.dylib
0x000000000d160000 	/System/Library/Frameworks/OpenGL.framework/Versions/A/Libraries/libCoreVMClient.dylib
0x000000000d160000 	/usr/lib/libcups.2.dylib
0x000000000d160000 	/System/Library/Frameworks/Kerberos.framework/Versions/A/Kerberos
0x000000000d160000 	/System/Library/Frameworks/GSS.framework/Versions/A/GSS
0x000000000d160000 	/usr/lib/libresolv.9.dylib
0x000000000d160000 	/usr/lib/libiconv.2.dylib
0x000000000d160000 	/System/Library/PrivateFrameworks/Heimdal.framework/Versions/A/Heimdal
0x000000000d160000 	/usr/lib/libheimdal-asn1.dylib
0x000000000d160000 	/System/Library/Frameworks/OpenDirectory.framework/Versions/A/OpenDirectory
0x000000000d160000 	/System/Library/PrivateFrameworks/CommonAuth.framework/Versions/A/CommonAuth
0x000000000d160000 	/System/Library/Frameworks/OpenDirectory.framework/Versions/A/Frameworks/CFOpenDirectory.framework/Versions/A/CFOpenDirectory
0x000000000d160000 	/System/Library/Frameworks/SecurityFoundation.framework/Versions/A/SecurityFoundation
0x000000000d160000 	/System/Library/PrivateFrameworks/LanguageModeling.framework/Versions/A/LanguageModeling
0x000000000d160000 	/usr/lib/libcmph.dylib
0x000000000d160000 	/System/Library/Frameworks/ServiceManagement.framework/Versions/A/ServiceManagement
0x000000000d160000 	/usr/lib/libxslt.1.dylib
0x000000000d160000 	/System/Library/Frameworks/Carbon.framework/Versions/A/Frameworks/Ink.framework/Versions/A/Ink
0x000000000d160000 	/System/Library/Frameworks/QuartzCore.framework/Versions/A/Frameworks/CoreImage.framework/Versions/A/CoreImage
0x000000000d160000 	/System/Library/PrivateFrameworks/CrashReporterSupport.framework/Versions/A/CrashReporterSupport
0x000000000d160000 	/System/Library/Frameworks/OpenCL.framework/Versions/A/OpenCL
0x000000000d160000 	/System/Library/PrivateFrameworks/FaceCore.framework/Versions/A/FaceCore
0x000000000d160000 	/System/Library/PrivateFrameworks/Ubiquity.framework/Versions/A/Ubiquity
0x000000000d160000 	/System/Library/PrivateFrameworks/IconServices.framework/Versions/A/IconServices
0x000000000d160000 	/System/Library/PrivateFrameworks/ChunkingLibrary.framework/Versions/A/ChunkingLibrary
0x000000000d160000 	/System/Library/PrivateFrameworks/Apple80211.framework/Versions/A/Apple80211
0x000000000d160000 	/System/Library/Frameworks/CoreWLAN.framework/Versions/A/CoreWLAN
0x000000000d160000 	/System/Library/Frameworks/IOBluetooth.framework/Versions/A/IOBluetooth
0x000000000d160000 	/System/Library/PrivateFrameworks/CoreWiFi.framework/Versions/A/CoreWiFi
0x000000000d160000 	/System/Library/Frameworks/CoreBluetooth.framework/Versions/A/CoreBluetooth
0x000000000d160000 	/System/Library/PrivateFrameworks/DebugSymbols.framework/Versions/A/DebugSymbols
0x000000000d160000 	/System/Library/PrivateFrameworks/CoreSymbolication.framework/Versions/A/CoreSymbolication
0x000000000d160000 	/System/Library/PrivateFrameworks/Symbolication.framework/Versions/A/Symbolication
0x000000000d160000 	/System/Library/PrivateFrameworks/SpeechRecognitionCore.framework/Versions/A/SpeechRecognitionCore
0x000000010dd30000 	/Library/Java/JavaVirtualMachines/jdk1.8.0_25.jdk/Contents/Home/jre/lib/server/libjvm.dylib
0x000000000d160000 	/usr/lib/libstdc++.6.dylib
0x000000010ed66000 	/Library/Java/JavaVirtualMachines/jdk1.8.0_25.jdk/Contents/Home/jre/lib/libverify.dylib
0x000000010ed74000 	/Library/Java/JavaVirtualMachines/jdk1.8.0_25.jdk/Contents/Home/jre/lib/libjava.dylib
0x000000010edb2000 	/Library/Java/JavaVirtualMachines/jdk1.8.0_25.jdk/Contents/Home/jre/lib/libzip.dylib
0x000000010ede4000 	/System/Library/Frameworks/JavaVM.framework/Frameworks/JavaRuntimeSupport.framework/JavaRuntimeSupport
0x000000012564c000 	/System/Library/Frameworks/JavaVM.framework/Versions/A/Frameworks/JavaNativeFoundation.framework/Versions/A/JavaNativeFoundation
0x0000000125660000 	/System/Library/Frameworks/JavaVM.framework/Versions/A/JavaVM
0x000000000d160000 	/System/Library/Frameworks/Carbon.framework/Versions/A/Carbon
0x000000012566c000 	/System/Library/PrivateFrameworks/JavaLaunching.framework/Versions/A/JavaLaunching
0x000000000d160000 	/System/Library/Frameworks/Carbon.framework/Versions/A/Frameworks/CommonPanels.framework/Versions/A/CommonPanels
0x000000000d160000 	/System/Library/Frameworks/Carbon.framework/Versions/A/Frameworks/Help.framework/Versions/A/Help
0x000000000d160000 	/System/Library/Frameworks/Carbon.framework/Versions/A/Frameworks/ImageCapture.framework/Versions/A/ImageCapture
0x000000000d160000 	/System/Library/Frameworks/Carbon.framework/Versions/A/Frameworks/OpenScripting.framework/Versions/A/OpenScripting
0x000000000d160000 	/System/Library/Frameworks/Carbon.framework/Versions/A/Frameworks/Print.framework/Versions/A/Print
0x000000000d160000 	/System/Library/Frameworks/Carbon.framework/Versions/A/Frameworks/SecurityHI.framework/Versions/A/SecurityHI
0x00000001275fe000 	/Applications/IntelliJ IDEA 14.app/Contents/bin/libbreakgen64.jnilib
0x0000000127790000 	/Library/Java/JavaVirtualMachines/jdk1.8.0_25.jdk/Contents/Home/jre/lib/libnet.dylib
0x00000001279f5000 	/Library/Java/JavaVirtualMachines/jdk1.8.0_25.jdk/Contents/Home/jre/lib/libprism_es2.dylib
0x000000000d160000 	/System/Library/Frameworks/OpenGL.framework/Versions/A/Resources/GLEngine.bundle/GLEngine
0x000000000d160000 	/System/Library/Frameworks/OpenGL.framework/Versions/A/Libraries/libGLProgrammability.dylib
0x0000000000000000 	/System/Library/Extensions/AppleIntelHD5000GraphicsGLDriver.bundle/Contents/MacOS/AppleIntelHD5000GraphicsGLDriver
0x000000000d160000 	/System/Library/PrivateFrameworks/IOAccelerator.framework/Versions/A/IOAccelerator
0x000000000d160000 	/System/Library/PrivateFrameworks/GPUSupport.framework/Versions/A/Libraries/libGPUSupportMercury.dylib
0x000000000d160000 	/System/Library/Frameworks/OpenGL.framework/Versions/A/Resources/GLRendererFloat.bundle/GLRendererFloat
0x000000000d160000 	/System/Library/Frameworks/OpenCL.framework/Versions/A/Libraries/libcldcpuengine.dylib
0x000000000d160000 	/System/Library/PrivateFrameworks/DiskImages.framework/Versions/A/DiskImages
0x000000000d160000 	/System/Library/Frameworks/DiscRecording.framework/Versions/A/DiscRecording
0x000000000d160000 	/usr/lib/libcsfde.dylib
0x000000000d160000 	/usr/lib/libcurl.4.dylib
0x000000000d160000 	/System/Library/PrivateFrameworks/MediaKit.framework/Versions/A/MediaKit
0x000000000d160000 	/System/Library/PrivateFrameworks/ProtectedCloudStorage.framework/Versions/A/ProtectedCloudStorage
0x000000000d160000 	/usr/lib/libCoreStorage.dylib
0x000000000d160000 	/System/Library/PrivateFrameworks/EFILogin.framework/Versions/A/EFILogin
0x000000000d160000 	/usr/lib/libutil.dylib
0x000000000d160000 	/System/Library/PrivateFrameworks/FindMyDevice.framework/Versions/A/FindMyDevice
0x000000000d160000 	/System/Library/Frameworks/LDAP.framework/Versions/A/LDAP
0x000000000d160000 	/usr/lib/libsasl2.2.dylib
0x000000000d160000 	/System/Library/PrivateFrameworks/CoreDaemon.framework/Versions/B/CoreDaemon
0x000000000d160000 	/usr/lib/libcrypto.0.9.8.dylib
0x000000000d160000 	/System/Library/PrivateFrameworks/AppleSRP.framework/Versions/A/AppleSRP
0x000000000d160000 	/System/Library/PrivateFrameworks/TrustEvaluationAgent.framework/Versions/A/TrustEvaluationAgent
0x0000000127ea2000 	/Library/Java/JavaVirtualMachines/jdk1.8.0_25.jdk/Contents/Home/jre/lib/libglass.dylib
0x000000000d160000 	/System/Library/PrivateFrameworks/CoreServicesInternal.framework/Versions/A/CoreServicesInternal
0x000000000d160000 	/System/Library/PrivateFrameworks/CloudDocs.framework/Versions/A/CloudDocs
0x000000000d160000 	/System/Library/PrivateFrameworks/CoreDuet.framework/Versions/A/CoreDuet
0x000000000d160000 	/System/Library/Frameworks/CloudKit.framework/Versions/A/CloudKit
0x000000000d160000 	/System/Library/PrivateFrameworks/ProtocolBuffer.framework/Versions/A/ProtocolBuffer
0x000000000d160000 	/System/Library/PrivateFrameworks/CoreDuetDaemonProtocol.framework/Versions/A/CoreDuetDaemonProtocol
0x000000000d160000 	/System/Library/PrivateFrameworks/CoreDuetDebugLogging.framework/Versions/A/CoreDuetDebugLogging
0x000000000d160000 	/System/Library/Frameworks/CoreLocation.framework/Versions/A/CoreLocation
0x000000000d160000 	/System/Library/Frameworks/Accounts.framework/Versions/A/Accounts
0x000000000d160000 	/System/Library/PrivateFrameworks/ApplePushService.framework/Versions/A/ApplePushService
0x000000000d160000 	/System/Library/PrivateFrameworks/GeoServices.framework/Versions/A/GeoServices
0x000000000d160000 	/System/Library/PrivateFrameworks/OAuth.framework/Versions/A/OAuth
0x000000000d160000 	/System/Library/Frameworks/CoreGraphics.framework/Versions/A/Resources/libCGCMS.A.dylib
0x000000000d160000 	/System/Library/CoreServices/RawCamera.bundle/Contents/MacOS/RawCamera
0x000000000d160000 	/System/Library/Frameworks/CoreGraphics.framework/Versions/A/Resources/libRIP.A.dylib
0x000000000d160000 	/System/Library/PrivateFrameworks/FamilyControls.framework/Versions/A/FamilyControls
0x000000000d160000 	/System/Library/PrivateFrameworks/CommerceKit.framework/Versions/A/Frameworks/CommerceCore.framework/Versions/A/CommerceCore
0x000000000d160000 	/System/Library/PrivateFrameworks/SystemAdministration.framework/Versions/A/SystemAdministration
0x000000000d160000 	/System/Library/PrivateFrameworks/AppContainer.framework/Versions/A/AppContainer
0x000000000d160000 	/System/Library/PrivateFrameworks/SecCodeWrapper.framework/Versions/A/SecCodeWrapper
0x000000000d160000 	/System/Library/Frameworks/DirectoryService.framework/Versions/A/DirectoryService
0x000000000d160000 	/System/Library/PrivateFrameworks/LoginUIKit.framework/Versions/A/Frameworks/LoginUICore.framework/Versions/A/LoginUICore
0x000000000d160000 	/usr/lib/libodfde.dylib
0x000000012b525000 	/Library/Java/JavaVirtualMachines/jdk1.8.0_25.jdk/Contents/Home/jre/lib/libjavafx_font.dylib
0x000000000d160000 	/System/Library/Frameworks/CoreGraphics.framework/Versions/A/Resources/libCGXType.A.dylib
0x000000012972f000 	/Library/Java/JavaVirtualMachines/jdk1.8.0_25.jdk/Contents/Home/jre/lib/libnio.dylib
0x00000001296df000 	cl_kernels
0x000000012e848000 	/System/Library/Frameworks/OpenCL.framework/Versions/A/Libraries/ImageFormats/unorm8_bgra.dylib
0x00000001296d1000 	cl_kernels
0x00000001297ab000 	/Library/Java/JavaVirtualMachines/jdk1.8.0_25.jdk/Contents/Home/jre/lib/libprism_common.dylib

VM Arguments:
jvm_args: -Djava.awt.headless=true -Didea.launcher.port=7541 -Didea.launcher.bin.path=/Applications/IntelliJ IDEA 14.app/Contents/bin -Dfile.encoding=UTF-8 
java_command: com.intellij.rt.execution.application.AppMain synergy.newViews.Main
java_class_path (initial): /Library/Java/JavaVirtualMachines/jdk1.8.0_25.jdk/Contents/Home/lib/ant-javafx.jar:/Library/Java/JavaVirtualMachines/jdk1.8.0_25.jdk/Contents/Home/lib/dt.jar:/Library/Java/JavaVirtualMachines/jdk1.8.0_25.jdk/Contents/Home/lib/javafx-mx.jar:/Library/Java/JavaVirtualMachines/jdk1.8.0_25.jdk/Contents/Home/lib/jconsole.jar:/Library/Java/JavaVirtualMachines/jdk1.8.0_25.jdk/Contents/Home/lib/sa-jdi.jar:/Library/Java/JavaVirtualMachines/jdk1.8.0_25.jdk/Contents/Home/lib/tools.jar:/Library/Java/JavaVirtualMachines/jdk1.8.0_25.jdk/Contents/Home/jre/lib/charsets.jar:/Library/Java/JavaVirtualMachines/jdk1.8.0_25.jdk/Contents/Home/jre/lib/deploy.jar:/Library/Java/JavaVirtualMachines/jdk1.8.0_25.jdk/Contents/Home/jre/lib/javaws.jar:/Library/Java/JavaVirtualMachines/jdk1.8.0_25.jdk/Contents/Home/jre/lib/jce.jar:/Library/Java/JavaVirtualMachines/jdk1.8.0_25.jdk/Contents/Home/jre/lib/jfr.jar:/Library/Java/JavaVirtualMachines/jdk1.8.0_25.jdk/Contents/Home/jre/lib/jfxswt.jar:/Library/Java/JavaVirtualMachines/jdk1.8.0_25.jdk/Contents/Home/jre/lib/jsse.jar:/Library/Java/JavaVirtualMachines/jdk1.8.0_25.jdk/Contents/Home/jre/lib/management-agent.jar:/Library/Java/JavaVirtualMachines/jdk1.8.0_25.jdk/Contents/Home/jre/lib/plugin.jar:/Library/Java/JavaVirtualMachines/jdk1.8.0_25.jdk/Contents/Home/jre/lib/resources.jar:/Library/Java/JavaVirtualMachines/jdk1.8.0_25.jdk/Contents/Home/jre/lib/rt.jar:/Library/Java/JavaVirtualMachines/jdk1.8.0_25.jdk/Contents/Home/jre/lib/ext/cldrdata.jar:/Library/Java/JavaVirtualMachines/jdk1.8.0_25.jdk/Contents/Home/jre/lib/ext/dnsns.jar:/Library/Java/JavaVirtualMachines/jdk1.8.0_25.jdk/Contents/Home/jre/lib/ext/jfxrt.jar:/Library/Java/JavaVirtualMachines/jdk1.8.0_25.jdk/Contents/Home/jre/lib/ext/localedata.jar:/Library/Java/JavaVirtualMachines/jdk1.8.0_25.jdk/Contents/Home/jre/lib/ext/nashorn.jar:/Library/Java/JavaVirtualMachines/jdk1.8.0_25.jdk/Contents/Home/jre/lib/ext/sunec.jar:/Library/Java/JavaVirtualMachines/jdk1.8.0_25.jdk/C
Launcher Type: SUN_STANDARD

Environment Variables:
JAVA_HOME=/Library/Java/JavaVirtualMachines/jdk1.8.0_25.jdk/Contents/Home
PATH=/Applications/SWI-Prolog.app/Contents/MacOS:/usr/local/bin:/usr/bin:/bin:/usr/sbin:/sbin:/opt/X11/bin
SHELL=/bin/bash
DISPLAY=/private/tmp/com.apple.launchd.BqkVI1jQwK/org.macosforge.xquartz:0

Signal Handlers:
SIGSEGV: [libjvm.dylib+0x579dc7], sa_mask[0]=11111111011111110111111111111111, sa_flags=SA_ONSTACK|SA_RESTART|SA_SIGINFO
SIGBUS: [libjvm.dylib+0x579dc7], sa_mask[0]=11111111011111110111111111111111, sa_flags=SA_RESTART|SA_SIGINFO
SIGFPE: [libjvm.dylib+0x45b030], sa_mask[0]=11111111011111110111111111111111, sa_flags=SA_RESTART|SA_SIGINFO
SIGPIPE: [libjvm.dylib+0x45b030], sa_mask[0]=11111111011111110111111111111111, sa_flags=SA_RESTART|SA_SIGINFO
SIGXFSZ: [libjvm.dylib+0x45b030], sa_mask[0]=11111111011111110111111111111111, sa_flags=SA_RESTART|SA_SIGINFO
SIGILL: [libjvm.dylib+0x45b030], sa_mask[0]=11111111011111110111111111111111, sa_flags=SA_RESTART|SA_SIGINFO
SIGUSR1: SIG_DFL, sa_mask[0]=00000000000000000000000000000000, sa_flags=none
SIGUSR2: [libjvm.dylib+0x45ab4e], sa_mask[0]=00100000000000000000000000000000, sa_flags=SA_RESTART|SA_SIGINFO
SIGHUP: [libjvm.dylib+0x459121], sa_mask[0]=11111111011111110111111111111111, sa_flags=SA_RESTART|SA_SIGINFO
SIGINT: [libjvm.dylib+0x459121], sa_mask[0]=11111111011111110111111111111111, sa_flags=SA_RESTART|SA_SIGINFO
SIGTERM: [libjvm.dylib+0x459121], sa_mask[0]=11111111011111110111111111111111, sa_flags=SA_RESTART|SA_SIGINFO
SIGQUIT: [libjvm.dylib+0x459121], sa_mask[0]=11111111011111110111111111111111, sa_flags=SA_RESTART|SA_SIGINFO


---------------  S Y S T E M  ---------------

OS:Bsduname:Darwin 14.1.0 Darwin Kernel Version 14.1.0: Mon Dec 22 23:10:38 PST 2014; root:xnu-2782.10.72~2/RELEASE_X86_64 x86_64
rlimit: STACK 8192k, CORE 0k, NPROC 709, NOFILE 10240, AS infinity
load average:8.51 6.25 5.01

CPU:total 4 (2 cores per cpu, 2 threads per core) family 6 model 69 stepping 1, cmov, cx8, fxsr, mmx, sse, sse2, sse3, ssse3, sse4.1, sse4.2, popcnt, avx, avx2, aes, clmul, erms, lzcnt, ht, tsc, tscinvbit, bmi1, bmi2

Memory: 4k page, physical 8388608k(877380k free)

/proc/meminfo:


vm_info: Java HotSpot(TM) 64-Bit Server VM (25.25-b02) for bsd-amd64 JRE (1.8.0_25-b17), built on Sep 17 2014 16:56:50 by "java_re" with gcc 4.2.1 (Based on Apple Inc. build 5658) (LLVM build 2336.11.00)

time: Mon Mar  9 00:06:36 2015
elapsed time: 840 seconds (0d 0h 14m 0s)

