#
# A fatal error has been detected by the Java Runtime Environment:
#
#  SIGSEGV (0xb) at pc=0x0000000127a853fd, pid=4401, tid=1811
#
# JRE version: Java(TM) SE Runtime Environment (8.0_25-b17) (build 1.8.0_25-b17)
# Java VM: Java HotSpot(TM) 64-Bit Server VM (25.25-b02 mixed mode bsd-amd64 compressed oops)
# Problematic frame:
# C  [libglass.dylib+0x163fd]  GlassScreenDidChangeScreenParameters+0x9d
#
# Failed to write core dump. Core dumps have been disabled. To enable core dumping, try "ulimit -c unlimited" before starting Java again
#
# If you would like to submit a bug report, please visit:
#   http://bugreport.sun.com/bugreport/crash.jsp
#

---------------  T H R E A D  ---------------

Current thread is native thread

siginfo: si_signo: 11 (SIGSEGV), si_code: 1 (SEGV_MAPERR), si_addr: 0x0000000000000000

Registers:
RAX=0x0000000127ab7e40, RBX=0x0000000000000000, RCX=0x5e00995021ebbdd4, RDX=0x00007f98ead42250
RSP=0x00007fff523fd550, RBP=0x00007fff523fd560, RSI=0x00007f98eae03ce0, RDI=0x0000000000000000
R8 =0x00007fff523fd400, R9 =0x00007fff72bf8300, R10=0x0000000000000000, R11=0x0000000000000246
R12=0x00007f98eaf0e620, R13=0x00000000000f4268, R14=0x00007f98ead34f80, R15=0x00007fff523fd6a0
RIP=0x0000000127a853fd, EFLAGS=0x0000000000010206, ERR=0x0000000000000004
  TRAPNO=0x000000000000000e

Top of Stack: (sp=0x00007fff523fd550)
0x00007fff523fd550:   00007fff523fd730 00007f98ead34f80
0x00007fff523fd560:   00007fff523fd570 00007fff8acc1cdc
0x00007fff523fd570:   00007fff523fd8d0 00007fff8abb3244
0x00007fff523fd580:   00007fff523fd5d0 0000000000001400
0x00007fff523fd590:   00007fff72628cf0 00007f98f021c240
0x00007fff523fd5a0:   0000000000001002 0000000000000900
0x00007fff523fd5b0:   00007f98f021c240 00007f98ead34f80
0x00007fff523fd5c0:   0000000000000000 00007fff523fd6a0
0x00007fff523fd5d0:   0000000000000000 00007f98ead34f40
0x00007fff523fd5e0:   00007fff523fd720 0000000000000060
0x00007fff523fd5f0:   00000000000f43b9 00007f98eacb7f20
0x00007fff523fd600:   00007f98eaf54f80 00007f98eaf0e620
0x00007fff523fd610:   0000000000000001 00000000000f4268
0x00007fff523fd620:   00007f98eaf0e610 00007fff8caaaacb
0x00007fff523fd630:   0000000000000001 0000000000000001
0x00007fff523fd640:   0000000000000030 0000000000000001
0x00007fff523fd650:   00007fff523fd670 00007fff8cab0231
0x00007fff523fd660:   00007fff72626dd0 0000000000000000
0x00007fff523fd670:   00007fff523fd690 0000000000000002
0x00007fff523fd680:   00063403000000c1 00007f98eaf0e644
0x00007fff523fd690:   0000000000000000 00007fff8aba8d1f
0x00007fff523fd6a0:   00007f98ead34f80 00007fff72626dd0
0x00007fff523fd6b0:   00007fff523fd730 00007fff8abb184f
0x00007fff523fd6c0:   ffffffffffffffff 00007f98ead2d5a0
0x00007fff523fd6d0:   000000010d81ca00 0000000000000002
0x00007fff523fd6e0:   000000010d819000 00007f98f4c79dc2
0x00007fff523fd6f0:   0000000000000003 000000010d81de00
0x00007fff523fd700:   00007fff523fd7f0 00007fff8caa92a2
0x00007fff523fd710:   00007f98eaf54ad0 00007fff523fd8d8
0x00007fff523fd720:   0000000000000017 0000000000000000
0x00007fff523fd730:   00000000000f4268 00007fff8aba9013
0x00007fff523fd740:   00007fff00000000 00007f98eae2a9a0 

Instructions: (pc=0x0000000127a853fd)
0x0000000127a853dd:   89 df 4c 89 f1 41 ff 90 68 04 00 00 48 8d 05 58
0x0000000127a853ed:   29 03 00 48 8b 30 48 8d 05 46 2a 03 00 48 8b 10
0x0000000127a853fd:   48 8b 0b 30 c0 48 89 df ff 91 68 04 00 00 48 8b
0x0000000127a8540d:   03 48 89 df ff 50 78 48 85 c0 74 36 49 89 c6 48 

Register to memory mapping:

RAX=0x0000000127ab7e40: jScreenNotifySettingsChanged+0 in /Library/Java/JavaVirtualMachines/jdk1.8.0_25.jdk/Contents/Home/jre/lib/libglass.dylib at 0x0000000127a6f000
RBX=0x0000000000000000 is an unknown value
RCX=0x5e00995021ebbdd4 is an unknown value
RDX=0x00007f98ead42250 is an unknown value
RSP=0x00007fff523fd550 is an unknown value
RBP=0x00007fff523fd560 is an unknown value
RSI=0x00007f98eae03ce0 is a global jni handle
RDI=0x0000000000000000 is an unknown value
R8 =0x00007fff523fd400 is an unknown value
R9 =0x00007fff72bf8300: _thread+0 in /usr/lib/system/libsystem_pthread.dylib at 0x00007fff8cf10000
R10=0x0000000000000000 is an unknown value
R11=0x0000000000000246 is an unknown value
R12=0x00007f98eaf0e620 is an unknown value
R13=0x00000000000f4268 is an unknown value
R14=0x00007f98ead34f80 is an unknown value
R15=0x00007fff523fd6a0 is an unknown value


Stack: [0x00007fff51c01000,0x00007fff52401000],  sp=0x00007fff523fd550,  free space=8177k
Native frames: (J=compiled Java code, j=interpreted, Vv=VM code, C=native code)
C  [libglass.dylib+0x163fd]  GlassScreenDidChangeScreenParameters+0x9d
C  [CoreFoundation+0x11ecdc]  __CFNOTIFICATIONCENTER_IS_CALLING_OUT_TO_AN_OBSERVER__+0xc
C  [CoreFoundation+0x10244]  _CFXNotificationPost+0xc44
C  [Foundation+0x2c31]  -[NSNotificationCenter postNotificationName:object:userInfo:]+0x42
C  [AppKit+0x36305e]  -[NSApplication _reactToScreenInvalidationImmediately:]+0x17b
C  [AppKit+0x362e9d]  __44-[NSApplication _reactToScreenInvalidation:]_block_invoke+0x4b
C  [CoreFoundation+0x8056c]  __CFRUNLOOP_IS_CALLING_OUT_TO_A_BLOCK__+0xc
C  [CoreFoundation+0x72675]  __CFRunLoopDoBlocks+0x155
C  [CoreFoundation+0x721b6]  __CFRunLoopRun+0x716
C  [CoreFoundation+0x71858]  CFRunLoopRunSpecific+0x128
C  [java+0x56cc]  CreateExecutionEnvironment+0x367
C  [java+0x165c]  JLI_Launch+0x7a0
C  [java+0x768a]  main+0x65
C  [java+0xeb4]  start+0x34


---------------  P R O C E S S  ---------------

VM state:at safepoint (normal execution)

VM Mutex/Monitor currently owned by a thread:  ([mutex/lock_event])
[0x00007f98eaf02f90] Threads_lock - owner thread: 0x00007f98eb02f800
[0x00007f98eaf03490] Heap_lock - owner thread: 0x00007f98eba97800

Heap:
 PSYoungGen      total 38400K, used 33032K [0x0000000795580000, 0x0000000798000000, 0x00000007c0000000)
  eden space 33280K, 83% used [0x0000000795580000,0x00000007970c5730,0x0000000797600000)
  from space 5120K, 99% used [0x0000000797b00000,0x0000000797ffcaa0,0x0000000798000000)
  to   space 5120K, 0% used [0x0000000797600000,0x0000000797600000,0x0000000797b00000)
 ParOldGen       total 87552K, used 4772K [0x0000000740000000, 0x0000000745580000, 0x0000000795580000)
  object space 87552K, 5% used [0x0000000740000000,0x00000007404a9180,0x0000000745580000)
 Metaspace       used 19760K, capacity 20792K, committed 20992K, reserved 1067008K
  class space    used 2820K, capacity 3013K, committed 3072K, reserved 1048576K

Card table byte_map: [0x000000011e5df000,0x000000011e9e0000] byte_map_base: 0x000000011abdf000

Marking Bits: (ParMarkBitMap*) 0x000000010ea9d390
 Begin Bits: [0x000000011f097000, 0x0000000121097000)
 End Bits:   [0x0000000121097000, 0x0000000123097000)

Polling page: 0x000000010d956000

CodeCache: size=245760Kb used=7861Kb max_used=7872Kb free=237898Kb
 bounds [0x000000010f21f000, 0x000000010f9df000, 0x000000011e21f000]
 total_blobs=3183 nmethods=2523 adapters=574
 compilation: enabled

Compilation events (10 events):
Event: 1355.147 Thread 0x00007f98eb039000 2518       3       java.lang.invoke.LambdaForm$MH/948684818::convert (67 bytes)
Event: 1355.150 Thread 0x00007f98eb039000 nmethod 2518 0x000000010f9cd210 code [0x000000010f9cd520, 0x000000010f9cf058]
Event: 1355.154 Thread 0x00007f98ec026800 2521       4       jdk.internal.org.objectweb.asm.ByteVector::put12 (64 bytes)
Event: 1355.154 Thread 0x00007f98eb039000 2522       3       java.util.concurrent.locks.AbstractQueuedSynchronizer$ConditionObject::signal (33 bytes)
Event: 1355.155 Thread 0x00007f98eb039000 nmethod 2522 0x000000010f9cfc50 code [0x000000010f9cfde0, 0x000000010f9d0148]
Event: 1355.155 Thread 0x00007f98eb039000 2523       3       java.util.concurrent.locks.ReentrantLock$Sync::isHeldExclusively (16 bytes)
Event: 1355.155 Thread 0x00007f98eb039000 nmethod 2523 0x000000010f9d0250 code [0x000000010f9d03c0, 0x000000010f9d0630]
Event: 1355.158 Thread 0x00007f98ec026800 nmethod 2521 0x000000010f9d3590 code [0x000000010f9d36e0, 0x000000010f9d39d8]
Event: 1355.159 Thread 0x00007f98eb039000 2524       3       java.lang.invoke.MethodHandleNatives::refKindIsMethod (19 bytes)
Event: 1355.160 Thread 0x00007f98eb039000 nmethod 2524 0x000000010f9d30d0 code [0x000000010f9d3240, 0x000000010f9d34d0]

GC Heap History (4 events):
Event: 1.738 GC heap before
{Heap before GC invocations=1 (full 0):
 PSYoungGen      total 38400K, used 33280K [0x0000000795580000, 0x0000000798000000, 0x00000007c0000000)
  eden space 33280K, 100% used [0x0000000795580000,0x0000000797600000,0x0000000797600000)
  from space 5120K, 0% used [0x0000000797b00000,0x0000000797b00000,0x0000000798000000)
  to   space 5120K, 0% used [0x0000000797600000,0x0000000797600000,0x0000000797b00000)
 ParOldGen       total 87552K, used 0K [0x0000000740000000, 0x0000000745580000, 0x0000000795580000)
  object space 87552K, 0% used [0x0000000740000000,0x0000000740000000,0x0000000745580000)
 Metaspace       used 12368K, capacity 12828K, committed 13056K, reserved 1060864K
  class space    used 1612K, capacity 1705K, committed 1792K, reserved 1048576K
Event: 1.745 GC heap after
Heap after GC invocations=1 (full 0):
 PSYoungGen      total 38400K, used 5097K [0x0000000795580000, 0x0000000798000000, 0x00000007c0000000)
  eden space 33280K, 0% used [0x0000000795580000,0x0000000795580000,0x0000000797600000)
  from space 5120K, 99% used [0x0000000797600000,0x0000000797afa680,0x0000000797b00000)
  to   space 5120K, 0% used [0x0000000797b00000,0x0000000797b00000,0x0000000798000000)
 ParOldGen       total 87552K, used 116K [0x0000000740000000, 0x0000000745580000, 0x0000000795580000)
  object space 87552K, 0% used [0x0000000740000000,0x000000074001d150,0x0000000745580000)
 Metaspace       used 12368K, capacity 12828K, committed 13056K, reserved 1060864K
  class space    used 1612K, capacity 1705K, committed 1792K, reserved 1048576K
}
Event: 330.273 GC heap before
{Heap before GC invocations=2 (full 0):
 PSYoungGen      total 38400K, used 38377K [0x0000000795580000, 0x0000000798000000, 0x00000007c0000000)
  eden space 33280K, 100% used [0x0000000795580000,0x0000000797600000,0x0000000797600000)
  from space 5120K, 99% used [0x0000000797600000,0x0000000797afa680,0x0000000797b00000)
  to   space 5120K, 0% used [0x0000000797b00000,0x0000000797b00000,0x0000000798000000)
 ParOldGen       total 87552K, used 116K [0x0000000740000000, 0x0000000745580000, 0x0000000795580000)
  object space 87552K, 0% used [0x0000000740000000,0x000000074001d150,0x0000000745580000)
 Metaspace       used 19682K, capacity 20688K, committed 20992K, reserved 1067008K
  class space    used 2814K, capacity 3005K, committed 3072K, reserved 1048576K
Event: 330.286 GC heap after
Heap after GC invocations=2 (full 0):
 PSYoungGen      total 38400K, used 5106K [0x0000000795580000, 0x0000000798000000, 0x00000007c0000000)
  eden space 33280K, 0% used [0x0000000795580000,0x0000000795580000,0x0000000797600000)
  from space 5120K, 99% used [0x0000000797b00000,0x0000000797ffcaa0,0x0000000798000000)
  to   space 5120K, 0% used [0x0000000797600000,0x0000000797600000,0x0000000797b00000)
 ParOldGen       total 87552K, used 4772K [0x0000000740000000, 0x0000000745580000, 0x0000000795580000)
  object space 87552K, 5% used [0x0000000740000000,0x00000007404a9180,0x0000000745580000)
 Metaspace       used 19682K, capacity 20688K, committed 20992K, reserved 1067008K
  class space    used 2814K, capacity 3005K, committed 3072K, reserved 1048576K
}

Deoptimization events (10 events):
Event: 2.331 Thread 0x00007f98eb15a000 Uncommon trap: reason=unreached action=reinterpret pc=0x000000010f5837c4 method=javafx.beans.property.ObjectPropertyBase.get()Ljava/lang/Object; @ 9
Event: 2.333 Thread 0x00007f98eb15a000 Uncommon trap: reason=array_check action=maybe_recompile pc=0x000000010f6189e4 method=com.sun.javafx.css.SimpleSelector.applies(Ljavafx/css/Styleable;[Ljava/util/Set;I)Z @ 37
Event: 2.333 Thread 0x00007f98eb15a000 Uncommon trap: reason=array_check action=maybe_recompile pc=0x000000010f6189e4 method=com.sun.javafx.css.SimpleSelector.applies(Ljavafx/css/Styleable;[Ljava/util/Set;I)Z @ 37
Event: 2.335 Thread 0x00007f98eb15a000 Uncommon trap: reason=array_check action=maybe_recompile pc=0x000000010f6189e4 method=com.sun.javafx.css.SimpleSelector.applies(Ljavafx/css/Styleable;[Ljava/util/Set;I)Z @ 37
Event: 2.335 Thread 0x00007f98eb15a000 Uncommon trap: reason=array_check action=maybe_recompile pc=0x000000010f62cdc4 method=com.sun.javafx.css.SimpleSelector.applies(Ljavafx/css/Styleable;[Ljava/util/Set;I)Z @ 37
Event: 2.335 Thread 0x00007f98eb15a000 Uncommon trap: reason=array_check action=maybe_recompile pc=0x000000010f6189e4 method=com.sun.javafx.css.SimpleSelector.applies(Ljavafx/css/Styleable;[Ljava/util/Set;I)Z @ 37
Event: 7.266 Thread 0x00007f98eb15a000 Uncommon trap: reason=array_check action=maybe_recompile pc=0x000000010f87f2f8 method=com.sun.javafx.css.CompoundSelector.applies(Ljavafx/css/Styleable;[Ljava/util/Set;I)Z @ 128
Event: 7.266 Thread 0x00007f98eb15a000 Uncommon trap: reason=array_check action=maybe_recompile pc=0x000000010f87f2f8 method=com.sun.javafx.css.CompoundSelector.applies(Ljavafx/css/Styleable;[Ljava/util/Set;I)Z @ 128
Event: 7.267 Thread 0x00007f98eb15a000 Uncommon trap: reason=array_check action=maybe_recompile pc=0x000000010f87f2f8 method=com.sun.javafx.css.CompoundSelector.applies(Ljavafx/css/Styleable;[Ljava/util/Set;I)Z @ 128
Event: 7.267 Thread 0x00007f98eb15a000 Uncommon trap: reason=array_check action=maybe_recompile pc=0x000000010f87f2f8 method=com.sun.javafx.css.CompoundSelector.applies(Ljavafx/css/Styleable;[Ljava/util/Set;I)Z @ 128

Internal exceptions (10 events):
Event: 2.389 Thread 0x00007f98eb15a000 Exception <a 'java/security/PrivilegedActionException'> (0x0000000796125168) thrown at [/HUDSON3/workspace/8-2-build-macosx-x86_64/jdk8u25/1514/hotspot/src/share/vm/prims/jvm.cpp, line 1312]
Event: 2.390 Thread 0x00007f98eb15a000 Exception <a 'java/security/PrivilegedActionException'> (0x000000079613f830) thrown at [/HUDSON3/workspace/8-2-build-macosx-x86_64/jdk8u25/1514/hotspot/src/share/vm/prims/jvm.cpp, line 1312]
Event: 2.613 Thread 0x00007f98eb15a000 Exception <a 'java/security/PrivilegedActionException'> (0x00000007966240d0) thrown at [/HUDSON3/workspace/8-2-build-macosx-x86_64/jdk8u25/1514/hotspot/src/share/vm/prims/jvm.cpp, line 1312]
Event: 2.617 Thread 0x00007f98eb15a000 Exception <a 'java/security/PrivilegedActionException'> (0x000000079662cd88) thrown at [/HUDSON3/workspace/8-2-build-macosx-x86_64/jdk8u25/1514/hotspot/src/share/vm/prims/jvm.cpp, line 1312]
Event: 2.618 Thread 0x00007f98eb15a000 Exception <a 'java/io/FileNotFoundException'> (0x00000007966344a8) thrown at [/HUDSON3/workspace/8-2-build-macosx-x86_64/jdk8u25/1514/hotspot/src/share/vm/prims/jni.cpp, line 716]
Event: 2.634 Thread 0x00007f98eb15a000 Exception <a 'java/security/PrivilegedActionException'> (0x000000079668c8c8) thrown at [/HUDSON3/workspace/8-2-build-macosx-x86_64/jdk8u25/1514/hotspot/src/share/vm/prims/jvm.cpp, line 1312]
Event: 2.635 Thread 0x00007f98eb15a000 Exception <a 'java/security/PrivilegedActionException'> (0x0000000796691278) thrown at [/HUDSON3/workspace/8-2-build-macosx-x86_64/jdk8u25/1514/hotspot/src/share/vm/prims/jvm.cpp, line 1312]
Event: 2.858 Thread 0x00007f98eb15a000 Exception <a 'java/security/PrivilegedActionException'> (0x0000000796851d20) thrown at [/HUDSON3/workspace/8-2-build-macosx-x86_64/jdk8u25/1514/hotspot/src/share/vm/prims/jvm.cpp, line 1312]
Event: 2.863 Thread 0x00007f98eb15a000 Exception <a 'java/security/PrivilegedActionException'> (0x0000000796857c68) thrown at [/HUDSON3/workspace/8-2-build-macosx-x86_64/jdk8u25/1514/hotspot/src/share/vm/prims/jvm.cpp, line 1312]
Event: 2.866 Thread 0x00007f98eb15a000 Exception <a 'java/security/PrivilegedActionException'> (0x0000000796860920) thrown at [/HUDSON3/workspace/8-2-build-macosx-x86_64/jdk8u25/1514/hotspot/src/share/vm/prims/jvm.cpp, line 1312]

Events (10 events):
Event: 1355.160 Thread 0x00007f98ec0d3000 Thread exited: 0x00007f98ec0d3000
Event: 1355.161 Thread 0x00007f98eb11b000 Thread exited: 0x00007f98eb11b000
Event: 1355.161 Thread 0x00007f98ec800800 Thread exited: 0x00007f98ec800800
Event: 1355.161 Thread 0x00007f98eba97800 Thread added: 0x00007f98eba97800
Event: 1355.330 Thread 0x00007f98eb15a000 Thread exited: 0x00007f98eb15a000
Event: 1355.330 loading class java/util/IdentityHashMap$KeyIterator
Event: 1355.330 loading class java/util/IdentityHashMap$IdentityHashMapIterator
Event: 1355.331 loading class java/util/IdentityHashMap$IdentityHashMapIterator done
Event: 1355.331 loading class java/util/IdentityHashMap$KeyIterator done
Event: 1355.331 Thread 0x00007f98eba97800 Thread exited: 0x00007f98eba97800


Dynamic libraries:
0x0000000000efd000 	/System/Library/Frameworks/Cocoa.framework/Versions/A/Cocoa
0x0000000000efd000 	/System/Library/Frameworks/Security.framework/Versions/A/Security
0x0000000000efd000 	/System/Library/Frameworks/ApplicationServices.framework/Versions/A/ApplicationServices
0x0000000000efd000 	/usr/lib/libz.1.dylib
0x0000000000efd000 	/usr/lib/libSystem.B.dylib
0x0000000000efd000 	/usr/lib/libobjc.A.dylib
0x0000000000efd000 	/System/Library/Frameworks/CoreFoundation.framework/Versions/A/CoreFoundation
0x0000000000efd000 	/System/Library/Frameworks/Foundation.framework/Versions/C/Foundation
0x0000000000efd000 	/System/Library/Frameworks/AppKit.framework/Versions/C/AppKit
0x0000000000efd000 	/System/Library/Frameworks/CoreData.framework/Versions/A/CoreData
0x0000000000efd000 	/System/Library/PrivateFrameworks/RemoteViewServices.framework/Versions/A/RemoteViewServices
0x0000000000efd000 	/System/Library/PrivateFrameworks/UIFoundation.framework/Versions/A/UIFoundation
0x0000000000efd000 	/System/Library/Frameworks/IOSurface.framework/Versions/A/IOSurface
0x0000000000efd000 	/System/Library/Frameworks/AudioToolbox.framework/Versions/A/AudioToolbox
0x0000000000efd000 	/System/Library/Frameworks/AudioUnit.framework/Versions/A/AudioUnit
0x0000000000efd000 	/System/Library/PrivateFrameworks/DataDetectorsCore.framework/Versions/A/DataDetectorsCore
0x0000000000efd000 	/System/Library/PrivateFrameworks/DesktopServicesPriv.framework/Versions/A/DesktopServicesPriv
0x0000000000efd000 	/System/Library/Frameworks/Carbon.framework/Versions/A/Frameworks/HIToolbox.framework/Versions/A/HIToolbox
0x0000000000efd000 	/System/Library/Frameworks/QuartzCore.framework/Versions/A/QuartzCore
0x0000000000efd000 	/System/Library/Frameworks/Carbon.framework/Versions/A/Frameworks/SpeechRecognition.framework/Versions/A/SpeechRecognition
0x0000000000efd000 	/usr/lib/libauto.dylib
0x0000000000efd000 	/usr/lib/libicucore.A.dylib
0x0000000000efd000 	/usr/lib/libxml2.2.dylib
0x0000000000efd000 	/System/Library/PrivateFrameworks/CoreUI.framework/Versions/A/CoreUI
0x0000000000efd000 	/System/Library/Frameworks/CoreAudio.framework/Versions/A/CoreAudio
0x0000000000efd000 	/System/Library/Frameworks/DiskArbitration.framework/Versions/A/DiskArbitration
0x0000000000efd000 	/usr/lib/liblangid.dylib
0x0000000000efd000 	/System/Library/PrivateFrameworks/MultitouchSupport.framework/Versions/A/MultitouchSupport
0x0000000000efd000 	/System/Library/Frameworks/IOKit.framework/Versions/A/IOKit
0x0000000000efd000 	/usr/lib/libDiagnosticMessagesClient.dylib
0x0000000000efd000 	/System/Library/Frameworks/CoreServices.framework/Versions/A/CoreServices
0x0000000000efd000 	/System/Library/PrivateFrameworks/PerformanceAnalysis.framework/Versions/A/PerformanceAnalysis
0x0000000000efd000 	/System/Library/PrivateFrameworks/GenerationalStorage.framework/Versions/A/GenerationalStorage
0x0000000000efd000 	/System/Library/Frameworks/OpenGL.framework/Versions/A/OpenGL
0x0000000000efd000 	/System/Library/PrivateFrameworks/Sharing.framework/Versions/A/Sharing
0x0000000000efd000 	/System/Library/Frameworks/CoreGraphics.framework/Versions/A/CoreGraphics
0x0000000000efd000 	/System/Library/Frameworks/CoreText.framework/Versions/A/CoreText
0x0000000000efd000 	/System/Library/Frameworks/ImageIO.framework/Versions/A/ImageIO
0x0000000000efd000 	/usr/lib/libextension.dylib
0x0000000000efd000 	/System/Library/PrivateFrameworks/Backup.framework/Versions/A/Backup
0x0000000000efd000 	/usr/lib/libarchive.2.dylib
0x0000000000efd000 	/System/Library/Frameworks/CFNetwork.framework/Versions/A/CFNetwork
0x0000000000efd000 	/System/Library/Frameworks/SystemConfiguration.framework/Versions/A/SystemConfiguration
0x0000000000efd000 	/usr/lib/libCRFSuite.dylib
0x0000000000efd000 	/usr/lib/libc++.1.dylib
0x0000000000efd000 	/usr/lib/libc++abi.dylib
0x0000000000efd000 	/usr/lib/system/libcache.dylib
0x0000000000efd000 	/usr/lib/system/libcommonCrypto.dylib
0x0000000000efd000 	/usr/lib/system/libcompiler_rt.dylib
0x0000000000efd000 	/usr/lib/system/libcopyfile.dylib
0x0000000000efd000 	/usr/lib/system/libcorecrypto.dylib
0x0000000000efd000 	/usr/lib/system/libdispatch.dylib
0x0000000000efd000 	/usr/lib/system/libdyld.dylib
0x0000000000efd000 	/usr/lib/system/libkeymgr.dylib
0x0000000000efd000 	/usr/lib/system/liblaunch.dylib
0x0000000000efd000 	/usr/lib/system/libmacho.dylib
0x0000000000efd000 	/usr/lib/system/libquarantine.dylib
0x0000000000efd000 	/usr/lib/system/libremovefile.dylib
0x0000000000efd000 	/usr/lib/system/libsystem_asl.dylib
0x0000000000efd000 	/usr/lib/system/libsystem_blocks.dylib
0x0000000000efd000 	/usr/lib/system/libsystem_c.dylib
0x0000000000efd000 	/usr/lib/system/libsystem_configuration.dylib
0x0000000000efd000 	/usr/lib/system/libsystem_coreservices.dylib
0x0000000000efd000 	/usr/lib/system/libsystem_coretls.dylib
0x0000000000efd000 	/usr/lib/system/libsystem_dnssd.dylib
0x0000000000efd000 	/usr/lib/system/libsystem_info.dylib
0x0000000000efd000 	/usr/lib/system/libsystem_kernel.dylib
0x0000000000efd000 	/usr/lib/system/libsystem_m.dylib
0x0000000000efd000 	/usr/lib/system/libsystem_malloc.dylib
0x0000000000efd000 	/usr/lib/system/libsystem_network.dylib
0x0000000000efd000 	/usr/lib/system/libsystem_networkextension.dylib
0x0000000000efd000 	/usr/lib/system/libsystem_notify.dylib
0x0000000000efd000 	/usr/lib/system/libsystem_platform.dylib
0x0000000000efd000 	/usr/lib/system/libsystem_pthread.dylib
0x0000000000efd000 	/usr/lib/system/libsystem_sandbox.dylib
0x0000000000efd000 	/usr/lib/system/libsystem_secinit.dylib
0x0000000000efd000 	/usr/lib/system/libsystem_stats.dylib
0x0000000000efd000 	/usr/lib/system/libsystem_trace.dylib
0x0000000000efd000 	/usr/lib/system/libunc.dylib
0x0000000000efd000 	/usr/lib/system/libunwind.dylib
0x0000000000efd000 	/usr/lib/system/libxpc.dylib
0x0000000000efd000 	/usr/lib/libbz2.1.0.dylib
0x0000000000efd000 	/usr/lib/liblzma.5.dylib
0x0000000000efd000 	/usr/lib/libbsm.0.dylib
0x0000000000efd000 	/usr/lib/libsqlite3.dylib
0x0000000000efd000 	/usr/lib/system/libkxld.dylib
0x0000000000efd000 	/usr/lib/libxar.1.dylib
0x0000000000efd000 	/usr/lib/libpam.2.dylib
0x0000000000efd000 	/usr/lib/libOpenScriptingUtil.dylib
0x0000000000efd000 	/System/Library/Frameworks/CoreServices.framework/Versions/A/Frameworks/FSEvents.framework/Versions/A/FSEvents
0x0000000000efd000 	/System/Library/Frameworks/CoreServices.framework/Versions/A/Frameworks/CarbonCore.framework/Versions/A/CarbonCore
0x0000000000efd000 	/System/Library/Frameworks/CoreServices.framework/Versions/A/Frameworks/Metadata.framework/Versions/A/Metadata
0x0000000000efd000 	/System/Library/Frameworks/CoreServices.framework/Versions/A/Frameworks/OSServices.framework/Versions/A/OSServices
0x0000000000efd000 	/System/Library/Frameworks/CoreServices.framework/Versions/A/Frameworks/SearchKit.framework/Versions/A/SearchKit
0x0000000000efd000 	/System/Library/Frameworks/CoreServices.framework/Versions/A/Frameworks/AE.framework/Versions/A/AE
0x0000000000efd000 	/System/Library/Frameworks/CoreServices.framework/Versions/A/Frameworks/LaunchServices.framework/Versions/A/LaunchServices
0x0000000000efd000 	/System/Library/Frameworks/CoreServices.framework/Versions/A/Frameworks/DictionaryServices.framework/Versions/A/DictionaryServices
0x0000000000efd000 	/System/Library/Frameworks/NetFS.framework/Versions/A/NetFS
0x0000000000efd000 	/System/Library/PrivateFrameworks/NetAuth.framework/Versions/A/NetAuth
0x0000000000efd000 	/System/Library/PrivateFrameworks/login.framework/Versions/A/Frameworks/loginsupport.framework/Versions/A/loginsupport
0x0000000000efd000 	/System/Library/PrivateFrameworks/TCC.framework/Versions/A/TCC
0x0000000000efd000 	/usr/lib/libmecabra.dylib
0x0000000000efd000 	/System/Library/Frameworks/ApplicationServices.framework/Versions/A/Frameworks/ATS.framework/Versions/A/ATS
0x0000000000efd000 	/System/Library/Frameworks/ApplicationServices.framework/Versions/A/Frameworks/ColorSync.framework/Versions/A/ColorSync
0x0000000000efd000 	/System/Library/Frameworks/ApplicationServices.framework/Versions/A/Frameworks/HIServices.framework/Versions/A/HIServices
0x0000000000efd000 	/System/Library/Frameworks/ApplicationServices.framework/Versions/A/Frameworks/LangAnalysis.framework/Versions/A/LangAnalysis
0x0000000000efd000 	/System/Library/Frameworks/ApplicationServices.framework/Versions/A/Frameworks/PrintCore.framework/Versions/A/PrintCore
0x0000000000efd000 	/System/Library/Frameworks/ApplicationServices.framework/Versions/A/Frameworks/QD.framework/Versions/A/QD
0x0000000000efd000 	/System/Library/Frameworks/ApplicationServices.framework/Versions/A/Frameworks/SpeechSynthesis.framework/Versions/A/SpeechSynthesis
0x0000000000efd000 	/System/Library/Frameworks/Accelerate.framework/Versions/A/Accelerate
0x0000000000efd000 	/System/Library/Frameworks/Accelerate.framework/Versions/A/Frameworks/vImage.framework/Versions/A/vImage
0x0000000000efd000 	/System/Library/Frameworks/Accelerate.framework/Versions/A/Frameworks/vecLib.framework/Versions/A/vecLib
0x0000000000efd000 	/System/Library/Frameworks/Accelerate.framework/Versions/A/Frameworks/vecLib.framework/Versions/A/libvDSP.dylib
0x0000000000efd000 	/System/Library/Frameworks/Accelerate.framework/Versions/A/Frameworks/vecLib.framework/Versions/A/libvMisc.dylib
0x0000000000efd000 	/System/Library/Frameworks/Accelerate.framework/Versions/A/Frameworks/vecLib.framework/Versions/A/libLAPACK.dylib
0x0000000000efd000 	/System/Library/Frameworks/Accelerate.framework/Versions/A/Frameworks/vecLib.framework/Versions/A/libBLAS.dylib
0x0000000000efd000 	/System/Library/Frameworks/Accelerate.framework/Versions/A/Frameworks/vecLib.framework/Versions/A/libLinearAlgebra.dylib
0x0000000000efd000 	/System/Library/Frameworks/ApplicationServices.framework/Versions/A/Frameworks/ATS.framework/Versions/A/Resources/libFontParser.dylib
0x0000000000efd000 	/System/Library/Frameworks/ApplicationServices.framework/Versions/A/Frameworks/ATS.framework/Versions/A/Resources/libFontRegistry.dylib
0x0000000000efd000 	/System/Library/PrivateFrameworks/AppleVPA.framework/Versions/A/AppleVPA
0x0000000000efd000 	/System/Library/PrivateFrameworks/AppleJPEG.framework/Versions/A/AppleJPEG
0x0000000000efd000 	/System/Library/Frameworks/ImageIO.framework/Versions/A/Resources/libJPEG.dylib
0x0000000000efd000 	/System/Library/Frameworks/ImageIO.framework/Versions/A/Resources/libTIFF.dylib
0x0000000000efd000 	/System/Library/Frameworks/ImageIO.framework/Versions/A/Resources/libPng.dylib
0x0000000000efd000 	/System/Library/Frameworks/ImageIO.framework/Versions/A/Resources/libGIF.dylib
0x0000000000efd000 	/System/Library/Frameworks/ImageIO.framework/Versions/A/Resources/libJP2.dylib
0x0000000000efd000 	/System/Library/Frameworks/ImageIO.framework/Versions/A/Resources/libRadiance.dylib
0x0000000000efd000 	/System/Library/Frameworks/CoreVideo.framework/Versions/A/CoreVideo
0x0000000000efd000 	/System/Library/Frameworks/OpenGL.framework/Versions/A/Libraries/libGLU.dylib
0x0000000000efd000 	/System/Library/Frameworks/OpenGL.framework/Versions/A/Libraries/libGFXShared.dylib
0x0000000000efd000 	/System/Library/Frameworks/OpenGL.framework/Versions/A/Libraries/libGL.dylib
0x0000000000efd000 	/System/Library/Frameworks/OpenGL.framework/Versions/A/Libraries/libGLImage.dylib
0x0000000000efd000 	/System/Library/Frameworks/OpenGL.framework/Versions/A/Libraries/libCVMSPluginSupport.dylib
0x0000000000efd000 	/System/Library/Frameworks/OpenGL.framework/Versions/A/Libraries/libCoreVMClient.dylib
0x0000000000efd000 	/usr/lib/libcups.2.dylib
0x0000000000efd000 	/System/Library/Frameworks/Kerberos.framework/Versions/A/Kerberos
0x0000000000efd000 	/System/Library/Frameworks/GSS.framework/Versions/A/GSS
0x0000000000efd000 	/usr/lib/libresolv.9.dylib
0x0000000000efd000 	/usr/lib/libiconv.2.dylib
0x0000000000efd000 	/System/Library/PrivateFrameworks/Heimdal.framework/Versions/A/Heimdal
0x0000000000efd000 	/usr/lib/libheimdal-asn1.dylib
0x0000000000efd000 	/System/Library/Frameworks/OpenDirectory.framework/Versions/A/OpenDirectory
0x0000000000efd000 	/System/Library/PrivateFrameworks/CommonAuth.framework/Versions/A/CommonAuth
0x0000000000efd000 	/System/Library/Frameworks/OpenDirectory.framework/Versions/A/Frameworks/CFOpenDirectory.framework/Versions/A/CFOpenDirectory
0x0000000000efd000 	/System/Library/Frameworks/SecurityFoundation.framework/Versions/A/SecurityFoundation
0x0000000000efd000 	/System/Library/PrivateFrameworks/LanguageModeling.framework/Versions/A/LanguageModeling
0x0000000000efd000 	/usr/lib/libcmph.dylib
0x0000000000efd000 	/System/Library/Frameworks/ServiceManagement.framework/Versions/A/ServiceManagement
0x0000000000efd000 	/usr/lib/libxslt.1.dylib
0x0000000000efd000 	/System/Library/Frameworks/Carbon.framework/Versions/A/Frameworks/Ink.framework/Versions/A/Ink
0x0000000000efd000 	/System/Library/Frameworks/QuartzCore.framework/Versions/A/Frameworks/CoreImage.framework/Versions/A/CoreImage
0x0000000000efd000 	/System/Library/PrivateFrameworks/CrashReporterSupport.framework/Versions/A/CrashReporterSupport
0x0000000000efd000 	/System/Library/Frameworks/OpenCL.framework/Versions/A/OpenCL
0x0000000000efd000 	/System/Library/PrivateFrameworks/FaceCore.framework/Versions/A/FaceCore
0x0000000000efd000 	/System/Library/PrivateFrameworks/Ubiquity.framework/Versions/A/Ubiquity
0x0000000000efd000 	/System/Library/PrivateFrameworks/IconServices.framework/Versions/A/IconServices
0x0000000000efd000 	/System/Library/PrivateFrameworks/ChunkingLibrary.framework/Versions/A/ChunkingLibrary
0x0000000000efd000 	/System/Library/PrivateFrameworks/Apple80211.framework/Versions/A/Apple80211
0x0000000000efd000 	/System/Library/Frameworks/CoreWLAN.framework/Versions/A/CoreWLAN
0x0000000000efd000 	/System/Library/Frameworks/IOBluetooth.framework/Versions/A/IOBluetooth
0x0000000000efd000 	/System/Library/PrivateFrameworks/CoreWiFi.framework/Versions/A/CoreWiFi
0x0000000000efd000 	/System/Library/Frameworks/CoreBluetooth.framework/Versions/A/CoreBluetooth
0x0000000000efd000 	/System/Library/PrivateFrameworks/DebugSymbols.framework/Versions/A/DebugSymbols
0x0000000000efd000 	/System/Library/PrivateFrameworks/CoreSymbolication.framework/Versions/A/CoreSymbolication
0x0000000000efd000 	/System/Library/PrivateFrameworks/Symbolication.framework/Versions/A/Symbolication
0x0000000000efd000 	/System/Library/PrivateFrameworks/SpeechRecognitionCore.framework/Versions/A/SpeechRecognitionCore
0x000000010e200000 	/Library/Java/JavaVirtualMachines/jdk1.8.0_25.jdk/Contents/Home/jre/lib/server/libjvm.dylib
0x0000000000efd000 	/usr/lib/libstdc++.6.dylib
0x000000010d914000 	/Library/Java/JavaVirtualMachines/jdk1.8.0_25.jdk/Contents/Home/jre/lib/libverify.dylib
0x000000010d922000 	/Library/Java/JavaVirtualMachines/jdk1.8.0_25.jdk/Contents/Home/jre/lib/libjava.dylib
0x000000010d960000 	/Library/Java/JavaVirtualMachines/jdk1.8.0_25.jdk/Contents/Home/jre/lib/libzip.dylib
0x0000000125203000 	/System/Library/Frameworks/JavaVM.framework/Frameworks/JavaRuntimeSupport.framework/JavaRuntimeSupport
0x0000000125219000 	/System/Library/Frameworks/JavaVM.framework/Versions/A/Frameworks/JavaNativeFoundation.framework/Versions/A/JavaNativeFoundation
0x000000012522d000 	/System/Library/Frameworks/JavaVM.framework/Versions/A/JavaVM
0x0000000000efd000 	/System/Library/Frameworks/Carbon.framework/Versions/A/Carbon
0x0000000125239000 	/System/Library/PrivateFrameworks/JavaLaunching.framework/Versions/A/JavaLaunching
0x0000000000efd000 	/System/Library/Frameworks/Carbon.framework/Versions/A/Frameworks/CommonPanels.framework/Versions/A/CommonPanels
0x0000000000efd000 	/System/Library/Frameworks/Carbon.framework/Versions/A/Frameworks/Help.framework/Versions/A/Help
0x0000000000efd000 	/System/Library/Frameworks/Carbon.framework/Versions/A/Frameworks/ImageCapture.framework/Versions/A/ImageCapture
0x0000000000efd000 	/System/Library/Frameworks/Carbon.framework/Versions/A/Frameworks/OpenScripting.framework/Versions/A/OpenScripting
0x0000000000efd000 	/System/Library/Frameworks/Carbon.framework/Versions/A/Frameworks/Print.framework/Versions/A/Print
0x0000000000efd000 	/System/Library/Frameworks/Carbon.framework/Versions/A/Frameworks/SecurityHI.framework/Versions/A/SecurityHI
0x00000001271cb000 	/Applications/IntelliJ IDEA 14.app/Contents/bin/libbreakgen64.jnilib
0x000000012735d000 	/Library/Java/JavaVirtualMachines/jdk1.8.0_25.jdk/Contents/Home/jre/lib/libnet.dylib
0x00000001275c2000 	/Library/Java/JavaVirtualMachines/jdk1.8.0_25.jdk/Contents/Home/jre/lib/libprism_es2.dylib
0x0000000000efd000 	/System/Library/Frameworks/OpenGL.framework/Versions/A/Resources/GLEngine.bundle/GLEngine
0x0000000000efd000 	/System/Library/Frameworks/OpenGL.framework/Versions/A/Libraries/libGLProgrammability.dylib
0x0000000000000000 	/System/Library/Extensions/AppleIntelHD5000GraphicsGLDriver.bundle/Contents/MacOS/AppleIntelHD5000GraphicsGLDriver
0x0000000000efd000 	/System/Library/PrivateFrameworks/IOAccelerator.framework/Versions/A/IOAccelerator
0x0000000000efd000 	/System/Library/PrivateFrameworks/GPUSupport.framework/Versions/A/Libraries/libGPUSupportMercury.dylib
0x0000000000efd000 	/System/Library/Frameworks/OpenGL.framework/Versions/A/Resources/GLRendererFloat.bundle/GLRendererFloat
0x0000000000efd000 	/System/Library/Frameworks/OpenCL.framework/Versions/A/Libraries/libcldcpuengine.dylib
0x0000000000efd000 	/System/Library/PrivateFrameworks/DiskImages.framework/Versions/A/DiskImages
0x0000000000efd000 	/System/Library/Frameworks/DiscRecording.framework/Versions/A/DiscRecording
0x0000000000efd000 	/usr/lib/libcsfde.dylib
0x0000000000efd000 	/usr/lib/libcurl.4.dylib
0x0000000000efd000 	/System/Library/PrivateFrameworks/MediaKit.framework/Versions/A/MediaKit
0x0000000000efd000 	/System/Library/PrivateFrameworks/ProtectedCloudStorage.framework/Versions/A/ProtectedCloudStorage
0x0000000000efd000 	/usr/lib/libCoreStorage.dylib
0x0000000000efd000 	/System/Library/PrivateFrameworks/EFILogin.framework/Versions/A/EFILogin
0x0000000000efd000 	/usr/lib/libutil.dylib
0x0000000000efd000 	/System/Library/PrivateFrameworks/FindMyDevice.framework/Versions/A/FindMyDevice
0x0000000000efd000 	/System/Library/Frameworks/LDAP.framework/Versions/A/LDAP
0x0000000000efd000 	/usr/lib/libsasl2.2.dylib
0x0000000000efd000 	/System/Library/PrivateFrameworks/CoreDaemon.framework/Versions/B/CoreDaemon
0x0000000000efd000 	/usr/lib/libcrypto.0.9.8.dylib
0x0000000000efd000 	/System/Library/PrivateFrameworks/AppleSRP.framework/Versions/A/AppleSRP
0x0000000000efd000 	/System/Library/PrivateFrameworks/TrustEvaluationAgent.framework/Versions/A/TrustEvaluationAgent
0x0000000127a6f000 	/Library/Java/JavaVirtualMachines/jdk1.8.0_25.jdk/Contents/Home/jre/lib/libglass.dylib
0x0000000000efd000 	/System/Library/PrivateFrameworks/CoreServicesInternal.framework/Versions/A/CoreServicesInternal
0x0000000000efd000 	/System/Library/PrivateFrameworks/CloudDocs.framework/Versions/A/CloudDocs
0x0000000000efd000 	/System/Library/PrivateFrameworks/CoreDuet.framework/Versions/A/CoreDuet
0x0000000000efd000 	/System/Library/Frameworks/CloudKit.framework/Versions/A/CloudKit
0x0000000000efd000 	/System/Library/PrivateFrameworks/ProtocolBuffer.framework/Versions/A/ProtocolBuffer
0x0000000000efd000 	/System/Library/PrivateFrameworks/CoreDuetDaemonProtocol.framework/Versions/A/CoreDuetDaemonProtocol
0x0000000000efd000 	/System/Library/PrivateFrameworks/CoreDuetDebugLogging.framework/Versions/A/CoreDuetDebugLogging
0x0000000000efd000 	/System/Library/Frameworks/CoreLocation.framework/Versions/A/CoreLocation
0x0000000000efd000 	/System/Library/Frameworks/Accounts.framework/Versions/A/Accounts
0x0000000000efd000 	/System/Library/PrivateFrameworks/ApplePushService.framework/Versions/A/ApplePushService
0x0000000000efd000 	/System/Library/PrivateFrameworks/GeoServices.framework/Versions/A/GeoServices
0x0000000000efd000 	/System/Library/PrivateFrameworks/OAuth.framework/Versions/A/OAuth
0x0000000000efd000 	/System/Library/Frameworks/CoreGraphics.framework/Versions/A/Resources/libCGCMS.A.dylib
0x0000000000efd000 	/System/Library/CoreServices/RawCamera.bundle/Contents/MacOS/RawCamera
0x0000000000efd000 	/System/Library/Frameworks/CoreGraphics.framework/Versions/A/Resources/libRIP.A.dylib
0x0000000000efd000 	/System/Library/PrivateFrameworks/FamilyControls.framework/Versions/A/FamilyControls
0x0000000000efd000 	/System/Library/PrivateFrameworks/CommerceKit.framework/Versions/A/Frameworks/CommerceCore.framework/Versions/A/CommerceCore
0x0000000000efd000 	/System/Library/PrivateFrameworks/SystemAdministration.framework/Versions/A/SystemAdministration
0x0000000000efd000 	/System/Library/PrivateFrameworks/AppContainer.framework/Versions/A/AppContainer
0x0000000000efd000 	/System/Library/PrivateFrameworks/SecCodeWrapper.framework/Versions/A/SecCodeWrapper
0x0000000000efd000 	/System/Library/Frameworks/DirectoryService.framework/Versions/A/DirectoryService
0x0000000000efd000 	/System/Library/PrivateFrameworks/LoginUIKit.framework/Versions/A/Frameworks/LoginUICore.framework/Versions/A/LoginUICore
0x0000000000efd000 	/usr/lib/libodfde.dylib
0x000000012b224000 	/Library/Java/JavaVirtualMachines/jdk1.8.0_25.jdk/Contents/Home/jre/lib/libjavafx_font.dylib
0x0000000000efd000 	/System/Library/Frameworks/CoreGraphics.framework/Versions/A/Resources/libCGXType.A.dylib
0x000000012bae8000 	/Library/Java/JavaVirtualMachines/jdk1.8.0_25.jdk/Contents/Home/jre/lib/libnio.dylib
0x00000001295c6000 	cl_kernels
0x000000012e278000 	/System/Library/Frameworks/OpenCL.framework/Versions/A/Libraries/ImageFormats/unorm8_bgra.dylib
0x00000001293fe000 	cl_kernels
0x000000012b64d000 	/Library/Java/JavaVirtualMachines/jdk1.8.0_25.jdk/Contents/Home/jre/lib/libprism_common.dylib

VM Arguments:
jvm_args: -Didea.launcher.port=7537 -Didea.launcher.bin.path=/Applications/IntelliJ IDEA 14.app/Contents/bin -Dfile.encoding=UTF-8 
java_command: com.intellij.rt.execution.application.AppMain synergy.newViews.Main
java_class_path (initial): /Library/Java/JavaVirtualMachines/jdk1.8.0_25.jdk/Contents/Home/lib/ant-javafx.jar:/Library/Java/JavaVirtualMachines/jdk1.8.0_25.jdk/Contents/Home/lib/dt.jar:/Library/Java/JavaVirtualMachines/jdk1.8.0_25.jdk/Contents/Home/lib/javafx-mx.jar:/Library/Java/JavaVirtualMachines/jdk1.8.0_25.jdk/Contents/Home/lib/jconsole.jar:/Library/Java/JavaVirtualMachines/jdk1.8.0_25.jdk/Contents/Home/lib/sa-jdi.jar:/Library/Java/JavaVirtualMachines/jdk1.8.0_25.jdk/Contents/Home/lib/tools.jar:/Library/Java/JavaVirtualMachines/jdk1.8.0_25.jdk/Contents/Home/jre/lib/charsets.jar:/Library/Java/JavaVirtualMachines/jdk1.8.0_25.jdk/Contents/Home/jre/lib/deploy.jar:/Library/Java/JavaVirtualMachines/jdk1.8.0_25.jdk/Contents/Home/jre/lib/javaws.jar:/Library/Java/JavaVirtualMachines/jdk1.8.0_25.jdk/Contents/Home/jre/lib/jce.jar:/Library/Java/JavaVirtualMachines/jdk1.8.0_25.jdk/Contents/Home/jre/lib/jfr.jar:/Library/Java/JavaVirtualMachines/jdk1.8.0_25.jdk/Contents/Home/jre/lib/jfxswt.jar:/Library/Java/JavaVirtualMachines/jdk1.8.0_25.jdk/Contents/Home/jre/lib/jsse.jar:/Library/Java/JavaVirtualMachines/jdk1.8.0_25.jdk/Contents/Home/jre/lib/management-agent.jar:/Library/Java/JavaVirtualMachines/jdk1.8.0_25.jdk/Contents/Home/jre/lib/plugin.jar:/Library/Java/JavaVirtualMachines/jdk1.8.0_25.jdk/Contents/Home/jre/lib/resources.jar:/Library/Java/JavaVirtualMachines/jdk1.8.0_25.jdk/Contents/Home/jre/lib/rt.jar:/Library/Java/JavaVirtualMachines/jdk1.8.0_25.jdk/Contents/Home/jre/lib/ext/cldrdata.jar:/Library/Java/JavaVirtualMachines/jdk1.8.0_25.jdk/Contents/Home/jre/lib/ext/dnsns.jar:/Library/Java/JavaVirtualMachines/jdk1.8.0_25.jdk/Contents/Home/jre/lib/ext/jfxrt.jar:/Library/Java/JavaVirtualMachines/jdk1.8.0_25.jdk/Contents/Home/jre/lib/ext/localedata.jar:/Library/Java/JavaVirtualMachines/jdk1.8.0_25.jdk/Contents/Home/jre/lib/ext/nashorn.jar:/Library/Java/JavaVirtualMachines/jdk1.8.0_25.jdk/Contents/Home/jre/lib/ext/sunec.jar:/Library/Java/JavaVirtualMachines/jdk1.8.0_25.jdk/C
Launcher Type: SUN_STANDARD

Environment Variables:
JAVA_HOME=/Library/Java/JavaVirtualMachines/jdk1.8.0_25.jdk/Contents/Home
PATH=/Applications/SWI-Prolog.app/Contents/MacOS:/usr/local/bin:/usr/bin:/bin:/usr/sbin:/sbin:/opt/X11/bin
SHELL=/bin/bash
DISPLAY=/private/tmp/com.apple.launchd.3HiEbQnnLY/org.macosforge.xquartz:0

Signal Handlers:
SIGSEGV: [libjvm.dylib+0x579dc7], sa_mask[0]=11111111011111110111111111111111, sa_flags=SA_ONSTACK|SA_RESTART|SA_SIGINFO
SIGBUS: [libjvm.dylib+0x579dc7], sa_mask[0]=11111111011111110111111111111111, sa_flags=SA_RESTART|SA_SIGINFO
SIGFPE: [libjvm.dylib+0x45b030], sa_mask[0]=11111111011111110111111111111111, sa_flags=SA_RESTART|SA_SIGINFO
SIGPIPE: [libjvm.dylib+0x45b030], sa_mask[0]=11111111011111110111111111111111, sa_flags=SA_RESTART|SA_SIGINFO
SIGXFSZ: [libjvm.dylib+0x45b030], sa_mask[0]=11111111011111110111111111111111, sa_flags=SA_RESTART|SA_SIGINFO
SIGILL: [libjvm.dylib+0x45b030], sa_mask[0]=11111111011111110111111111111111, sa_flags=SA_RESTART|SA_SIGINFO
SIGUSR1: SIG_DFL, sa_mask[0]=00000000000000000000000000000000, sa_flags=none
SIGUSR2: [libjvm.dylib+0x45ab4e], sa_mask[0]=00100000000000000000000000000000, sa_flags=SA_RESTART|SA_SIGINFO
SIGHUP: [libjvm.dylib+0x459121], sa_mask[0]=11111111011111110111111111111111, sa_flags=SA_RESTART|SA_SIGINFO
SIGINT: 