#
# A fatal error has been detected by the Java Runtime Environment:
#
#  SIGSEGV (0xb) at pc=0x000000011dce83fd, pid=1700, tid=1811
#
# JRE version: Java(TM) SE Runtime Environment (8.0_25-b17) (build 1.8.0_25-b17)
# Java VM: Java HotSpot(TM) 64-Bit Server VM (25.25-b02 mixed mode bsd-amd64 compressed oops)
# Problematic frame:
# C  [libglass.dylib+0x163fd]  GlassScreenDidChangeScreenParameters+0x9d
#
# Failed to write core dump. Core dumps have been disabled. To enable core dumping, try "ulimit -c unlimited" before starting Java again
#
# If you would like to submit a bug report, please visit:
#   http://bugreport.sun.com/bugreport/crash.jsp
#

---------------  T H R E A D  ---------------

Current thread is native thread

siginfo: si_signo: 11 (SIGSEGV), si_code: 1 (SEGV_MAPERR), si_addr: 0x0000000000000000

Registers:
RAX=0x000000011dd1ae40, RBX=0x0000000000000000, RCX=0x0200ecf2c0054e26, RDX=0x00007f94c8c901d0
RSP=0x00007fff5c19a550, RBP=0x00007fff5c19a560, RSI=0x00007f94c8c20790, RDI=0x0000000000000000
R8 =0x00007fff5c19a400, R9 =0x00007fff7d8da300, R10=0x0000000000000000, R11=0x0000000000000246
R12=0x00007f94c8c23fe0, R13=0x00000000000f4268, R14=0x00007f94c8d5fa30, R15=0x00007fff5c19a6a0
RIP=0x000000011dce83fd, EFLAGS=0x0000000000010202, ERR=0x0000000000000004
  TRAPNO=0x000000000000000e

Top of Stack: (sp=0x00007fff5c19a550)
0x00007fff5c19a550:   00007fff5c19a730 00007f94c8d5fa30
0x00007fff5c19a560:   00007fff5c19a570 00007fff959a3cdc
0x00007fff5c19a570:   00007fff5c19a8d0 00007fff95895244
0x00007fff5c19a580:   00007fff5c19a5d0 0000000000001e00
0x00007fff5c19a590:   00007fff7d30acf0 00007f94cb64a6e0
0x00007fff5c19a5a0:   0000000000001003 0000000000000900
0x00007fff5c19a5b0:   00007f94cb64a6e0 00007f94c8d5fa30
0x00007fff5c19a5c0:   0000000000000000 00007fff5c19a6a0
0x00007fff5c19a5d0:   0000000000000000 00007f94c8d5f9f0
0x00007fff5c19a5e0:   00007fff5c19a720 0000000000000060
0x00007fff5c19a5f0:   00000000000f432b 00007f94c8ea3b70
0x00007fff5c19a600:   00007f94c8e4a2a0 00007f94c8c23fe0
0x00007fff5c19a610:   0000000000000001 00000000000f4268
0x00007fff5c19a620:   00007f94c8c23fd0 00007fff9778cacb
0x00007fff5c19a630:   0000000000000001 0000000000000001
0x00007fff5c19a640:   0000000000000030 0000000000000001
0x00007fff5c19a650:   00007fff5c19a670 00007fff97792231
0x00007fff5c19a660:   00007fff7d308dd0 0000000000000000
0x00007fff5c19a670:   00007fff5c19a690 0000000000000021
0x00007fff5c19a680:   0003b1030000120a 00007f94c8c24004
0x00007fff5c19a690:   0000000000000000 00007fff9588ad1f
0x00007fff5c19a6a0:   00007f94c8d5fa30 00007fff7d308dd0
0x00007fff5c19a6b0:   00007fff5c19a730 00007fff9589384f
0x00007fff5c19a6c0:   0000000000000015 0000000103a7c000
0x00007fff5c19a6d0:   0000000103a7fa00 0000000000000002
0x00007fff5c19a6e0:   0000000103a7c000 00007f94c8e42912
0x00007fff5c19a6f0:   0000000000000003 0000000103a81800
0x00007fff5c19a700:   00007fff5c19a7f0 00007fff9778b2a2
0x00007fff5c19a710:   00007f94c8e49dd0 00007fff5c19a8d8
0x00007fff5c19a720:   0000000000000017 0000000000000000
0x00007fff5c19a730:   00000000000f4268 00007fff9588b013
0x00007fff5c19a740:   00007fff00000000 00007f94c8c68970 

Instructions: (pc=0x000000011dce83fd)
0x000000011dce83dd:   89 df 4c 89 f1 41 ff 90 68 04 00 00 48 8d 05 58
0x000000011dce83ed:   29 03 00 48 8b 30 48 8d 05 46 2a 03 00 48 8b 10
0x000000011dce83fd:   48 8b 0b 30 c0 48 89 df ff 91 68 04 00 00 48 8b
0x000000011dce840d:   03 48 89 df ff 50 78 48 85 c0 74 36 49 89 c6 48 

Register to memory mapping:

RAX=0x000000011dd1ae40: jScreenNotifySettingsChanged+0 in /Library/Java/JavaVirtualMachines/jdk1.8.0_25.jdk/Contents/Home/jre/lib/libglass.dylib at 0x000000011dcd2000
RBX=0x0000000000000000 is an unknown value
RCX=0x0200ecf2c0054e26 is an unknown value
RDX=0x00007f94c8c901d0 is an unknown value
RSP=0x00007fff5c19a550 is an unknown value
RBP=0x00007fff5c19a560 is an unknown value
RSI=0x00007f94c8c20790 is a global jni handle
RDI=0x0000000000000000 is an unknown value
R8 =0x00007fff5c19a400 is an unknown value
R9 =0x00007fff7d8da300: _thread+0 in /usr/lib/system/libsystem_pthread.dylib at 0x00007fff97bf2000
R10=0x0000000000000000 is an unknown value
R11=0x0000000000000246 is an unknown value
R12=0x00007f94c8c23fe0 is an unknown value
R13=0x00000000000f4268 is an unknown value
R14=0x00007f94c8d5fa30 is an unknown value
R15=0x00007fff5c19a6a0 is an unknown value


Stack: [0x00007fff5b99e000,0x00007fff5c19e000],  sp=0x00007fff5c19a550,  free space=8177k
Native frames: (J=compiled Java code, j=interpreted, Vv=VM code, C=native code)
C  [libglass.dylib+0x163fd]  GlassScreenDidChangeScreenParameters+0x9d
C  [CoreFoundation+0x11ecdc]  __CFNOTIFICATIONCENTER_IS_CALLING_OUT_TO_AN_OBSERVER__+0xc
C  [CoreFoundation+0x10244]  _CFXNotificationPost+0xc44
C  [Foundation+0x2c31]  -[NSNotificationCenter postNotificationName:object:userInfo:]+0x42
C  [AppKit+0x36305e]  -[NSApplication _reactToScreenInvalidationImmediately:]+0x17b
C  [AppKit+0x362e9d]  __44-[NSApplication _reactToScreenInvalidation:]_block_invoke+0x4b
C  [CoreFoundation+0x8056c]  __CFRUNLOOP_IS_CALLING_OUT_TO_A_BLOCK__+0xc
C  [CoreFoundation+0x72675]  __CFRunLoopDoBlocks+0x155
C  [CoreFoundation+0x721b6]  __CFRunLoopRun+0x716
C  [CoreFoundation+0x71858]  CFRunLoopRunSpecific+0x128
C  [java+0x56cc]  CreateExecutionEnvironment+0x367
C  [java+0x165c]  JLI_Launch+0x7a0
C  [java+0x768a]  main+0x65
C  [java+0xeb4]  start+0x34


---------------  P R O C E S S  ---------------

VM state:at safepoint (normal execution)

VM Mutex/Monitor currently owned by a thread:  ([mutex/lock_event])
[0x00007f94c8c1e8d0] Threads_lock - owner thread: 0x00007f94ca804000
[0x00007f94c8c1edd0] Heap_lock - owner thread: 0x00007f94ca001000

Heap:
 PSYoungGen      total 38400K, used 36274K [0x0000000795580000, 0x0000000798000000, 0x00000007c0000000)
  eden space 33280K, 93% used [0x0000000795580000,0x00000007973f08f8,0x0000000797600000)
  from space 5120K, 99% used [0x0000000797600000,0x0000000797afc100,0x0000000797b00000)
  to   space 5120K, 0% used [0x0000000797b00000,0x0000000797b00000,0x0000000798000000)
 ParOldGen       total 87552K, used 1757K [0x0000000740000000, 0x0000000745580000, 0x0000000795580000)
  object space 87552K, 2% used [0x0000000740000000,0x00000007401b75f8,0x0000000745580000)
 Metaspace       used 19280K, capacity 20308K, committed 20480K, reserved 1067008K
  class space    used 2790K, capacity 3001K, committed 3072K, reserved 1048576K

Card table byte_map: [0x00000001147df000,0x0000000114be0000] byte_map_base: 0x0000000110ddf000

Marking Bits: (ParMarkBitMap*) 0x0000000104c9d390
 Begin Bits: [0x0000000115297000, 0x0000000117297000)
 End Bits:   [0x0000000117297000, 0x0000000119297000)

Polling page: 0x0000000103bb9000

CodeCache: size=245760Kb used=6321Kb max_used=6321Kb free=239438Kb
 bounds [0x000000010541f000, 0x0000000105a4f000, 0x000000011441f000]
 total_blobs=2755 nmethods=2090 adapters=578
 compilation: enabled

Compilation events (10 events):
Event: 221.367 Thread 0x00007f94ca817000 nmethod 2089 0x0000000105a4b550 code [0x0000000105a4b6c0, 0x0000000105a4b890]
Event: 221.367 Thread 0x00007f94ca817000 2085       3       java.util.Objects::hash (5 bytes)
Event: 221.367 Thread 0x00007f94ca817000 nmethod 2085 0x0000000105a4b990 code [0x0000000105a4bb00, 0x0000000105a4bc68]
Event: 221.367 Thread 0x00007f94ca817000 2087       3       java.lang.Byte::hashCode (8 bytes)
Event: 221.367 Thread 0x00007f94ca817000 nmethod 2087 0x0000000105a4bd10 code [0x0000000105a4be80, 0x0000000105a4c030]
Event: 221.367 Thread 0x00007f94ca817000 2088       3       java.lang.Byte::hashCode (2 bytes)
Event: 221.367 Thread 0x00007f94ca817000 nmethod 2088 0x0000000105a31d90 code [0x0000000105a31ee0, 0x0000000105a32010]
Event: 221.369 Thread 0x00007f94ca817000 2091       3       java.lang.invoke.MethodHandles$Lookup::linkMethodHandleConstant (185 bytes)
Event: 221.371 Thread 0x00007f94ca806000 2092       4       jdk.internal.org.objectweb.asm.ByteVector::put12 (64 bytes)
Event: 221.374 Thread 0x00007f94ca817000 nmethod 2091 0x0000000105a4c0d0 code [0x0000000105a4c380, 0x0000000105a4d818]

GC Heap History (2 events):
Event: 1.768 GC heap before
{Heap before GC invocations=1 (full 0):
 PSYoungGen      total 38400K, used 33190K [0x0000000795580000, 0x0000000798000000, 0x00000007c0000000)
  eden space 33280K, 99% used [0x0000000795580000,0x00000007975e99a8,0x0000000797600000)
  from space 5120K, 0% used [0x0000000797b00000,0x0000000797b00000,0x0000000798000000)
  to   space 5120K, 0% used [0x0000000797600000,0x0000000797600000,0x0000000797b00000)
 ParOldGen       total 87552K, used 0K [0x0000000740000000, 0x0000000745580000, 0x0000000795580000)
  object space 87552K, 0% used [0x0000000740000000,0x0000000740000000,0x0000000745580000)
 Metaspace       used 12555K, capacity 12936K, committed 13056K, reserved 1060864K
  class space    used 1647K, capacity 1739K, committed 1792K, reserved 1048576K
Event: 1.776 GC heap after
Heap after GC invocations=1 (full 0):
 PSYoungGen      total 38400K, used 5104K [0x0000000795580000, 0x0000000798000000, 0x00000007c0000000)
  eden space 33280K, 0% used [0x0000000795580000,0x0000000795580000,0x0000000797600000)
  from space 5120K, 99% used [0x0000000797600000,0x0000000797afc100,0x0000000797b00000)
  to   space 5120K, 0% used [0x0000000797b00000,0x0000000797b00000,0x0000000798000000)
 ParOldGen       total 87552K, used 1757K [0x0000000740000000, 0x0000000745580000, 0x0000000795580000)
  object space 87552K, 2% used [0x0000000740000000,0x00000007401b75f8,0x0000000745580000)
 Metaspace       used 12555K, capacity 12936K, committed 13056K, reserved 1060864K
  class space    used 1647K, capacity 1739K, committed 1792K, reserved 1048576K
}

Deoptimization events (10 events):
Event: 2.105 Thread 0x00007f94ca083000 Uncommon trap: reason=speculate_class_check action=maybe_recompile pc=0x00000001057b447c method=com.sun.javafx.css.BitSet.containsAll(Ljava/util/Collection;)Z @ 18
Event: 2.105 Thread 0x00007f94ca083000 Uncommon trap: reason=bimorphic action=maybe_recompile pc=0x000000010575ad64 method=java.util.Collections$UnmodifiableList.get(I)Ljava/lang/Object; @ 5
Event: 2.105 Thread 0x00007f94ca083000 Uncommon trap: reason=speculate_class_check action=maybe_recompile pc=0x00000001057b447c method=com.sun.javafx.css.BitSet.containsAll(Ljava/util/Collection;)Z @ 18
Event: 2.105 Thread 0x00007f94ca083000 Uncommon trap: reason=bimorphic action=maybe_recompile pc=0x000000010575ad64 method=java.util.Collections$UnmodifiableList.get(I)Ljava/lang/Object; @ 5
Event: 2.107 Thread 0x00007f94ca083000 Uncommon trap: reason=class_check action=maybe_recompile pc=0x00000001055577f8 method=java.lang.String.equals(Ljava/lang/Object;)Z @ 8
Event: 2.417 Thread 0x00007f94ca083000 Uncommon trap: reason=array_check action=maybe_recompile pc=0x0000000105882ee4 method=com.sun.javafx.css.SimpleSelector.applies(Ljavafx/css/Styleable;[Ljava/util/Set;I)Z @ 37
Event: 2.417 Thread 0x00007f94ca083000 Uncommon trap: reason=array_check action=maybe_recompile pc=0x0000000105882ee4 method=com.sun.javafx.css.SimpleSelector.applies(Ljavafx/css/Styleable;[Ljava/util/Set;I)Z @ 37
Event: 2.417 Thread 0x00007f94ca083000 Uncommon trap: reason=array_check action=maybe_recompile pc=0x0000000105882ee4 method=com.sun.javafx.css.SimpleSelector.applies(Ljavafx/css/Styleable;[Ljava/util/Set;I)Z @ 37
Event: 2.418 Thread 0x00007f94ca083000 Uncommon trap: reason=array_check action=maybe_recompile pc=0x0000000105882ee4 method=com.sun.javafx.css.SimpleSelector.applies(Ljavafx/css/Styleable;[Ljava/util/Set;I)Z @ 37
Event: 2.456 Thread 0x00007f94ca083000 Uncommon trap: reason=array_check action=maybe_recompile pc=0x000000010589c28c method=com.sun.javafx.css.SimpleSelector.applies(Ljavafx/css/Styleable;[Ljava/util/Set;I)Z @ 37

Internal exceptions (10 events):
Event: 2.234 Thread 0x00007f94ca083000 Exception <a 'java/security/PrivilegedActionException'> (0x000000079604bb98) thrown at [/HUDSON3/workspace/8-2-build-macosx-x86_64/jdk8u25/1514/hotspot/src/share/vm/prims/jvm.cpp, line 1312]
Event: 2.234 Thread 0x00007f94ca083000 Exception <a 'java/security/PrivilegedActionException'> (0x0000000796066260) thrown at [/HUDSON3/workspace/8-2-build-macosx-x86_64/jdk8u25/1514/hotspot/src/share/vm/prims/jvm.cpp, line 1312]
Event: 2.421 Thread 0x00007f94ca083000 Exception <a 'java/security/PrivilegedActionException'> (0x00000007965539e8) thrown at [/HUDSON3/workspace/8-2-build-macosx-x86_64/jdk8u25/1514/hotspot/src/share/vm/prims/jvm.cpp, line 1312]
Event: 2.424 Thread 0x00007f94ca083000 Exception <a 'java/security/PrivilegedActionException'> (0x000000079655c6a0) thrown at [/HUDSON3/workspace/8-2-build-macosx-x86_64/jdk8u25/1514/hotspot/src/share/vm/prims/jvm.cpp, line 1312]
Event: 2.425 Thread 0x00007f94ca083000 Exception <a 'java/io/FileNotFoundException'> (0x0000000796563d50) thrown at [/HUDSON3/workspace/8-2-build-macosx-x86_64/jdk8u25/1514/hotspot/src/share/vm/prims/jni.cpp, line 716]
Event: 2.440 Thread 0x00007f94ca083000 Exception <a 'java/security/PrivilegedActionException'> (0x00000007965b1368) thrown at [/HUDSON3/workspace/8-2-build-macosx-x86_64/jdk8u25/1514/hotspot/src/share/vm/prims/jvm.cpp, line 1312]
Event: 2.441 Thread 0x00007f94ca083000 Exception <a 'java/security/PrivilegedActionException'> (0x00000007965b5d18) thrown at [/HUDSON3/workspace/8-2-build-macosx-x86_64/jdk8u25/1514/hotspot/src/share/vm/prims/jvm.cpp, line 1312]
Event: 2.531 Thread 0x00007f94ca083000 Exception <a 'java/security/PrivilegedActionException'> (0x00000007967040c0) thrown at [/HUDSON3/workspace/8-2-build-macosx-x86_64/jdk8u25/1514/hotspot/src/share/vm/prims/jvm.cpp, line 1312]
Event: 2.532 Thread 0x00007f94ca083000 Exception <a 'java/security/PrivilegedActionException'> (0x000000079670a1e8) thrown at [/HUDSON3/workspace/8-2-build-macosx-x86_64/jdk8u25/1514/hotspot/src/share/vm/prims/jvm.cpp, line 1312]
Event: 2.533 Thread 0x00007f94ca083000 Exception <a 'java/security/PrivilegedActionException'> (0x0000000796712ea0) thrown at [/HUDSON3/workspace/8-2-build-macosx-x86_64/jdk8u25/1514/hotspot/src/share/vm/prims/jvm.cpp, line 1312]

Events (10 events):
Event: 221.372 Thread 0x00007f94c987f800 Thread exited: 0x00007f94c987f800
Event: 221.373 Thread 0x00007f94ca076800 Thread exited: 0x00007f94ca076800
Event: 221.373 Thread 0x00007f94ca001000 Thread exited: 0x00007f94ca001000
Event: 221.373 Thread 0x00007f94ca001000 Thread added: 0x00007f94ca001000
Event: 221.373 Thread 0x00007f94ca083000 Thread exited: 0x00007f94ca083000
Event: 221.373 loading class java/util/IdentityHashMap$KeyIterator
Event: 221.374 loading class java/util/IdentityHashMap$IdentityHashMapIterator
Event: 221.374 loading class java/util/IdentityHashMap$IdentityHashMapIterator done
Event: 221.374 loading class java/util/IdentityHashMap$KeyIterator done
Event: 221.374 Thread 0x00007f94ca001000 Thread exited: 0x00007f94ca001000


Dynamic libraries:
0x000000000bbdf000 	/System/Library/Frameworks/Cocoa.framework/Versions/A/Cocoa
0x000000000bbdf000 	/System/Library/Frameworks/Security.framework/Versions/A/Security
0x000000000bbdf000 	/System/Library/Frameworks/ApplicationServices.framework/Versions/A/ApplicationServices
0x000000000bbdf000 	/usr/lib/libz.1.dylib
0x000000000bbdf000 	/usr/lib/libSystem.B.dylib
0x000000000bbdf000 	/usr/lib/libobjc.A.dylib
0x000000000bbdf000 	/System/Library/Frameworks/CoreFoundation.framework/Versions/A/CoreFoundation
0x000000000bbdf000 	/System/Library/Frameworks/Foundation.framework/Versions/C/Foundation
0x000000000bbdf000 	/System/Library/Frameworks/AppKit.framework/Versions/C/AppKit
0x000000000bbdf000 	/System/Library/Frameworks/CoreData.framework/Versions/A/CoreData
0x000000000bbdf000 	/System/Library/PrivateFrameworks/RemoteViewServices.framework/Versions/A/RemoteViewServices
0x000000000bbdf000 	/System/Library/PrivateFrameworks/UIFoundation.framework/Versions/A/UIFoundation
0x000000000bbdf000 	/System/Library/Frameworks/IOSurface.framework/Versions/A/IOSurface
0x000000000bbdf000 	/System/Library/Frameworks/AudioToolbox.framework/Versions/A/AudioToolbox
0x000000000bbdf000 	/System/Library/Frameworks/AudioUnit.framework/Versions/A/AudioUnit
0x000000000bbdf000 	/System/Library/PrivateFrameworks/DataDetectorsCore.framework/Versions/A/DataDetectorsCore
0x000000000bbdf000 	/System/Library/PrivateFrameworks/DesktopServicesPriv.framework/Versions/A/DesktopServicesPriv
0x000000000bbdf000 	/System/Library/Frameworks/Carbon.framework/Versions/A/Frameworks/HIToolbox.framework/Versions/A/HIToolbox
0x000000000bbdf000 	/System/Library/Frameworks/QuartzCore.framework/Versions/A/QuartzCore
0x000000000bbdf000 	/System/Library/Frameworks/Carbon.framework/Versions/A/Frameworks/SpeechRecognition.framework/Versions/A/SpeechRecognition
0x000000000bbdf000 	/usr/lib/libauto.dylib
0x000000000bbdf000 	/usr/lib/libicucore.A.dylib
0x000000000bbdf000 	/usr/lib/libxml2.2.dylib
0x000000000bbdf000 	/System/Library/PrivateFrameworks/CoreUI.framework/Versions/A/CoreUI
0x000000000bbdf000 	/System/Library/Frameworks/CoreAudio.framework/Versions/A/CoreAudio
0x000000000bbdf000 	/System/Library/Frameworks/DiskArbitration.framework/Versions/A/DiskArbitration
0x000000000bbdf000 	/usr/lib/liblangid.dylib
0x000000000bbdf000 	/System/Library/PrivateFrameworks/MultitouchSupport.framework/Versions/A/MultitouchSupport
0x000000000bbdf000 	/System/Library/Frameworks/IOKit.framework/Versions/A/IOKit
0x000000000bbdf000 	/usr/lib/libDiagnosticMessagesClient.dylib
0x000000000bbdf000 	/System/Library/Frameworks/CoreServices.framework/Versions/A/CoreServices
0x000000000bbdf000 	/System/Library/PrivateFrameworks/PerformanceAnalysis.framework/Versions/A/PerformanceAnalysis
0x000000000bbdf000 	/System/Library/PrivateFrameworks/GenerationalStorage.framework/Versions/A/GenerationalStorage
0x000000000bbdf000 	/System/Library/Frameworks/OpenGL.framework/Versions/A/OpenGL
0x000000000bbdf000 	/System/Library/PrivateFrameworks/Sharing.framework/Versions/A/Sharing
0x000000000bbdf000 	/System/Library/Frameworks/CoreGraphics.framework/Versions/A/CoreGraphics
0x000000000bbdf000 	/System/Library/Frameworks/CoreText.framework/Versions/A/CoreText
0x000000000bbdf000 	/System/Library/Frameworks/ImageIO.framework/Versions/A/ImageIO
0x000000000bbdf000 	/usr/lib/libextension.dylib
0x000000000bbdf000 	/System/Library/PrivateFrameworks/Backup.framework/Versions/A/Backup
0x000000000bbdf000 	/usr/lib/libarchive.2.dylib
0x000000000bbdf000 	/System/Library/Frameworks/CFNetwork.framework/Versions/A/CFNetwork
0x000000000bbdf000 	/System/Library/Frameworks/SystemConfiguration.framework/Versions/A/SystemConfiguration
0x000000000bbdf000 	/usr/lib/libCRFSuite.dylib
0x000000000bbdf000 	/usr/lib/libc++.1.dylib
0x000000000bbdf000 	/usr/lib/libc++abi.dylib
0x000000000bbdf000 	/usr/lib/system/libcache.dylib
0x000000000bbdf000 	/usr/lib/system/libcommonCrypto.dylib
0x000000000bbdf000 	/usr/lib/system/libcompiler_rt.dylib
0x000000000bbdf000 	/usr/lib/system/libcopyfile.dylib
0x000000000bbdf000 	/usr/lib/system/libcorecrypto.dylib
0x000000000bbdf000 	/usr/lib/system/libdispatch.dylib
0x000000000bbdf000 	/usr/lib/system/libdyld.dylib
0x000000000bbdf000 	/usr/lib/system/libkeymgr.dylib
0x000000000bbdf000 	/usr/lib/system/liblaunch.dylib
0x000000000bbdf000 	/usr/lib/system/libmacho.dylib
0x000000000bbdf000 	/usr/lib/system/libquarantine.dylib
0x000000000bbdf000 	/usr/lib/system/libremovefile.dylib
0x000000000bbdf000 	/usr/lib/system/libsystem_asl.dylib
0x000000000bbdf000 	/usr/lib/system/libsystem_blocks.dylib
0x000000000bbdf000 	/usr/lib/system/libsystem_c.dylib
0x000000000bbdf000 	/usr/lib/system/libsystem_configuration.dylib
0x000000000bbdf000 	/usr/lib/system/libsystem_coreservices.dylib
0x000000000bbdf000 	/usr/lib/system/libsystem_coretls.dylib
0x000000000bbdf000 	/usr/lib/system/libsystem_dnssd.dylib
0x000000000bbdf000 	/usr/lib/system/libsystem_info.dylib
0x000000000bbdf000 	/usr/lib/system/libsystem_kernel.dylib
0x000000000bbdf000 	/usr/lib/system/libsystem_m.dylib
0x000000000bbdf000 	/usr/lib/system/libsystem_malloc.dylib
0x000000000bbdf000 	/usr/lib/system/libsystem_network.dylib
0x000000000bbdf000 	/usr/lib/system/libsystem_networkextension.dylib
0x000000000bbdf000 	/usr/lib/system/libsystem_notify.dylib
0x000000000bbdf000 	/usr/lib/system/libsystem_platform.dylib
0x000000000bbdf000 	/usr/lib/system/libsystem_pthread.dylib
0x000000000bbdf000 	/usr/lib/system/libsystem_sandbox.dylib
0x000000000bbdf000 	/usr/lib/system/libsystem_secinit.dylib
0x000000000bbdf000 	/usr/lib/system/libsystem_stats.dylib
0x000000000bbdf000 	/usr/lib/system/libsystem_trace.dylib
0x000000000bbdf000 	/usr/lib/system/libunc.dylib
0x000000000bbdf000 	/usr/lib/system/libunwind.dylib
0x000000000bbdf000 	/usr/lib/system/libxpc.dylib
0x000000000bbdf000 	/usr/lib/libbz2.1.0.dylib
0x000000000bbdf000 	/usr/lib/liblzma.5.dylib
0x000000000bbdf000 	/usr/lib/libbsm.0.dylib
0x000000000bbdf000 	/usr/lib/libsqlite3.dylib
0x000000000bbdf000 	/usr/lib/system/libkxld.dylib
0x000000000bbdf000 	/usr/lib/libxar.1.dylib
0x000000000bbdf000 	/usr/lib/libpam.2.dylib
0x000000000bbdf000 	/usr/lib/libOpenScriptingUtil.dylib
0x000000000bbdf000 	/System/Library/Frameworks/CoreServices.framework/Versions/A/Frameworks/FSEvents.framework/Versions/A/FSEvents
0x000000000bbdf000 	/System/Library/Frameworks/CoreServices.framework/Versions/A/Frameworks/CarbonCore.framework/Versions/A/CarbonCore
0x000000000bbdf000 	/System/Library/Frameworks/CoreServices.framework/Versions/A/Frameworks/Metadata.framework/Versions/A/Metadata
0x000000000bbdf000 	/System/Library/Frameworks/CoreServices.framework/Versions/A/Frameworks/OSServices.framework/Versions/A/OSServices
0x000000000bbdf000 	/System/Library/Frameworks/CoreServices.framework/Versions/A/Frameworks/SearchKit.framework/Versions/A/SearchKit
0x000000000bbdf000 	/System/Library/Frameworks/CoreServices.framework/Versions/A/Frameworks/AE.framework/Versions/A/AE
0x000000000bbdf000 	/System/Library/Frameworks/CoreServices.framework/Versions/A/Frameworks/LaunchServices.framework/Versions/A/LaunchServices
0x000000000bbdf000 	/System/Library/Frameworks/CoreServices.framework/Versions/A/Frameworks/DictionaryServices.framework/Versions/A/DictionaryServices
0x000000000bbdf000 	/System/Library/Frameworks/NetFS.framework/Versions/A/NetFS
0x000000000bbdf000 	/System/Library/PrivateFrameworks/NetAuth.framework/Versions/A/NetAuth
0x000000000bbdf000 	/System/Library/PrivateFrameworks/login.framework/Versions/A/Frameworks/loginsupport.framework/Versions/A/loginsupport
0x000000000bbdf000 	/System/Library/PrivateFrameworks/TCC.framework/Versions/A/TCC
0x000000000bbdf000 	/usr/lib/libmecabra.dylib
0x000000000bbdf000 	/System/Library/Frameworks/ApplicationServices.framework/Versions/A/Frameworks/ATS.framework/Versions/A/ATS
0x000000000bbdf000 	/System/Library/Frameworks/ApplicationServices.framework/Versions/A/Frameworks/ColorSync.framework/Versions/A/ColorSync
0x000000000bbdf000 	/System/Library/Frameworks/ApplicationServices.framework/Versions/A/Frameworks/HIServices.framework/Versions/A/HIServices
0x000000000bbdf000 	/System/Library/Frameworks/ApplicationServices.framework/Versions/A/Frameworks/LangAnalysis.framework/Versions/A/LangAnalysis
0x000000000bbdf000 	/System/Library/Frameworks/ApplicationServices.framework/Versions/A/Frameworks/PrintCore.framework/Versions/A/PrintCore
0x000000000bbdf000 	/System/Library/Frameworks/ApplicationServices.framework/Versions/A/Frameworks/QD.framework/Versions/A/QD
0x000000000bbdf000 	/System/Library/Frameworks/ApplicationServices.framework/Versions/A/Frameworks/SpeechSynthesis.framework/Versions/A/SpeechSynthesis
0x000000000bbdf000 	/System/Library/Frameworks/Accelerate.framework/Versions/A/Accelerate
0x000000000bbdf000 	/System/Library/Frameworks/Accelerate.framework/Versions/A/Frameworks/vImage.framework/Versions/A/vImage
0x000000000bbdf000 	/System/Library/Frameworks/Accelerate.framework/Versions/A/Frameworks/vecLib.framework/Versions/A/vecLib
0x000000000bbdf000 	/System/Library/Frameworks/Accelerate.framework/Versions/A/Frameworks/vecLib.framework/Versions/A/libvDSP.dylib
0x000000000bbdf000 	/System/Library/Frameworks/Accelerate.framework/Versions/A/Frameworks/vecLib.framework/Versions/A/libvMisc.dylib
0x000000000bbdf000 	/System/Library/Frameworks/Accelerate.framework/Versions/A/Frameworks/vecLib.framework/Versions/A/libLAPACK.dylib
0x000000000bbdf000 	/System/Library/Frameworks/Accelerate.framework/Versions/A/Frameworks/vecLib.framework/Versions/A/libBLAS.dylib
0x000000000bbdf000 	/System/Library/Frameworks/Accelerate.framework/Versions/A/Frameworks/vecLib.framework/Versions/A/libLinearAlgebra.dylib
0x000000000bbdf000 	/System/Library/Frameworks/ApplicationServices.framework/Versions/A/Frameworks/ATS.framework/Versions/A/Resources/libFontParser.dylib
0x000000000bbdf000 	/System/Library/Frameworks/ApplicationServices.framework/Versions/A/Frameworks/ATS.framework/Versions/A/Resources/libFontRegistry.dylib
0x000000000bbdf000 	/System/Library/PrivateFrameworks/AppleVPA.framework/Versions/A/AppleVPA
0x000000000bbdf000 	/System/Library/PrivateFrameworks/AppleJPEG.framework/Versions/A/AppleJPEG
0x000000000bbdf000 	/System/Library/Frameworks/ImageIO.framework/Versions/A/Resources/libJPEG.dylib
0x000000000bbdf000 	/System/Library/Frameworks/ImageIO.framework/Versions/A/Resources/libTIFF.dylib
0x000000000bbdf000 	/System/Library/Frameworks/ImageIO.framework/Versions/A/Resources/libPng.dylib
0x000000000bbdf000 	/System/Library/Frameworks/ImageIO.framework/Versions/A/Resources/libGIF.dylib
0x000000000bbdf000 	/System/Library/Frameworks/ImageIO.framework/Versions/A/Resources/libJP2.dylib
0x000000000bbdf000 	/System/Library/Frameworks/ImageIO.framework/Versions/A/Resources/libRadiance.dylib
0x000000000bbdf000 	/System/Library/Frameworks/CoreVideo.framework/Versions/A/CoreVideo
0x000000000bbdf000 	/System/Library/Frameworks/OpenGL.framework/Versions/A/Libraries/libGLU.dylib
0x000000000bbdf000 	/System/Library/Frameworks/OpenGL.framework/Versions/A/Libraries/libGFXShared.dylib
0x000000000bbdf000 	/System/Library/Frameworks/OpenGL.framework/Versions/A/Libraries/libGL.dylib
0x000000000bbdf000 	/System/Library/Frameworks/OpenGL.framework/Versions/A/Libraries/libGLImage.dylib
0x000000000bbdf000 	/System/Library/Frameworks/OpenGL.framework/Versions/A/Libraries/libCVMSPluginSupport.dylib
0x000000000bbdf000 	/System/Library/Frameworks/OpenGL.framework/Versions/A/Libraries/libCoreVMClient.dylib
0x000000000bbdf000 	/usr/lib/libcups.2.dylib
0x000000000bbdf000 	/System/Library/Frameworks/Kerberos.framework/Versions/A/Kerberos
0x000000000bbdf000 	/System/Library/Frameworks/GSS.framework/Versions/A/GSS
0x000000000bbdf000 	/usr/lib/libresolv.9.dylib
0x000000000bbdf000 	/usr/lib/libiconv.2.dylib
0x000000000bbdf000 	/System/Library/PrivateFrameworks/Heimdal.framework/Versions/A/Heimdal
0x000000000bbdf000 	/usr/lib/libheimdal-asn1.dylib
0x000000000bbdf000 	/System/Library/Frameworks/OpenDirectory.framework/Versions/A/OpenDirectory
0x000000000bbdf000 	/System/Library/PrivateFrameworks/CommonAuth.framework/Versions/A/CommonAuth
0x000000000bbdf000 	/System/Library/Frameworks/OpenDirectory.framework/Versions/A/Frameworks/CFOpenDirectory.framework/Versions/A/CFOpenDirectory
0x000000000bbdf000 	/System/Library/Frameworks/SecurityFoundation.framework/Versions/A/SecurityFoundation
0x000000000bbdf000 	/System/Library/PrivateFrameworks/LanguageModeling.framework/Versions/A/LanguageModeling
0x000000000bbdf000 	/usr/lib/libcmph.dylib
0x000000000bbdf000 	/System/Library/Frameworks/ServiceManagement.framework/Versions/A/ServiceManagement
0x000000000bbdf000 	/usr/lib/libxslt.1.dylib
0x000000000bbdf000 	/System/Library/Frameworks/Carbon.framework/Versions/A/Frameworks/Ink.framework/Versions/A/Ink
0x000000000bbdf000 	/System/Library/Frameworks/QuartzCore.framework/Versions/A/Frameworks/CoreImage.framework/Versions/A/CoreImage
0x000000000bbdf000 	/System/Library/PrivateFrameworks/CrashReporterSupport.framework/Versions/A/CrashReporterSupport
0x000000000bbdf000 	/System/Library/Frameworks/OpenCL.framework/Versions/A/OpenCL
0x000000000bbdf000 	/System/Library/PrivateFrameworks/FaceCore.framework/Versions/A/FaceCore
0x000000000bbdf000 	/System/Library/PrivateFrameworks/Ubiquity.framework/Versions/A/Ubiquity
0x000000000bbdf000 	/System/Library/PrivateFrameworks/IconServices.framework/Versions/A/IconServices
0x000000000bbdf000 	/System/Library/PrivateFrameworks/ChunkingLibrary.framework/Versions/A/ChunkingLibrary
0x000000000bbdf000 	/System/Library/PrivateFrameworks/Apple80211.framework/Versions/A/Apple80211
0x000000000bbdf000 	/System/Library/Frameworks/CoreWLAN.framework/Versions/A/CoreWLAN
0x000000000bbdf000 	/System/Library/Frameworks/IOBluetooth.framework/Versions/A/IOBluetooth
0x000000000bbdf000 	/System/Library/PrivateFrameworks/CoreWiFi.framework/Versions/A/CoreWiFi
0x000000000bbdf000 	/System/Library/Frameworks/CoreBluetooth.framework/Versions/A/CoreBluetooth
0x000000000bbdf000 	/System/Library/PrivateFrameworks/DebugSymbols.framework/Versions/A/DebugSymbols
0x000000000bbdf000 	/System/Library/PrivateFrameworks/CoreSymbolication.framework/Versions/A/CoreSymbolication
0x000000000bbdf000 	/System/Library/PrivateFrameworks/Symbolication.framework/Versions/A/Symbolication
0x000000000bbdf000 	/System/Library/PrivateFrameworks/SpeechRecognitionCore.framework/Versions/A/SpeechRecognitionCore
0x0000000104400000 	/Library/Java/JavaVirtualMachines/jdk1.8.0_25.jdk/Contents/Home/jre/lib/server/libjvm.dylib
0x000000000bbdf000 	/usr/lib/libstdc++.6.dylib
0x0000000103b77000 	/Library/Java/JavaVirtualMachines/jdk1.8.0_25.jdk/Contents/Home/jre/lib/libverify.dylib
0x0000000103b85000 	/Library/Java/JavaVirtualMachines/jdk1.8.0_25.jdk/Contents/Home/jre/lib/libjava.dylib
0x0000000103bc3000 	/Library/Java/JavaVirtualMachines/jdk1.8.0_25.jdk/Contents/Home/jre/lib/libzip.dylib
0x000000011b46b000 	/System/Library/Frameworks/JavaVM.framework/Frameworks/JavaRuntimeSupport.framework/JavaRuntimeSupport
0x000000011b481000 	/System/Library/Frameworks/JavaVM.framework/Versions/A/Frameworks/JavaNativeFoundation.framework/Versions/A/JavaNativeFoundation
0x000000011b495000 	/System/Library/Frameworks/JavaVM.framework/Versions/A/JavaVM
0x000000000bbdf000 	/System/Library/Frameworks/Carbon.framework/Versions/A/Carbon
0x0000000103bf5000 	/System/Library/PrivateFrameworks/JavaLaunching.framework/Versions/A/JavaLaunching
0x000000000bbdf000 	/System/Library/Frameworks/Carbon.framework/Versions/A/Frameworks/CommonPanels.framework/Versions/A/CommonPanels
0x000000000bbdf000 	/System/Library/Frameworks/Carbon.framework/Versions/A/Frameworks/Help.framework/Versions/A/Help
0x000000000bbdf000 	/System/Library/Frameworks/Carbon.framework/Versions/A/Frameworks/ImageCapture.framework/Versions/A/ImageCapture
0x000000000bbdf000 	/System/Library/Frameworks/Carbon.framework/Versions/A/Frameworks/OpenScripting.framework/Versions/A/OpenScripting
0x000000000bbdf000 	/System/Library/Frameworks/Carbon.framework/Versions/A/Frameworks/Print.framework/Versions/A/Print
0x000000000bbdf000 	/System/Library/Frameworks/Carbon.framework/Versions/A/Frameworks/SecurityHI.framework/Versions/A/SecurityHI
0x000000011d42e000 	/Applications/IntelliJ IDEA 14.app/Contents/bin/libbreakgen64.jnilib
0x000000011d5c0000 	/Library/Java/JavaVirtualMachines/jdk1.8.0_25.jdk/Contents/Home/jre/lib/libnet.dylib
0x000000011d825000 	/Library/Java/JavaVirtualMachines/jdk1.8.0_25.jdk/Contents/Home/jre/lib/libprism_es2.dylib
0x000000000bbdf000 	/System/Library/Frameworks/OpenGL.framework/Versions/A/Resources/GLEngine.bundle/GLEngine
0x000000000bbdf000 	/System/Library/Frameworks/OpenGL.framework/Versions/A/Libraries/libGLProgrammability.dylib
0x0000000000000000 	/System/Library/Extensions/AppleIntelHD5000GraphicsGLDriver.bundle/Contents/MacOS/AppleIntelHD5000GraphicsGLDriver
0x000000000bbdf000 	/System/Library/PrivateFrameworks/IOAccelerator.framework/Versions/A/IOAccelerator
0x000000000bbdf000 	/System/Library/PrivateFrameworks/GPUSupport.framework/Versions/A/Libraries/libGPUSupportMercury.dylib
0x000000000bbdf000 	/System/Library/Frameworks/OpenGL.framework/Versions/A/Resources/GLRendererFloat.bundle/GLRendererFloat
0x000000000bbdf000 	/System/Library/Frameworks/OpenCL.framework/Versions/A/Libraries/libcldcpuengine.dylib
0x000000000bbdf000 	/System/Library/PrivateFrameworks/DiskImages.framework/Versions/A/DiskImages
0x000000000bbdf000 	/System/Library/Frameworks/DiscRecording.framework/Versions/A/DiscRecording
0x000000000bbdf000 	/usr/lib/libcsfde.dylib
0x000000000bbdf000 	/usr/lib/libcurl.4.dylib
0x000000000bbdf000 	/System/Library/PrivateFrameworks/MediaKit.framework/Versions/A/MediaKit
0x000000000bbdf000 	/System/Library/PrivateFrameworks/ProtectedCloudStorage.framework/Versions/A/ProtectedCloudStorage
0x000000000bbdf000 	/usr/lib/libCoreStorage.dylib
0x000000000bbdf000 	/System/Library/PrivateFrameworks/EFILogin.framework/Versions/A/EFILogin
0x000000000bbdf000 	/usr/lib/libutil.dylib
0x000000000bbdf000 	/System/Library/PrivateFrameworks/FindMyDevice.framework/Versions/A/FindMyDevice
0x000000000bbdf000 	/System/Library/Frameworks/LDAP.framework/Versions/A/LDAP
0x000000000bbdf000 	/usr/lib/libsasl2.2.dylib
0x000000000bbdf000 	/System/Library/PrivateFrameworks/CoreDaemon.framework/Versions/B/CoreDaemon
0x000000000bbdf000 	/usr/lib/libcrypto.0.9.8.dylib
0x000000000bbdf000 	/System/Library/PrivateFrameworks/AppleSRP.framework/Versions/A/AppleSRP
0x000000000bbdf000 	/System/Library/PrivateFrameworks/TrustEvaluationAgent.framework/Versions/A/TrustEvaluationAgent
0x000000011dcd2000 	/Library/Java/JavaVirtualMachines/jdk1.8.0_25.jdk/Contents/Home/jre/lib/libglass.dylib
0x000000000bbdf000 	/System/Library/PrivateFrameworks/CoreServicesInternal.framework/Versions/A/CoreServicesInternal
0x000000000bbdf000 	/System/Library/PrivateFrameworks/CloudDocs.framework/Versions/A/CloudDocs
0x000000000bbdf000 	/System/Library/PrivateFrameworks/CoreDuet.framework/Versions/A/CoreDuet
0x000000000bbdf000 	/System/Library/Frameworks/CloudKit.framework/Versions/A/CloudKit
0x000000000bbdf000 	/System/Library/PrivateFrameworks/ProtocolBuffer.framework/Versions/A/ProtocolBuffer
0x000000000bbdf000 	/System/Library/PrivateFrameworks/CoreDuetDaemonProtocol.framework/Versions/A/CoreDuetDaemonProtocol
0x000000000bbdf000 	/System/Library/PrivateFrameworks/CoreDuetDebugLogging.framework/Versions/A/CoreDuetDebugLogging
0x000000000bbdf000 	/System/Library/Frameworks/CoreLocation.framework/Versions/A/CoreLocation
0x000000000bbdf000 	/System/Library/Frameworks/Accounts.framework/Versions/A/Accounts
0x000000000bbdf000 	/System/Library/PrivateFrameworks/ApplePushService.framework/Versions/A/ApplePushService
0x000000000bbdf000 	/System/Library/PrivateFrameworks/GeoServices.framework/Versions/A/GeoServices
0x000000000bbdf000 	/System/Library/PrivateFrameworks/OAuth.framework/Versions/A/OAuth
0x000000000bbdf000 	/System/Library/Frameworks/CoreGraphics.framework/Versions/A/Resources/libCGCMS.A.dylib
0x000000000bbdf000 	/System/Library/CoreServices/RawCamera.bundle/Contents/MacOS/RawCamera
0x000000000bbdf000 	/System/Library/Frameworks/CoreGraphics.framework/Versions/A/Resources/libRIP.A.dylib
0x000000000bbdf000 	/System/Library/PrivateFrameworks/FamilyControls.framework/Versions/A/FamilyControls
0x000000000bbdf000 	/System/Library/PrivateFrameworks/CommerceKit.framework/Versions/A/Frameworks/CommerceCore.framework/Versions/A/CommerceCore
0x000000000bbdf000 	/System/Library/PrivateFrameworks/SystemAdministration.framework/Versions/A/SystemAdministration
0x000000000bbdf000 	/System/Library/PrivateFrameworks/AppContainer.framework/Versions/A/AppContainer
0x000000000bbdf000 	/System/Library/PrivateFrameworks/SecCodeWrapper.framework/Versions/A/SecCodeWrapper
0x000000000bbdf000 	/System/Library/Frameworks/DirectoryService.framework/Versions/A/DirectoryService
0x000000000bbdf000 	/System/Library/PrivateFrameworks/LoginUIKit.framework/Versions/A/Frameworks/LoginUICore.framework/Versions/A/LoginUICore
0x000000000bbdf000 	/usr/lib/libodfde.dylib
0x0000000121459000 	/Library/Java/JavaVirtualMachines/jdk1.8.0_25.jdk/Contents/Home/jre/lib/libjavafx_font.dylib
0x000000000bbdf000 	/System/Library/Frameworks/CoreGraphics.framework/Versions/A/Resources/libCGXType.A.dylib
0x000000011f6bb000 	/Library/Java/JavaVirtualMachines/jdk1.8.0_25.jdk/Contents/Home/jre/lib/libnio.dylib
0x000000011f665000 	cl_kernels
0x000000012474f000 	/System/Library/Frameworks/OpenCL.framework/Versions/A/Libraries/ImageFormats/unorm8_bgra.dylib
0x000000011f657000 	cl_kernels
0x000000011f684000 	/Library/Java/JavaVirtualMachines/jdk1.8.0_25.jdk/Contents/Home/jre/lib/libprism_common.dylib

VM Arguments:
jvm_args: -Didea.launcher.port=7534 -Didea.launcher.bin.path=/Applications/IntelliJ IDEA 14.app/Contents/bin -Dfile.encoding=UTF-8 
java_command: com.intellij.rt.execution.application.AppMain synergy.newViews.Main
java_class_path (initial): /Library/Java/JavaVirtualMachines/jdk1.8.0_25.jdk/Contents/Home/lib/ant-javafx.jar:/Library/Java/JavaVirtualMachines/jdk1.8.0_25.jdk/Contents/Home/lib/dt.jar:/Library/Java/JavaVirtualMachines/jdk1.8.0_25.jdk/Contents/Home/lib/javafx-mx.jar:/Library/Java/JavaVirtualMachines/jdk1.8.0_25.jdk/Contents/Home/lib/jconsole.jar:/Library/Java/JavaVirtualMachines/jdk1.8.0_25.jdk/Contents/Home/lib/sa-jdi.jar:/Library/Java/JavaVirtualMachines/jdk1.8.0_25.jdk/Contents/Home/lib/tools.jar:/Library/Java/JavaVirtualMachines/jdk1.8.0_25.jdk/Contents/Home/jre/lib/charsets.jar:/Library/Java/JavaVirtualMachines/jdk1.8.0_25.jdk/Contents/Home/jre/lib/deploy.jar:/Library/Java/JavaVirtualMachines/jdk1.8.0_25.jdk/Contents/Home/jre/lib/javaws.jar:/Library/Java/JavaVirtualMachines/jdk1.8.0_25.jdk/Contents/Home/jre/lib/jce.jar:/Library/Java/JavaVirtualMachines/jdk1.8.0_25.jdk/Contents/Home/jre/lib/jfr.jar:/Library/Java/JavaVirtualMachines/jdk1.8.0_25.jdk/Contents/Home/jre/lib/jfxswt.jar:/Library/Java/JavaVirtualMachines/jdk1.8.0_25.jdk/Contents/Home/jre/lib/jsse.jar:/Library/Java/JavaVirtualMachines/jdk1.8.0_25.jdk/Contents/Home/jre/lib/management-agent.jar:/Library/Java/JavaVirtualMachines/jdk1.8.0_25.jdk/Contents/Home/jre/lib/plugin.jar:/Library/Java/JavaVirtualMachines/jdk1.8.0_25.jdk/Contents/Home/jre/lib/resources.jar:/Library/Java/JavaVirtualMachines/jdk1.8.0_25.jdk/Contents/Home/jre/lib/rt.jar:/Library/Java/JavaVirtualMachines/jdk1.8.0_25.jdk/Contents/Home/jre/lib/ext/cldrdata.jar:/Library/Java/JavaVirtualMachines/jdk1.8.0_25.jdk/Contents/Home/jre/lib/ext/dnsns.jar:/Library/Java/JavaVirtualMachines/jdk1.8.0_25.jdk/Contents/Home/jre/lib/ext/jfxrt.jar:/Library/Java/JavaVirtualMachines/jdk1.8.0_25.jdk/Contents/Home/jre/lib/ext/localedata.jar:/Library/Java/JavaVirtualMachines/jdk1.8.0_25.jdk/Contents/Home/jre/lib/ext/nashorn.jar:/Library/Java/JavaVirtualMachines/jdk1.8.0_25.jdk/Contents/Home/jre/lib/ext/sunec.jar:/Library/Java/JavaVirtualMachines/jdk1.8.0_25.jdk/C
Launcher Type: SUN_STANDARD

Environment Variables:
JAVA_HOME=/Library/Java/JavaVirtualMachines/jdk1.8.0_25.jdk/Contents/Home
PATH=/Applications/SWI-Prolog.app/Contents/MacOS:/usr/local/bin:/usr/bin:/bin:/usr/sbin:/sbin:/opt/X11/bin
SHELL=/bin/bash
DISPLAY=/private/tmp/com.apple.launchd.XWZ37F6AZ3/org.macosforge.xquartz:0

Signal Handlers:
SIGSEGV: [libjvm.dylib+0x579dc7], sa_mask[0]=11111111011111110111111111111111, sa_flags=SA_ONSTACK|SA_RESTART|SA_SIGINFO
SIGBUS: [libjvm.dylib+0x579dc7], sa_mask[0]=11111111011111110111111111111111, sa_flags=SA_RESTART|SA_SIGINFO
SIGFPE: [libjvm.dylib+0x45b030], sa_mask[0]=11111111011111110111111111111111, sa_flags=SA_RESTART|SA_SIGINFO
SIGPIPE: [libjvm.dylib+0x45b030], sa_mask[0]=11111111011111110111111111111111, sa_flags=SA_RESTART|SA_SIGINFO
SIGXFSZ: [libjvm.dylib+0x45b030], sa_mask[0]=11111111011111110111111111111111, sa_flags=SA_RESTART|SA_SIGINFO
SIGILL: [libjvm.dylib+0x45b030], sa_mask[0]=11111111011111110111111111111111, sa_flags=SA_RESTART|SA_SIGINFO
SIGUSR1: SIG_DFL, sa_mask[0]=00000000000000000000000000000000, sa_flags=none
SIGUSR2: [libjvm.dylib+0x45ab4e], sa_mask[0]=00100000000000000000000000000000, sa_flags=SA_RESTART|SA_SIGINFO
SIGHUP: [libjvm.dylib+0x459121], sa_mask[0]=11111111011111110111111111111111, sa_flags=SA_RESTART|SA_SIGINFO
SIGINT: [libjvm.dylib+0x459121], sa_mask[0]=11111111011111110111111111111111, sa_flags=SA_RESTART|SA_SIGINFO
SIGTERM: [libjvm.dylib+0x459121], sa_mask[0]=11111111011111110111111111111111, sa_flags=SA_RESTART|SA_SIGINFO
SIGQUIT: [libjvm.dylib+0x459121], sa_mask[0]=11111111011111110111111111111111, sa_flags=SA_RESTART|SA_SIGINFO


---------------  S Y S T E M  ---------------

OS:Bsduname:Darwin 14.1.0 Darwin Kernel Version 14.1.0: Mon Dec 22 23:10:38 PST 2014; root:xnu-2782.10.72~2/RELEASE_X86_64 x86_64
rlimit: STACK 8192k, CORE 0k, NPROC 709, NOFILE 10240, AS infinity
load average:7.25 5.82 4.76

CPU:total 4 (2 cores per cpu, 2 threads per core) family 6 model 69 stepping 1, cmov, cx8, fxsr, mmx, sse, sse2, sse3, ssse3, sse4.1, sse4.2, popcnt, avx, avx2, aes, clmul, erms, lzcnt, ht, tsc, tscinvbit, bmi1, bmi2

Memory: 4k page, physical 8388608k(500600k free)

/proc/meminfo:


vm_info: Java HotSpot(TM) 64-Bit Server VM (25.25-b02) for bsd-amd64 JRE (1.8.0_25-b17), built on Sep 17 2014 16:56:50 by "java_re" with gcc 4.2.1 (Based on Apple Inc. build 5658) (LLVM build 2336.11.00)

time: Sun Mar  8 10:03:35 2015
elapsed time: 221 seconds (0d 0h 3m 41s)

